ARM GAS  C:\Users\Runeg\AppData\Local\Temp\ccUFCK3K.s 			page 1


   1              		.syntax unified
   2              		.cpu cortex-m3
   3              		.fpu softvfp
   4              		.eabi_attribute 20, 1
   5              		.eabi_attribute 21, 1
   6              		.eabi_attribute 23, 3
   7              		.eabi_attribute 24, 1
   8              		.eabi_attribute 25, 1
   9              		.eabi_attribute 26, 1
  10              		.eabi_attribute 30, 1
  11              		.eabi_attribute 34, 1
  12              		.eabi_attribute 18, 4
  13              		.thumb
  14              		.syntax unified
  15              		.file	"cymetadata.c"
  16              		.text
  17              	.Ltext0:
  18              		.cfi_sections	.debug_frame
  19              		.global	cy_metadata
  20              		.global	cy_meta_flashprotect
  21              		.global	cy_meta_wonvl
  22              		.global	cy_meta_custnvl
  23              		.global	cy_meta_configecc
  24              		.section	.cyconfigecc,"a",%progbits
  25              		.align	2
  26              		.type	cy_meta_configecc, %object
  27              		.size	cy_meta_configecc, 1080
  28              	cy_meta_configecc:
  29 0000 01       		.byte	1
  30 0001 5B       		.byte	91
  31 0002 00       		.byte	0
  32 0003 40       		.byte	64
  33 0004 01       		.byte	1
  34 0005 64       		.byte	100
  35 0006 00       		.byte	0
  36 0007 40       		.byte	64
  37 0008 02       		.byte	2
  38 0009 65       		.byte	101
  39 000a 00       		.byte	0
  40 000b 40       		.byte	64
  41 000c 01       		.byte	1
  42 000d 07       		.byte	7
  43 000e 01       		.byte	1
  44 000f 40       		.byte	64
  45 0010 54       		.byte	84
  46 0011 08       		.byte	8
  47 0012 01       		.byte	1
  48 0013 40       		.byte	64
  49 0014 32       		.byte	50
  50 0015 09       		.byte	9
  51 0016 01       		.byte	1
  52 0017 40       		.byte	64
  53 0018 02       		.byte	2
  54 0019 15       		.byte	21
  55 001a 01       		.byte	1
  56 001b 40       		.byte	64
  57 001c 4F       		.byte	79
ARM GAS  C:\Users\Runeg\AppData\Local\Temp\ccUFCK3K.s 			page 2


  58 001d 18       		.byte	24
  59 001e 01       		.byte	1
  60 001f 40       		.byte	64
  61 0020 47       		.byte	71
  62 0021 19       		.byte	25
  63 0022 01       		.byte	1
  64 0023 40       		.byte	64
  65 0024 52       		.byte	82
  66 0025 1A       		.byte	26
  67 0026 01       		.byte	1
  68 0027 40       		.byte	64
  69 0028 44       		.byte	68
  70 0029 1B       		.byte	27
  71 002a 01       		.byte	1
  72 002b 40       		.byte	64
  73 002c 03       		.byte	3
  74 002d 40       		.byte	64
  75 002e 01       		.byte	1
  76 002f 40       		.byte	64
  77 0030 02       		.byte	2
  78 0031 41       		.byte	65
  79 0032 01       		.byte	1
  80 0033 40       		.byte	64
  81 0034 02       		.byte	2
  82 0035 42       		.byte	66
  83 0036 01       		.byte	1
  84 0037 40       		.byte	64
  85 0038 04       		.byte	4
  86 0039 43       		.byte	67
  87 003a 01       		.byte	1
  88 003b 40       		.byte	64
  89 003c 03       		.byte	3
  90 003d 48       		.byte	72
  91 003e 01       		.byte	1
  92 003f 40       		.byte	64
  93 0040 03       		.byte	3
  94 0041 49       		.byte	73
  95 0042 01       		.byte	1
  96 0043 40       		.byte	64
  97 0044 07       		.byte	7
  98 0045 4C       		.byte	76
  99 0046 01       		.byte	1
 100 0047 40       		.byte	64
 101 0048 0A       		.byte	10
 102 0049 4D       		.byte	77
 103 004a 01       		.byte	1
 104 004b 40       		.byte	64
 105 004c 04       		.byte	4
 106 004d 50       		.byte	80
 107 004e 01       		.byte	1
 108 004f 40       		.byte	64
 109 0050 01       		.byte	1
 110 0051 51       		.byte	81
 111 0052 01       		.byte	1
 112 0053 40       		.byte	64
 113 0054 2F       		.byte	47
 114 0055 84       		.byte	-124
ARM GAS  C:\Users\Runeg\AppData\Local\Temp\ccUFCK3K.s 			page 3


 115 0056 88       		.byte	-120
 116 0057 38       		.byte	56
 117 0058 88       		.byte	-120
 118 0059 72       		.byte	114
 119 005a 89       		.byte	-119
 120 005b 0F       		.byte	15
 121 005c E6       		.byte	-26
 122 005d 02       		.byte	2
 123 005e 00       		.byte	0
 124 005f 04       		.byte	4
 125 0060 01       		.byte	1
 126 0061 13       		.byte	19
 127 0062 03       		.byte	3
 128 0063 60       		.byte	96
 129 0064 04       		.byte	4
 130 0065 06       		.byte	6
 131 0066 05       		.byte	5
 132 0067 03       		.byte	3
 133 0068 08       		.byte	8
 134 0069 02       		.byte	2
 135 006a 09       		.byte	9
 136 006b 7C       		.byte	124
 137 006c 0D       		.byte	13
 138 006d 03       		.byte	3
 139 006e 10       		.byte	16
 140 006f 01       		.byte	1
 141 0070 12       		.byte	18
 142 0071 06       		.byte	6
 143 0072 13       		.byte	19
 144 0073 03       		.byte	3
 145 0074 15       		.byte	21
 146 0075 4A       		.byte	74
 147 0076 17       		.byte	23
 148 0077 14       		.byte	20
 149 0078 18       		.byte	24
 150 0079 07       		.byte	7
 151 007a 1B       		.byte	27
 152 007b 03       		.byte	3
 153 007c 1C       		.byte	28
 154 007d 07       		.byte	7
 155 007e 21       		.byte	33
 156 007f 25       		.byte	37
 157 0080 23       		.byte	35
 158 0081 18       		.byte	24
 159 0082 25       		.byte	37
 160 0083 7C       		.byte	124
 161 0084 28       		.byte	40
 162 0085 06       		.byte	6
 163 0086 2A       		.byte	42
 164 0087 01       		.byte	1
 165 0088 2E       		.byte	46
 166 0089 01       		.byte	1
 167 008a 2F       		.byte	47
 168 008b 03       		.byte	3
 169 008c 31       		.byte	49
 170 008d 70       		.byte	112
 171 008e 33       		.byte	51
ARM GAS  C:\Users\Runeg\AppData\Local\Temp\ccUFCK3K.s 			page 4


 172 008f 0C       		.byte	12
 173 0090 36       		.byte	54
 174 0091 07       		.byte	7
 175 0092 37       		.byte	55
 176 0093 03       		.byte	3
 177 0094 54       		.byte	84
 178 0095 18       		.byte	24
 179 0096 56       		.byte	86
 180 0097 04       		.byte	4
 181 0098 58       		.byte	88
 182 0099 04       		.byte	4
 183 009a 59       		.byte	89
 184 009b 04       		.byte	4
 185 009c 5B       		.byte	91
 186 009d 04       		.byte	4
 187 009e 5C       		.byte	92
 188 009f 11       		.byte	17
 189 00a0 5D       		.byte	93
 190 00a1 10       		.byte	16
 191 00a2 5F       		.byte	95
 192 00a3 01       		.byte	1
 193 00a4 86       		.byte	-122
 194 00a5 03       		.byte	3
 195 00a6 87       		.byte	-121
 196 00a7 15       		.byte	21
 197 00a8 8C       		.byte	-116
 198 00a9 1C       		.byte	28
 199 00aa 8D       		.byte	-115
 200 00ab 2A       		.byte	42
 201 00ac 8E       		.byte	-114
 202 00ad 02       		.byte	2
 203 00ae 8F       		.byte	-113
 204 00af 04       		.byte	4
 205 00b0 90       		.byte	-112
 206 00b1 0C       		.byte	12
 207 00b2 92       		.byte	-110
 208 00b3 11       		.byte	17
 209 00b4 95       		.byte	-107
 210 00b5 03       		.byte	3
 211 00b6 97       		.byte	-105
 212 00b7 04       		.byte	4
 213 00b8 98       		.byte	-104
 214 00b9 10       		.byte	16
 215 00ba 99       		.byte	-103
 216 00bb 33       		.byte	51
 217 00bc 9A       		.byte	-102
 218 00bd 0C       		.byte	12
 219 00be 9B       		.byte	-101
 220 00bf 0C       		.byte	12
 221 00c0 9C       		.byte	-100
 222 00c1 09       		.byte	9
 223 00c2 9E       		.byte	-98
 224 00c3 10       		.byte	16
 225 00c4 A0       		.byte	-96
 226 00c5 10       		.byte	16
 227 00c6 A3       		.byte	-93
 228 00c7 08       		.byte	8
ARM GAS  C:\Users\Runeg\AppData\Local\Temp\ccUFCK3K.s 			page 5


 229 00c8 A4       		.byte	-92
 230 00c9 14       		.byte	20
 231 00ca A9       		.byte	-87
 232 00cb 40       		.byte	64
 233 00cc AD       		.byte	-83
 234 00cd 33       		.byte	51
 235 00ce AF       		.byte	-81
 236 00cf 04       		.byte	4
 237 00d0 B1       		.byte	-79
 238 00d1 40       		.byte	64
 239 00d2 B3       		.byte	-77
 240 00d3 30       		.byte	48
 241 00d4 B4       		.byte	-76
 242 00d5 1F       		.byte	31
 243 00d6 B5       		.byte	-75
 244 00d7 0F       		.byte	15
 245 00d8 B9       		.byte	-71
 246 00d9 08       		.byte	8
 247 00da BB       		.byte	-69
 248 00db 20       		.byte	32
 249 00dc BF       		.byte	-65
 250 00dd 05       		.byte	5
 251 00de C0       		.byte	-64
 252 00df 03       		.byte	3
 253 00e0 C6       		.byte	-58
 254 00e1 04       		.byte	4
 255 00e2 C9       		.byte	-55
 256 00e3 FF       		.byte	-1
 257 00e4 CA       		.byte	-54
 258 00e5 07       		.byte	7
 259 00e6 CB       		.byte	-53
 260 00e7 FF       		.byte	-1
 261 00e8 CC       		.byte	-52
 262 00e9 40       		.byte	64
 263 00ea CD       		.byte	-51
 264 00eb 20       		.byte	32
 265 00ec CE       		.byte	-50
 266 00ed F0       		.byte	-16
 267 00ee CF       		.byte	-49
 268 00ef 05       		.byte	5
 269 00f0 D0       		.byte	-48
 270 00f1 08       		.byte	8
 271 00f2 D8       		.byte	-40
 272 00f3 04       		.byte	4
 273 00f4 D9       		.byte	-39
 274 00f5 04       		.byte	4
 275 00f6 DA       		.byte	-38
 276 00f7 04       		.byte	4
 277 00f8 DC       		.byte	-36
 278 00f9 11       		.byte	17
 279 00fa DD       		.byte	-35
 280 00fb 01       		.byte	1
 281 00fc DF       		.byte	-33
 282 00fd 01       		.byte	1
 283 00fe E0       		.byte	-32
 284 00ff 40       		.byte	64
 285 0100 E1       		.byte	-31
ARM GAS  C:\Users\Runeg\AppData\Local\Temp\ccUFCK3K.s 			page 6


 286 0101 A8       		.byte	-88
 287 0102 E2       		.byte	-30
 288 0103 40       		.byte	64
 289 0104 E3       		.byte	-29
 290 0105 20       		.byte	32
 291 0106 00       		.byte	0
 292 0107 44       		.byte	68
 293 0108 05       		.byte	5
 294 0109 24       		.byte	36
 295 010a 06       		.byte	6
 296 010b 80       		.byte	-128
 297 010c 08       		.byte	8
 298 010d 42       		.byte	66
 299 010e 09       		.byte	9
 300 010f 20       		.byte	32
 301 0110 0E       		.byte	14
 302 0111 42       		.byte	66
 303 0112 0F       		.byte	15
 304 0113 04       		.byte	4
 305 0114 10       		.byte	16
 306 0115 A0       		.byte	-96
 307 0116 15       		.byte	21
 308 0117 40       		.byte	64
 309 0118 17       		.byte	23
 310 0119 10       		.byte	16
 311 011a 18       		.byte	24
 312 011b 04       		.byte	4
 313 011c 19       		.byte	25
 314 011d 10       		.byte	16
 315 011e 1F       		.byte	31
 316 011f 40       		.byte	64
 317 0120 21       		.byte	33
 318 0121 34       		.byte	52
 319 0122 22       		.byte	34
 320 0123 01       		.byte	1
 321 0124 24       		.byte	36
 322 0125 20       		.byte	32
 323 0126 25       		.byte	37
 324 0127 01       		.byte	1
 325 0128 26       		.byte	38
 326 0129 04       		.byte	4
 327 012a 27       		.byte	39
 328 012b 42       		.byte	66
 329 012c 28       		.byte	40
 330 012d 42       		.byte	66
 331 012e 29       		.byte	41
 332 012f 92       		.byte	-110
 333 0130 2D       		.byte	45
 334 0131 40       		.byte	64
 335 0132 2E       		.byte	46
 336 0133 02       		.byte	2
 337 0134 2F       		.byte	47
 338 0135 20       		.byte	32
 339 0136 30       		.byte	48
 340 0137 08       		.byte	8
 341 0138 31       		.byte	49
 342 0139 20       		.byte	32
ARM GAS  C:\Users\Runeg\AppData\Local\Temp\ccUFCK3K.s 			page 7


 343 013a 36       		.byte	54
 344 013b 05       		.byte	5
 345 013c 37       		.byte	55
 346 013d 10       		.byte	16
 347 013e 38       		.byte	56
 348 013f 48       		.byte	72
 349 0140 3D       		.byte	61
 350 0141 22       		.byte	34
 351 0142 3E       		.byte	62
 352 0143 40       		.byte	64
 353 0144 3F       		.byte	63
 354 0145 04       		.byte	4
 355 0146 41       		.byte	65
 356 0147 04       		.byte	4
 357 0148 50       		.byte	80
 358 0149 84       		.byte	-124
 359 014a 53       		.byte	83
 360 014b 04       		.byte	4
 361 014c 58       		.byte	88
 362 014d 08       		.byte	8
 363 014e 5B       		.byte	91
 364 014f 04       		.byte	4
 365 0150 5F       		.byte	95
 366 0151 02       		.byte	2
 367 0152 64       		.byte	100
 368 0153 09       		.byte	9
 369 0154 67       		.byte	103
 370 0155 40       		.byte	64
 371 0156 87       		.byte	-121
 372 0157 40       		.byte	64
 373 0158 C0       		.byte	-64
 374 0159 75       		.byte	117
 375 015a C2       		.byte	-62
 376 015b DB       		.byte	-37
 377 015c C4       		.byte	-60
 378 015d CC       		.byte	-52
 379 015e CA       		.byte	-54
 380 015f DD       		.byte	-35
 381 0160 CC       		.byte	-52
 382 0161 E6       		.byte	-26
 383 0162 CE       		.byte	-50
 384 0163 FA       		.byte	-6
 385 0164 D0       		.byte	-48
 386 0165 02       		.byte	2
 387 0166 D6       		.byte	-42
 388 0167 80       		.byte	-128
 389 0168 D8       		.byte	-40
 390 0169 B0       		.byte	-80
 391 016a E8       		.byte	-24
 392 016b 10       		.byte	16
 393 016c EE       		.byte	-18
 394 016d 08       		.byte	8
 395 016e 00       		.byte	0
 396 016f 03       		.byte	3
 397 0170 02       		.byte	2
 398 0171 10       		.byte	16
 399 0172 03       		.byte	3
ARM GAS  C:\Users\Runeg\AppData\Local\Temp\ccUFCK3K.s 			page 8


 400 0173 04       		.byte	4
 401 0174 04       		.byte	4
 402 0175 01       		.byte	1
 403 0176 06       		.byte	6
 404 0177 20       		.byte	32
 405 0178 08       		.byte	8
 406 0179 02       		.byte	2
 407 017a 0A       		.byte	10
 408 017b 20       		.byte	32
 409 017c 0B       		.byte	11
 410 017d 02       		.byte	2
 411 017e 0E       		.byte	14
 412 017f 03       		.byte	3
 413 0180 10       		.byte	16
 414 0181 03       		.byte	3
 415 0182 12       		.byte	18
 416 0183 0C       		.byte	12
 417 0184 14       		.byte	20
 418 0185 0F       		.byte	15
 419 0186 18       		.byte	24
 420 0187 0F       		.byte	15
 421 0188 19       		.byte	25
 422 0189 01       		.byte	1
 423 018a 1C       		.byte	28
 424 018b 0C       		.byte	12
 425 018c 1E       		.byte	30
 426 018d 03       		.byte	3
 427 018e 1F       		.byte	31
 428 018f 02       		.byte	2
 429 0190 20       		.byte	32
 430 0191 08       		.byte	8
 431 0192 23       		.byte	35
 432 0193 04       		.byte	4
 433 0194 24       		.byte	36
 434 0195 04       		.byte	4
 435 0196 25       		.byte	37
 436 0197 01       		.byte	1
 437 0198 28       		.byte	40
 438 0199 0C       		.byte	12
 439 019a 2D       		.byte	45
 440 019b 01       		.byte	1
 441 019c 30       		.byte	48
 442 019d 0F       		.byte	15
 443 019e 31       		.byte	49
 444 019f 01       		.byte	1
 445 01a0 33       		.byte	51
 446 01a1 04       		.byte	4
 447 01a2 35       		.byte	53
 448 01a3 02       		.byte	2
 449 01a4 36       		.byte	54
 450 01a5 30       		.byte	48
 451 01a6 3A       		.byte	58
 452 01a7 02       		.byte	2
 453 01a8 3E       		.byte	62
 454 01a9 40       		.byte	64
 455 01aa 3F       		.byte	63
 456 01ab 14       		.byte	20
ARM GAS  C:\Users\Runeg\AppData\Local\Temp\ccUFCK3K.s 			page 9


 457 01ac 40       		.byte	64
 458 01ad 25       		.byte	37
 459 01ae 41       		.byte	65
 460 01af 03       		.byte	3
 461 01b0 42       		.byte	66
 462 01b1 04       		.byte	4
 463 01b2 44       		.byte	68
 464 01b3 01       		.byte	1
 465 01b4 45       		.byte	69
 466 01b5 C0       		.byte	-64
 467 01b6 46       		.byte	70
 468 01b7 E0       		.byte	-32
 469 01b8 48       		.byte	72
 470 01b9 0A       		.byte	10
 471 01ba 49       		.byte	73
 472 01bb FF       		.byte	-1
 473 01bc 4A       		.byte	74
 474 01bd FF       		.byte	-1
 475 01be 4B       		.byte	75
 476 01bf FF       		.byte	-1
 477 01c0 4C       		.byte	76
 478 01c1 62       		.byte	98
 479 01c2 4D       		.byte	77
 480 01c3 A0       		.byte	-96
 481 01c4 4E       		.byte	78
 482 01c5 F0       		.byte	-16
 483 01c6 4F       		.byte	79
 484 01c7 41       		.byte	65
 485 01c8 50       		.byte	80
 486 01c9 0C       		.byte	12
 487 01ca 56       		.byte	86
 488 01cb 02       		.byte	2
 489 01cc 57       		.byte	87
 490 01cd 12       		.byte	18
 491 01ce 58       		.byte	88
 492 01cf 04       		.byte	4
 493 01d0 59       		.byte	89
 494 01d1 04       		.byte	4
 495 01d2 5A       		.byte	90
 496 01d3 04       		.byte	4
 497 01d4 5B       		.byte	91
 498 01d5 04       		.byte	4
 499 01d6 5C       		.byte	92
 500 01d7 11       		.byte	17
 501 01d8 5D       		.byte	93
 502 01d9 11       		.byte	17
 503 01da 5F       		.byte	95
 504 01db 01       		.byte	1
 505 01dc 66       		.byte	102
 506 01dd 40       		.byte	64
 507 01de 67       		.byte	103
 508 01df 02       		.byte	2
 509 01e0 69       		.byte	105
 510 01e1 10       		.byte	16
 511 01e2 6A       		.byte	106
 512 01e3 30       		.byte	48
 513 01e4 6B       		.byte	107
ARM GAS  C:\Users\Runeg\AppData\Local\Temp\ccUFCK3K.s 			page 10


 514 01e5 10       		.byte	16
 515 01e6 6D       		.byte	109
 516 01e7 10       		.byte	16
 517 01e8 6E       		.byte	110
 518 01e9 10       		.byte	16
 519 01ea 6F       		.byte	111
 520 01eb 12       		.byte	18
 521 01ec 8E       		.byte	-114
 522 01ed 01       		.byte	1
 523 01ee 98       		.byte	-104
 524 01ef 02       		.byte	2
 525 01f0 99       		.byte	-103
 526 01f1 01       		.byte	1
 527 01f2 9C       		.byte	-100
 528 01f3 01       		.byte	1
 529 01f4 A8       		.byte	-88
 530 01f5 01       		.byte	1
 531 01f6 B0       		.byte	-80
 532 01f7 03       		.byte	3
 533 01f8 B3       		.byte	-77
 534 01f9 01       		.byte	1
 535 01fa B8       		.byte	-72
 536 01fb 02       		.byte	2
 537 01fc BF       		.byte	-65
 538 01fd 04       		.byte	4
 539 01fe D4       		.byte	-44
 540 01ff 01       		.byte	1
 541 0200 D8       		.byte	-40
 542 0201 04       		.byte	4
 543 0202 D9       		.byte	-39
 544 0203 04       		.byte	4
 545 0204 DB       		.byte	-37
 546 0205 04       		.byte	4
 547 0206 DC       		.byte	-36
 548 0207 01       		.byte	1
 549 0208 DD       		.byte	-35
 550 0209 10       		.byte	16
 551 020a DF       		.byte	-33
 552 020b 01       		.byte	1
 553 020c 00       		.byte	0
 554 020d 40       		.byte	64
 555 020e 04       		.byte	4
 556 020f A0       		.byte	-96
 557 0210 05       		.byte	5
 558 0211 08       		.byte	8
 559 0212 07       		.byte	7
 560 0213 40       		.byte	64
 561 0214 0A       		.byte	10
 562 0215 01       		.byte	1
 563 0216 0B       		.byte	11
 564 0217 08       		.byte	8
 565 0218 0C       		.byte	12
 566 0219 04       		.byte	4
 567 021a 0E       		.byte	14
 568 021b 42       		.byte	66
 569 021c 0F       		.byte	15
 570 021d 04       		.byte	4
ARM GAS  C:\Users\Runeg\AppData\Local\Temp\ccUFCK3K.s 			page 11


 571 021e 11       		.byte	17
 572 021f 10       		.byte	16
 573 0220 17       		.byte	23
 574 0221 2A       		.byte	42
 575 0222 19       		.byte	25
 576 0223 02       		.byte	2
 577 0224 1D       		.byte	29
 578 0225 81       		.byte	-127
 579 0226 1E       		.byte	30
 580 0227 40       		.byte	64
 581 0228 22       		.byte	34
 582 0229 04       		.byte	4
 583 022a 24       		.byte	36
 584 022b 80       		.byte	-128
 585 022c 25       		.byte	37
 586 022d 08       		.byte	8
 587 022e 26       		.byte	38
 588 022f 02       		.byte	2
 589 0230 27       		.byte	39
 590 0231 04       		.byte	4
 591 0232 2C       		.byte	44
 592 0233 40       		.byte	64
 593 0234 2F       		.byte	47
 594 0235 62       		.byte	98
 595 0236 32       		.byte	50
 596 0237 20       		.byte	32
 597 0238 36       		.byte	54
 598 0239 90       		.byte	-112
 599 023a 3F       		.byte	63
 600 023b 22       		.byte	34
 601 023c 44       		.byte	68
 602 023d 50       		.byte	80
 603 023e 45       		.byte	69
 604 023f A0       		.byte	-96
 605 0240 48       		.byte	72
 606 0241 08       		.byte	8
 607 0242 49       		.byte	73
 608 0243 10       		.byte	16
 609 0244 4D       		.byte	77
 610 0245 40       		.byte	64
 611 0246 4E       		.byte	78
 612 0247 02       		.byte	2
 613 0248 4F       		.byte	79
 614 0249 02       		.byte	2
 615 024a 57       		.byte	87
 616 024b 10       		.byte	16
 617 024c 59       		.byte	89
 618 024d 10       		.byte	16
 619 024e 5A       		.byte	90
 620 024f 8A       		.byte	-118
 621 0250 5E       		.byte	94
 622 0251 08       		.byte	8
 623 0252 6D       		.byte	109
 624 0253 20       		.byte	32
 625 0254 6E       		.byte	110
 626 0255 20       		.byte	32
 627 0256 6F       		.byte	111
ARM GAS  C:\Users\Runeg\AppData\Local\Temp\ccUFCK3K.s 			page 12


 628 0257 22       		.byte	34
 629 0258 75       		.byte	117
 630 0259 24       		.byte	36
 631 025a 76       		.byte	118
 632 025b 08       		.byte	8
 633 025c 77       		.byte	119
 634 025d 2A       		.byte	42
 635 025e 88       		.byte	-120
 636 025f 01       		.byte	1
 637 0260 89       		.byte	-119
 638 0261 08       		.byte	8
 639 0262 8D       		.byte	-115
 640 0263 21       		.byte	33
 641 0264 90       		.byte	-112
 642 0265 28       		.byte	40
 643 0266 91       		.byte	-111
 644 0267 20       		.byte	32
 645 0268 93       		.byte	-109
 646 0269 88       		.byte	-120
 647 026a 94       		.byte	-108
 648 026b 40       		.byte	64
 649 026c 95       		.byte	-107
 650 026d 40       		.byte	64
 651 026e 96       		.byte	-106
 652 026f 40       		.byte	64
 653 0270 97       		.byte	-105
 654 0271 04       		.byte	4
 655 0272 9B       		.byte	-101
 656 0273 40       		.byte	64
 657 0274 9C       		.byte	-100
 658 0275 01       		.byte	1
 659 0276 9D       		.byte	-99
 660 0277 A6       		.byte	-90
 661 0278 9E       		.byte	-98
 662 0279 82       		.byte	-126
 663 027a 9F       		.byte	-97
 664 027b 14       		.byte	20
 665 027c A0       		.byte	-96
 666 027d 80       		.byte	-128
 667 027e A4       		.byte	-92
 668 027f 28       		.byte	40
 669 0280 A5       		.byte	-91
 670 0281 10       		.byte	16
 671 0282 A6       		.byte	-90
 672 0283 01       		.byte	1
 673 0284 A7       		.byte	-89
 674 0285 20       		.byte	32
 675 0286 B2       		.byte	-78
 676 0287 01       		.byte	1
 677 0288 C0       		.byte	-64
 678 0289 F1       		.byte	-15
 679 028a C2       		.byte	-62
 680 028b F3       		.byte	-13
 681 028c C4       		.byte	-60
 682 028d 72       		.byte	114
 683 028e CA       		.byte	-54
 684 028f D0       		.byte	-48
ARM GAS  C:\Users\Runeg\AppData\Local\Temp\ccUFCK3K.s 			page 13


 685 0290 CC       		.byte	-52
 686 0291 34       		.byte	52
 687 0292 CE       		.byte	-50
 688 0293 A0       		.byte	-96
 689 0294 D0       		.byte	-48
 690 0295 F0       		.byte	-16
 691 0296 D2       		.byte	-46
 692 0297 10       		.byte	16
 693 0298 D6       		.byte	-42
 694 0299 4F       		.byte	79
 695 029a 02       		.byte	2
 696 029b 06       		.byte	6
 697 029c 07       		.byte	7
 698 029d 07       		.byte	7
 699 029e 09       		.byte	9
 700 029f 03       		.byte	3
 701 02a0 0B       		.byte	11
 702 02a1 0C       		.byte	12
 703 02a2 0C       		.byte	12
 704 02a3 06       		.byte	6
 705 02a4 0D       		.byte	13
 706 02a5 18       		.byte	24
 707 02a6 0E       		.byte	14
 708 02a7 01       		.byte	1
 709 02a8 0F       		.byte	15
 710 02a9 07       		.byte	7
 711 02aa 17       		.byte	23
 712 02ab 01       		.byte	1
 713 02ac 1E       		.byte	30
 714 02ad 03       		.byte	3
 715 02ae 1F       		.byte	31
 716 02af 10       		.byte	16
 717 02b0 22       		.byte	34
 718 02b1 02       		.byte	2
 719 02b2 23       		.byte	35
 720 02b3 18       		.byte	24
 721 02b4 26       		.byte	38
 722 02b5 01       		.byte	1
 723 02b6 2A       		.byte	42
 724 02b7 05       		.byte	5
 725 02b8 2D       		.byte	45
 726 02b9 03       		.byte	3
 727 02ba 2F       		.byte	47
 728 02bb 1C       		.byte	28
 729 02bc 31       		.byte	49
 730 02bd 1E       		.byte	30
 731 02be 36       		.byte	54
 732 02bf 07       		.byte	7
 733 02c0 37       		.byte	55
 734 02c1 01       		.byte	1
 735 02c2 3A       		.byte	58
 736 02c3 80       		.byte	-128
 737 02c4 3B       		.byte	59
 738 02c5 22       		.byte	34
 739 02c6 3F       		.byte	63
 740 02c7 40       		.byte	64
 741 02c8 40       		.byte	64
ARM GAS  C:\Users\Runeg\AppData\Local\Temp\ccUFCK3K.s 			page 14


 742 02c9 23       		.byte	35
 743 02ca 41       		.byte	65
 744 02cb 01       		.byte	1
 745 02cc 45       		.byte	69
 746 02cd 0E       		.byte	14
 747 02ce 46       		.byte	70
 748 02cf B0       		.byte	-80
 749 02d0 47       		.byte	71
 750 02d1 0C       		.byte	12
 751 02d2 48       		.byte	72
 752 02d3 19       		.byte	25
 753 02d4 49       		.byte	73
 754 02d5 FF       		.byte	-1
 755 02d6 4A       		.byte	74
 756 02d7 FF       		.byte	-1
 757 02d8 4B       		.byte	75
 758 02d9 FF       		.byte	-1
 759 02da 4E       		.byte	78
 760 02db F0       		.byte	-16
 761 02dc 4F       		.byte	79
 762 02dd 44       		.byte	68
 763 02de 50       		.byte	80
 764 02df 0C       		.byte	12
 765 02e0 58       		.byte	88
 766 02e1 04       		.byte	4
 767 02e2 59       		.byte	89
 768 02e3 04       		.byte	4
 769 02e4 5A       		.byte	90
 770 02e5 04       		.byte	4
 771 02e6 5C       		.byte	92
 772 02e7 11       		.byte	17
 773 02e8 5D       		.byte	93
 774 02e9 01       		.byte	1
 775 02ea 5F       		.byte	95
 776 02eb 01       		.byte	1
 777 02ec 66       		.byte	102
 778 02ed C0       		.byte	-64
 779 02ee 6A       		.byte	106
 780 02ef 40       		.byte	64
 781 02f0 6B       		.byte	107
 782 02f1 02       		.byte	2
 783 02f2 80       		.byte	-128
 784 02f3 27       		.byte	39
 785 02f4 82       		.byte	-126
 786 02f5 18       		.byte	24
 787 02f6 84       		.byte	-124
 788 02f7 04       		.byte	4
 789 02f8 85       		.byte	-123
 790 02f9 02       		.byte	2
 791 02fa 86       		.byte	-122
 792 02fb 40       		.byte	64
 793 02fc 88       		.byte	-120
 794 02fd 08       		.byte	8
 795 02fe 8D       		.byte	-115
 796 02ff 09       		.byte	9
 797 0300 8E       		.byte	-114
 798 0301 03       		.byte	3
ARM GAS  C:\Users\Runeg\AppData\Local\Temp\ccUFCK3K.s 			page 15


 799 0302 8F       		.byte	-113
 800 0303 06       		.byte	6
 801 0304 93       		.byte	-109
 802 0305 01       		.byte	1
 803 0306 95       		.byte	-107
 804 0307 06       		.byte	6
 805 0308 96       		.byte	-106
 806 0309 04       		.byte	4
 807 030a 98       		.byte	-104
 808 030b 3F       		.byte	63
 809 030c 99       		.byte	-103
 810 030d 06       		.byte	6
 811 030e 9B       		.byte	-101
 812 030f 09       		.byte	9
 813 0310 9C       		.byte	-100
 814 0311 3C       		.byte	60
 815 0312 9E       		.byte	-98
 816 0313 02       		.byte	2
 817 0314 A0       		.byte	-96
 818 0315 10       		.byte	16
 819 0316 A1       		.byte	-95
 820 0317 06       		.byte	6
 821 0318 A3       		.byte	-93
 822 0319 09       		.byte	9
 823 031a A4       		.byte	-92
 824 031b 18       		.byte	24
 825 031c A5       		.byte	-91
 826 031d 0F       		.byte	15
 827 031e A8       		.byte	-88
 828 031f 3C       		.byte	60
 829 0320 AA       		.byte	-86
 830 0321 01       		.byte	1
 831 0322 AD       		.byte	-83
 832 0323 04       		.byte	4
 833 0324 B2       		.byte	-78
 834 0325 40       		.byte	64
 835 0326 B3       		.byte	-77
 836 0327 07       		.byte	7
 837 0328 B4       		.byte	-76
 838 0329 20       		.byte	32
 839 032a B6       		.byte	-74
 840 032b 1F       		.byte	31
 841 032c B7       		.byte	-73
 842 032d 08       		.byte	8
 843 032e B9       		.byte	-71
 844 032f 80       		.byte	-128
 845 0330 BA       		.byte	-70
 846 0331 80       		.byte	-128
 847 0332 BB       		.byte	-69
 848 0333 08       		.byte	8
 849 0334 BE       		.byte	-66
 850 0335 10       		.byte	16
 851 0336 D8       		.byte	-40
 852 0337 04       		.byte	4
 853 0338 D9       		.byte	-39
 854 0339 04       		.byte	4
 855 033a DC       		.byte	-36
ARM GAS  C:\Users\Runeg\AppData\Local\Temp\ccUFCK3K.s 			page 16


 856 033b 11       		.byte	17
 857 033c DF       		.byte	-33
 858 033d 01       		.byte	1
 859 033e 00       		.byte	0
 860 033f 40       		.byte	64
 861 0340 01       		.byte	1
 862 0341 02       		.byte	2
 863 0342 04       		.byte	4
 864 0343 80       		.byte	-128
 865 0344 05       		.byte	5
 866 0345 09       		.byte	9
 867 0346 07       		.byte	7
 868 0347 08       		.byte	8
 869 0348 0A       		.byte	10
 870 0349 01       		.byte	1
 871 034a 0C       		.byte	12
 872 034b 10       		.byte	16
 873 034c 0E       		.byte	14
 874 034d 22       		.byte	34
 875 034e 0F       		.byte	15
 876 034f 04       		.byte	4
 877 0350 10       		.byte	16
 878 0351 80       		.byte	-128
 879 0352 11       		.byte	17
 880 0353 14       		.byte	20
 881 0354 14       		.byte	20
 882 0355 04       		.byte	4
 883 0356 16       		.byte	22
 884 0357 80       		.byte	-128
 885 0358 17       		.byte	23
 886 0359 16       		.byte	22
 887 035a 19       		.byte	25
 888 035b 80       		.byte	-128
 889 035c 1A       		.byte	26
 890 035d 01       		.byte	1
 891 035e 1E       		.byte	30
 892 035f 2A       		.byte	42
 893 0360 1F       		.byte	31
 894 0361 40       		.byte	64
 895 0362 20       		.byte	32
 896 0363 40       		.byte	64
 897 0364 22       		.byte	34
 898 0365 40       		.byte	64
 899 0366 23       		.byte	35
 900 0367 04       		.byte	4
 901 0368 26       		.byte	38
 902 0369 80       		.byte	-128
 903 036a 27       		.byte	39
 904 036b 10       		.byte	16
 905 036c 29       		.byte	41
 906 036d 82       		.byte	-126
 907 036e 2C       		.byte	44
 908 036f 10       		.byte	16
 909 0370 2E       		.byte	46
 910 0371 80       		.byte	-128
 911 0372 2F       		.byte	47
 912 0373 40       		.byte	64
ARM GAS  C:\Users\Runeg\AppData\Local\Temp\ccUFCK3K.s 			page 17


 913 0374 30       		.byte	48
 914 0375 88       		.byte	-120
 915 0376 35       		.byte	53
 916 0377 04       		.byte	4
 917 0378 36       		.byte	54
 918 0379 02       		.byte	2
 919 037a 37       		.byte	55
 920 037b 14       		.byte	20
 921 037c 38       		.byte	56
 922 037d 48       		.byte	72
 923 037e 39       		.byte	57
 924 037f 3C       		.byte	60
 925 0380 3E       		.byte	62
 926 0381 48       		.byte	72
 927 0382 41       		.byte	65
 928 0383 14       		.byte	20
 929 0384 42       		.byte	66
 930 0385 01       		.byte	1
 931 0386 4A       		.byte	74
 932 0387 20       		.byte	32
 933 0388 50       		.byte	80
 934 0389 28       		.byte	40
 935 038a 89       		.byte	-119
 936 038b 08       		.byte	8
 937 038c 8A       		.byte	-118
 938 038d 02       		.byte	2
 939 038e 90       		.byte	-112
 940 038f 88       		.byte	-120
 941 0390 91       		.byte	-111
 942 0391 20       		.byte	32
 943 0392 92       		.byte	-110
 944 0393 40       		.byte	64
 945 0394 94       		.byte	-108
 946 0395 40       		.byte	64
 947 0396 95       		.byte	-107
 948 0397 10       		.byte	16
 949 0398 96       		.byte	-106
 950 0399 81       		.byte	-127
 951 039a 97       		.byte	-105
 952 039b 04       		.byte	4
 953 039c 99       		.byte	-103
 954 039d 07       		.byte	7
 955 039e 9A       		.byte	-102
 956 039f 08       		.byte	8
 957 03a0 9B       		.byte	-101
 958 03a1 0A       		.byte	10
 959 03a2 9C       		.byte	-100
 960 03a3 14       		.byte	20
 961 03a4 9D       		.byte	-99
 962 03a5 88       		.byte	-120
 963 03a6 9E       		.byte	-98
 964 03a7 82       		.byte	-126
 965 03a8 9F       		.byte	-97
 966 03a9 10       		.byte	16
 967 03aa A0       		.byte	-96
 968 03ab 80       		.byte	-128
 969 03ac A2       		.byte	-94
ARM GAS  C:\Users\Runeg\AppData\Local\Temp\ccUFCK3K.s 			page 18


 970 03ad 02       		.byte	2
 971 03ae A4       		.byte	-92
 972 03af 28       		.byte	40
 973 03b0 A6       		.byte	-90
 974 03b1 A5       		.byte	-91
 975 03b2 AE       		.byte	-82
 976 03b3 21       		.byte	33
 977 03b4 C0       		.byte	-64
 978 03b5 F9       		.byte	-7
 979 03b6 C2       		.byte	-62
 980 03b7 E1       		.byte	-31
 981 03b8 C4       		.byte	-60
 982 03b9 7E       		.byte	126
 983 03ba CA       		.byte	-54
 984 03bb D9       		.byte	-39
 985 03bc CC       		.byte	-52
 986 03bd EA       		.byte	-22
 987 03be CE       		.byte	-50
 988 03bf 5E       		.byte	94
 989 03c0 D0       		.byte	-48
 990 03c1 0E       		.byte	14
 991 03c2 E8       		.byte	-24
 992 03c3 10       		.byte	16
 993 03c4 EE       		.byte	-18
 994 03c5 08       		.byte	8
 995 03c6 33       		.byte	51
 996 03c7 20       		.byte	32
 997 03c8 36       		.byte	54
 998 03c9 20       		.byte	32
 999 03ca CC       		.byte	-52
 1000 03cb 30       		.byte	48
 1001 03cc A6       		.byte	-90
 1002 03cd 20       		.byte	32
 1003 03ce A7       		.byte	-89
 1004 03cf 20       		.byte	32
 1005 03d0 A6       		.byte	-90
 1006 03d1 20       		.byte	32
 1007 03d2 A7       		.byte	-89
 1008 03d3 20       		.byte	32
 1009 03d4 86       		.byte	-122
 1010 03d5 20       		.byte	32
 1011 03d6 A6       		.byte	-90
 1012 03d7 20       		.byte	32
 1013 03d8 A7       		.byte	-89
 1014 03d9 20       		.byte	32
 1015 03da E6       		.byte	-26
 1016 03db 40       		.byte	64
 1017 03dc 24       		.byte	36
 1018 03dd 08       		.byte	8
 1019 03de A7       		.byte	-89
 1020 03df 20       		.byte	32
 1021 03e0 C8       		.byte	-56
 1022 03e1 20       		.byte	32
 1023 03e2 AF       		.byte	-81
 1024 03e3 20       		.byte	32
 1025 03e4 B4       		.byte	-76
 1026 03e5 04       		.byte	4
ARM GAS  C:\Users\Runeg\AppData\Local\Temp\ccUFCK3K.s 			page 19


 1027 03e6 EE       		.byte	-18
 1028 03e7 10       		.byte	16
 1029 03e8 1F       		.byte	31
 1030 03e9 80       		.byte	-128
 1031 03ea 34       		.byte	52
 1032 03eb 02       		.byte	2
 1033 03ec A0       		.byte	-96
 1034 03ed 04       		.byte	4
 1035 03ee B0       		.byte	-80
 1036 03ef 04       		.byte	4
 1037 03f0 C6       		.byte	-58
 1038 03f1 01       		.byte	1
 1039 03f2 CC       		.byte	-52
 1040 03f3 01       		.byte	1
 1041 03f4 E8       		.byte	-24
 1042 03f5 04       		.byte	4
 1043 03f6 10       		.byte	16
 1044 03f7 40       		.byte	64
 1045 03f8 74       		.byte	116
 1046 03f9 04       		.byte	4
 1047 03fa 88       		.byte	-120
 1048 03fb 40       		.byte	64
 1049 03fc A0       		.byte	-96
 1050 03fd 04       		.byte	4
 1051 03fe AF       		.byte	-81
 1052 03ff 80       		.byte	-128
 1053 0400 B4       		.byte	-76
 1054 0401 02       		.byte	2
 1055 0402 C4       		.byte	-60
 1056 0403 08       		.byte	8
 1057 0404 DE       		.byte	-34
 1058 0405 04       		.byte	4
 1059 0406 E2       		.byte	-30
 1060 0407 01       		.byte	1
 1061 0408 E8       		.byte	-24
 1062 0409 08       		.byte	8
 1063 040a 00       		.byte	0
 1064 040b 02       		.byte	2
 1065 040c 0C       		.byte	12
 1066 040d 02       		.byte	2
 1067 040e 10       		.byte	16
 1068 040f 02       		.byte	2
 1069 0410 1C       		.byte	28
 1070 0411 02       		.byte	2
 1071 0412 00       		.byte	0
 1072 0413 0F       		.byte	15
 1073 0414 80       		.byte	-128
 1074 0415 80       		.byte	-128
 1075 0416 00       		.byte	0
 1076 0417 00       		.byte	0
 1077 0418 40       		.byte	64
 1078 0419 00       		.byte	0
 1079 041a 00       		.byte	0
 1080 041b 00       		.byte	0
 1081 041c 00       		.byte	0
 1082 041d 00       		.byte	0
 1083 041e 00       		.byte	0
ARM GAS  C:\Users\Runeg\AppData\Local\Temp\ccUFCK3K.s 			page 20


 1084 041f 00       		.byte	0
 1085 0420 00       		.byte	0
 1086 0421 00       		.byte	0
 1087 0422 07       		.byte	7
 1088 0423 00       		.byte	0
 1089 0424 80       		.byte	-128
 1090 0425 00       		.byte	0
 1091 0426 40       		.byte	64
 1092 0427 80       		.byte	-128
 1093 0428 80       		.byte	-128
 1094 0429 00       		.byte	0
 1095 042a 80       		.byte	-128
 1096 042b 00       		.byte	0
 1097 042c 00       		.byte	0
 1098 042d 00       		.byte	0
 1099 042e 00       		.byte	0
 1100 042f 00       		.byte	0
 1101 0430 00       		.byte	0
 1102 0431 0B       		.byte	11
 1103 0432 0B       		.byte	11
 1104 0433 00       		.byte	0
 1105 0434 00       		.byte	0
 1106 0435 00       		.byte	0
 1107 0436 00       		.byte	0
 1108 0437 00       		.byte	0
 1109              		.section	.cywolatch,"a",%progbits
 1110              		.align	2
 1111              		.type	cy_meta_wonvl, %object
 1112              		.size	cy_meta_wonvl, 4
 1113              	cy_meta_wonvl:
 1114 0000 BC       		.byte	-68
 1115 0001 90       		.byte	-112
 1116 0002 AC       		.byte	-84
 1117 0003 AF       		.byte	-81
 1118              		.section	.cycustnvl,"a",%progbits
 1119              		.align	2
 1120              		.type	cy_meta_custnvl, %object
 1121              		.size	cy_meta_custnvl, 4
 1122              	cy_meta_custnvl:
 1123 0000 00       		.byte	0
 1124 0001 00       		.byte	0
 1125 0002 40       		.byte	64
 1126 0003 05       		.byte	5
 1127              		.section	.cymeta,"a",%progbits
 1128              		.align	2
 1129              		.type	cy_metadata, %object
 1130              		.size	cy_metadata, 12
 1131              	cy_metadata:
 1132 0000 00       		.byte	0
 1133 0001 01       		.byte	1
 1134 0002 2E       		.byte	46
 1135 0003 16       		.byte	22
 1136 0004 10       		.byte	16
 1137 0005 69       		.byte	105
 1138 0006 00       		.byte	0
 1139 0007 01       		.byte	1
 1140 0008 00       		.byte	0
ARM GAS  C:\Users\Runeg\AppData\Local\Temp\ccUFCK3K.s 			page 21


 1141 0009 00       		.byte	0
 1142 000a 00       		.byte	0
 1143 000b 00       		.byte	0
 1144              		.section	.cyflashprotect,"a",%progbits
 1145              		.align	2
 1146              		.type	cy_meta_flashprotect, %object
 1147              		.size	cy_meta_flashprotect, 256
 1148              	cy_meta_flashprotect:
 1149 0000 00000000 		.space	256
 1149      00000000 
 1149      00000000 
 1149      00000000 
 1149      00000000 
 1150              		.text
 1151              	.Letext0:
 1152              		.file 1 "c:\\program files (x86)\\cypress\\psoc creator\\4.4\\psoc creator\\import\\gnu\\arm\\5.4.
 1153              		.file 2 "c:\\program files (x86)\\cypress\\psoc creator\\4.4\\psoc creator\\import\\gnu\\arm\\5.4.
 1154              		.file 3 "Generated_Source\\PSoC5\\cymetadata.c"
 1155              		.section	.debug_info,"",%progbits
 1156              	.Ldebug_info0:
 1157 0000 31010000 		.4byte	0x131
 1158 0004 0400     		.2byte	0x4
 1159 0006 00000000 		.4byte	.Ldebug_abbrev0
 1160 000a 04       		.byte	0x4
 1161 000b 01       		.uleb128 0x1
 1162 000c 24000000 		.4byte	.LASF17
 1163 0010 0C       		.byte	0xc
 1164 0011 C8010000 		.4byte	.LASF18
 1165 0015 7E010000 		.4byte	.LASF19
 1166 0019 00000000 		.4byte	.Ldebug_line0
 1167 001d 02       		.uleb128 0x2
 1168 001e 01       		.byte	0x1
 1169 001f 06       		.byte	0x6
 1170 0020 72010000 		.4byte	.LASF0
 1171 0024 03       		.uleb128 0x3
 1172 0025 00000000 		.4byte	.LASF9
 1173 0029 01       		.byte	0x1
 1174 002a 1D       		.byte	0x1d
 1175 002b 2F000000 		.4byte	0x2f
 1176 002f 02       		.uleb128 0x2
 1177 0030 01       		.byte	0x1
 1178 0031 08       		.byte	0x8
 1179 0032 16000000 		.4byte	.LASF1
 1180 0036 02       		.uleb128 0x2
 1181 0037 02       		.byte	0x2
 1182 0038 05       		.byte	0x5
 1183 0039 5F010000 		.4byte	.LASF2
 1184 003d 02       		.uleb128 0x2
 1185 003e 02       		.byte	0x2
 1186 003f 07       		.byte	0x7
 1187 0040 C4000000 		.4byte	.LASF3
 1188 0044 02       		.uleb128 0x2
 1189 0045 04       		.byte	0x4
 1190 0046 05       		.byte	0x5
 1191 0047 69010000 		.4byte	.LASF4
 1192 004b 02       		.uleb128 0x2
 1193 004c 04       		.byte	0x4
ARM GAS  C:\Users\Runeg\AppData\Local\Temp\ccUFCK3K.s 			page 22


 1194 004d 07       		.byte	0x7
 1195 004e B2000000 		.4byte	.LASF5
 1196 0052 02       		.uleb128 0x2
 1197 0053 08       		.byte	0x8
 1198 0054 05       		.byte	0x5
 1199 0055 51010000 		.4byte	.LASF6
 1200 0059 02       		.uleb128 0x2
 1201 005a 08       		.byte	0x8
 1202 005b 07       		.byte	0x7
 1203 005c 06010000 		.4byte	.LASF7
 1204 0060 04       		.uleb128 0x4
 1205 0061 04       		.byte	0x4
 1206 0062 05       		.byte	0x5
 1207 0063 696E7400 		.ascii	"int\000"
 1208 0067 02       		.uleb128 0x2
 1209 0068 04       		.byte	0x4
 1210 0069 07       		.byte	0x7
 1211 006a F9000000 		.4byte	.LASF8
 1212 006e 03       		.uleb128 0x3
 1213 006f 1D010000 		.4byte	.LASF10
 1214 0073 02       		.byte	0x2
 1215 0074 18       		.byte	0x18
 1216 0075 24000000 		.4byte	0x24
 1217 0079 05       		.uleb128 0x5
 1218 007a 91000000 		.4byte	0x91
 1219 007e 8A000000 		.4byte	0x8a
 1220 0082 06       		.uleb128 0x6
 1221 0083 8A000000 		.4byte	0x8a
 1222 0087 3704     		.2byte	0x437
 1223 0089 00       		.byte	0
 1224 008a 02       		.uleb128 0x2
 1225 008b 04       		.byte	0x4
 1226 008c 07       		.byte	0x7
 1227 008d 48010000 		.4byte	.LASF11
 1228 0091 07       		.uleb128 0x7
 1229 0092 6E000000 		.4byte	0x6e
 1230 0096 08       		.uleb128 0x8
 1231 0097 E7000000 		.4byte	.LASF12
 1232 009b 03       		.byte	0x3
 1233 009c 1F       		.byte	0x1f
 1234 009d A7000000 		.4byte	0xa7
 1235 00a1 05       		.uleb128 0x5
 1236 00a2 03       		.byte	0x3
 1237 00a3 00000000 		.4byte	cy_meta_configecc
 1238 00a7 07       		.uleb128 0x7
 1239 00a8 79000000 		.4byte	0x79
 1240 00ac 05       		.uleb128 0x5
 1241 00ad 91000000 		.4byte	0x91
 1242 00b1 BC000000 		.4byte	0xbc
 1243 00b5 09       		.uleb128 0x9
 1244 00b6 8A000000 		.4byte	0x8a
 1245 00ba 03       		.byte	0x3
 1246 00bb 00       		.byte	0
 1247 00bc 08       		.uleb128 0x8
 1248 00bd D7000000 		.4byte	.LASF13
 1249 00c1 03       		.byte	0x3
 1250 00c2 B3       		.byte	0xb3
ARM GAS  C:\Users\Runeg\AppData\Local\Temp\ccUFCK3K.s 			page 23


 1251 00c3 CD000000 		.4byte	0xcd
 1252 00c7 05       		.uleb128 0x5
 1253 00c8 03       		.byte	0x3
 1254 00c9 00000000 		.4byte	cy_meta_custnvl
 1255 00cd 07       		.uleb128 0x7
 1256 00ce AC000000 		.4byte	0xac
 1257 00d2 08       		.uleb128 0x8
 1258 00d3 3A010000 		.4byte	.LASF14
 1259 00d7 03       		.byte	0x3
 1260 00d8 C1       		.byte	0xc1
 1261 00d9 E3000000 		.4byte	0xe3
 1262 00dd 05       		.uleb128 0x5
 1263 00de 03       		.byte	0x3
 1264 00df 00000000 		.4byte	cy_meta_wonvl
 1265 00e3 07       		.uleb128 0x7
 1266 00e4 AC000000 		.4byte	0xac
 1267 00e8 05       		.uleb128 0x5
 1268 00e9 91000000 		.4byte	0x91
 1269 00ed F8000000 		.4byte	0xf8
 1270 00f1 09       		.uleb128 0x9
 1271 00f2 8A000000 		.4byte	0x8a
 1272 00f6 FF       		.byte	0xff
 1273 00f7 00       		.byte	0
 1274 00f8 08       		.uleb128 0x8
 1275 00f9 25010000 		.4byte	.LASF15
 1276 00fd 03       		.byte	0x3
 1277 00fe CF       		.byte	0xcf
 1278 00ff 09010000 		.4byte	0x109
 1279 0103 05       		.uleb128 0x5
 1280 0104 03       		.byte	0x3
 1281 0105 00000000 		.4byte	cy_meta_flashprotect
 1282 0109 07       		.uleb128 0x7
 1283 010a E8000000 		.4byte	0xe8
 1284 010e 05       		.uleb128 0x5
 1285 010f 91000000 		.4byte	0x91
 1286 0113 1E010000 		.4byte	0x11e
 1287 0117 09       		.uleb128 0x9
 1288 0118 8A000000 		.4byte	0x8a
 1289 011c 0B       		.byte	0xb
 1290 011d 00       		.byte	0
 1291 011e 08       		.uleb128 0x8
 1292 011f 0A000000 		.4byte	.LASF16
 1293 0123 03       		.byte	0x3
 1294 0124 FC       		.byte	0xfc
 1295 0125 2F010000 		.4byte	0x12f
 1296 0129 05       		.uleb128 0x5
 1297 012a 03       		.byte	0x3
 1298 012b 00000000 		.4byte	cy_metadata
 1299 012f 07       		.uleb128 0x7
 1300 0130 0E010000 		.4byte	0x10e
 1301 0134 00       		.byte	0
 1302              		.section	.debug_abbrev,"",%progbits
 1303              	.Ldebug_abbrev0:
 1304 0000 01       		.uleb128 0x1
 1305 0001 11       		.uleb128 0x11
 1306 0002 01       		.byte	0x1
 1307 0003 25       		.uleb128 0x25
ARM GAS  C:\Users\Runeg\AppData\Local\Temp\ccUFCK3K.s 			page 24


 1308 0004 0E       		.uleb128 0xe
 1309 0005 13       		.uleb128 0x13
 1310 0006 0B       		.uleb128 0xb
 1311 0007 03       		.uleb128 0x3
 1312 0008 0E       		.uleb128 0xe
 1313 0009 1B       		.uleb128 0x1b
 1314 000a 0E       		.uleb128 0xe
 1315 000b 10       		.uleb128 0x10
 1316 000c 17       		.uleb128 0x17
 1317 000d 00       		.byte	0
 1318 000e 00       		.byte	0
 1319 000f 02       		.uleb128 0x2
 1320 0010 24       		.uleb128 0x24
 1321 0011 00       		.byte	0
 1322 0012 0B       		.uleb128 0xb
 1323 0013 0B       		.uleb128 0xb
 1324 0014 3E       		.uleb128 0x3e
 1325 0015 0B       		.uleb128 0xb
 1326 0016 03       		.uleb128 0x3
 1327 0017 0E       		.uleb128 0xe
 1328 0018 00       		.byte	0
 1329 0019 00       		.byte	0
 1330 001a 03       		.uleb128 0x3
 1331 001b 16       		.uleb128 0x16
 1332 001c 00       		.byte	0
 1333 001d 03       		.uleb128 0x3
 1334 001e 0E       		.uleb128 0xe
 1335 001f 3A       		.uleb128 0x3a
 1336 0020 0B       		.uleb128 0xb
 1337 0021 3B       		.uleb128 0x3b
 1338 0022 0B       		.uleb128 0xb
 1339 0023 49       		.uleb128 0x49
 1340 0024 13       		.uleb128 0x13
 1341 0025 00       		.byte	0
 1342 0026 00       		.byte	0
 1343 0027 04       		.uleb128 0x4
 1344 0028 24       		.uleb128 0x24
 1345 0029 00       		.byte	0
 1346 002a 0B       		.uleb128 0xb
 1347 002b 0B       		.uleb128 0xb
 1348 002c 3E       		.uleb128 0x3e
 1349 002d 0B       		.uleb128 0xb
 1350 002e 03       		.uleb128 0x3
 1351 002f 08       		.uleb128 0x8
 1352 0030 00       		.byte	0
 1353 0031 00       		.byte	0
 1354 0032 05       		.uleb128 0x5
 1355 0033 01       		.uleb128 0x1
 1356 0034 01       		.byte	0x1
 1357 0035 49       		.uleb128 0x49
 1358 0036 13       		.uleb128 0x13
 1359 0037 01       		.uleb128 0x1
 1360 0038 13       		.uleb128 0x13
 1361 0039 00       		.byte	0
 1362 003a 00       		.byte	0
 1363 003b 06       		.uleb128 0x6
 1364 003c 21       		.uleb128 0x21
ARM GAS  C:\Users\Runeg\AppData\Local\Temp\ccUFCK3K.s 			page 25


 1365 003d 00       		.byte	0
 1366 003e 49       		.uleb128 0x49
 1367 003f 13       		.uleb128 0x13
 1368 0040 2F       		.uleb128 0x2f
 1369 0041 05       		.uleb128 0x5
 1370 0042 00       		.byte	0
 1371 0043 00       		.byte	0
 1372 0044 07       		.uleb128 0x7
 1373 0045 26       		.uleb128 0x26
 1374 0046 00       		.byte	0
 1375 0047 49       		.uleb128 0x49
 1376 0048 13       		.uleb128 0x13
 1377 0049 00       		.byte	0
 1378 004a 00       		.byte	0
 1379 004b 08       		.uleb128 0x8
 1380 004c 34       		.uleb128 0x34
 1381 004d 00       		.byte	0
 1382 004e 03       		.uleb128 0x3
 1383 004f 0E       		.uleb128 0xe
 1384 0050 3A       		.uleb128 0x3a
 1385 0051 0B       		.uleb128 0xb
 1386 0052 3B       		.uleb128 0x3b
 1387 0053 0B       		.uleb128 0xb
 1388 0054 49       		.uleb128 0x49
 1389 0055 13       		.uleb128 0x13
 1390 0056 3F       		.uleb128 0x3f
 1391 0057 19       		.uleb128 0x19
 1392 0058 02       		.uleb128 0x2
 1393 0059 18       		.uleb128 0x18
 1394 005a 00       		.byte	0
 1395 005b 00       		.byte	0
 1396 005c 09       		.uleb128 0x9
 1397 005d 21       		.uleb128 0x21
 1398 005e 00       		.byte	0
 1399 005f 49       		.uleb128 0x49
 1400 0060 13       		.uleb128 0x13
 1401 0061 2F       		.uleb128 0x2f
 1402 0062 0B       		.uleb128 0xb
 1403 0063 00       		.byte	0
 1404 0064 00       		.byte	0
 1405 0065 00       		.byte	0
 1406              		.section	.debug_aranges,"",%progbits
 1407 0000 14000000 		.4byte	0x14
 1408 0004 0200     		.2byte	0x2
 1409 0006 00000000 		.4byte	.Ldebug_info0
 1410 000a 04       		.byte	0x4
 1411 000b 00       		.byte	0
 1412 000c 0000     		.2byte	0
 1413 000e 0000     		.2byte	0
 1414 0010 00000000 		.4byte	0
 1415 0014 00000000 		.4byte	0
 1416              		.section	.debug_line,"",%progbits
 1417              	.Ldebug_line0:
 1418 0000 3D010000 		.section	.debug_str,"MS",%progbits,1
 1418      02003701 
 1418      00000201 
 1418      FB0E0D00 
ARM GAS  C:\Users\Runeg\AppData\Local\Temp\ccUFCK3K.s 			page 26


 1418      01010101 
 1419              	.LASF9:
 1420 0000 5F5F7569 		.ascii	"__uint8_t\000"
 1420      6E74385F 
 1420      7400
 1421              	.LASF16:
 1422 000a 63795F6D 		.ascii	"cy_metadata\000"
 1422      65746164 
 1422      61746100 
 1423              	.LASF1:
 1424 0016 756E7369 		.ascii	"unsigned char\000"
 1424      676E6564 
 1424      20636861 
 1424      7200
 1425              	.LASF17:
 1426 0024 474E5520 		.ascii	"GNU C11 5.4.1 20160609 (release) [ARM/embedded-5-br"
 1426      43313120 
 1426      352E342E 
 1426      31203230 
 1426      31363036 
 1427 0057 616E6368 		.ascii	"anch revision 237715] -mcpu=cortex-m3 -mthumb -g -O"
 1427      20726576 
 1427      6973696F 
 1427      6E203233 
 1427      37373135 
 1428 008a 67202D66 		.ascii	"g -ffunction-sections -ffat-lto-objects\000"
 1428      66756E63 
 1428      74696F6E 
 1428      2D736563 
 1428      74696F6E 
 1429              	.LASF5:
 1430 00b2 6C6F6E67 		.ascii	"long unsigned int\000"
 1430      20756E73 
 1430      69676E65 
 1430      6420696E 
 1430      7400
 1431              	.LASF3:
 1432 00c4 73686F72 		.ascii	"short unsigned int\000"
 1432      7420756E 
 1432      7369676E 
 1432      65642069 
 1432      6E7400
 1433              	.LASF13:
 1434 00d7 63795F6D 		.ascii	"cy_meta_custnvl\000"
 1434      6574615F 
 1434      63757374 
 1434      6E766C00 
 1435              	.LASF12:
 1436 00e7 63795F6D 		.ascii	"cy_meta_configecc\000"
 1436      6574615F 
 1436      636F6E66 
 1436      69676563 
 1436      6300
 1437              	.LASF8:
 1438 00f9 756E7369 		.ascii	"unsigned int\000"
 1438      676E6564 
 1438      20696E74 
ARM GAS  C:\Users\Runeg\AppData\Local\Temp\ccUFCK3K.s 			page 27


 1438      00
 1439              	.LASF7:
 1440 0106 6C6F6E67 		.ascii	"long long unsigned int\000"
 1440      206C6F6E 
 1440      6720756E 
 1440      7369676E 
 1440      65642069 
 1441              	.LASF10:
 1442 011d 75696E74 		.ascii	"uint8_t\000"
 1442      385F7400 
 1443              	.LASF15:
 1444 0125 63795F6D 		.ascii	"cy_meta_flashprotect\000"
 1444      6574615F 
 1444      666C6173 
 1444      6870726F 
 1444      74656374 
 1445              	.LASF14:
 1446 013a 63795F6D 		.ascii	"cy_meta_wonvl\000"
 1446      6574615F 
 1446      776F6E76 
 1446      6C00
 1447              	.LASF11:
 1448 0148 73697A65 		.ascii	"sizetype\000"
 1448      74797065 
 1448      00
 1449              	.LASF6:
 1450 0151 6C6F6E67 		.ascii	"long long int\000"
 1450      206C6F6E 
 1450      6720696E 
 1450      7400
 1451              	.LASF2:
 1452 015f 73686F72 		.ascii	"short int\000"
 1452      7420696E 
 1452      7400
 1453              	.LASF4:
 1454 0169 6C6F6E67 		.ascii	"long int\000"
 1454      20696E74 
 1454      00
 1455              	.LASF0:
 1456 0172 7369676E 		.ascii	"signed char\000"
 1456      65642063 
 1456      68617200 
 1457              	.LASF19:
 1458 017e 433A5C55 		.ascii	"C:\\Users\\Runeg\\OneDrive - Aarhus universitet\\Sk"
 1458      73657273 
 1458      5C52756E 
 1458      65675C4F 
 1458      6E654472 
 1459 01ad 72697665 		.ascii	"rivebord\\Scale\\Scale.cydsn\000"
 1459      626F7264 
 1459      5C536361 
 1459      6C655C53 
 1459      63616C65 
 1460              	.LASF18:
 1461 01c8 47656E65 		.ascii	"Generated_Source\\PSoC5\\cymetadata.c\000"
 1461      72617465 
 1461      645F536F 
ARM GAS  C:\Users\Runeg\AppData\Local\Temp\ccUFCK3K.s 			page 28


 1461      75726365 
 1461      5C50536F 
 1462              		.ident	"GCC: (GNU Tools for ARM Embedded Processors) 5.4.1 20160609 (release) [ARM/embedded-5-bran
