ARM GAS  C:\Users\Runeg\AppData\Local\Temp\ccfHeXfw.s 			page 1


   1              		.syntax unified
   2              		.cpu cortex-m3
   3              		.fpu softvfp
   4              		.eabi_attribute 20, 1
   5              		.eabi_attribute 21, 1
   6              		.eabi_attribute 23, 3
   7              		.eabi_attribute 24, 1
   8              		.eabi_attribute 25, 1
   9              		.eabi_attribute 26, 1
  10              		.eabi_attribute 30, 1
  11              		.eabi_attribute 34, 1
  12              		.eabi_attribute 18, 4
  13              		.thumb
  14              		.syntax unified
  15              		.file	"bro.c"
  16              		.text
  17              	.Ltext0:
  18              		.cfi_sections	.debug_frame
  19              		.section	.text.dmc_packet_complete,"ax",%progbits
  20              		.align	2
  21              		.thumb
  22              		.thumb_func
  23              		.type	dmc_packet_complete, %function
  24              	dmc_packet_complete:
  25              	.LFB2:
  26              		.file 1 "..\\..\\..\\common\\hw\\include\\base_packet.h"
   1:..\..\..\common\hw\include/base_packet.h **** #ifndef DMC_BASE_PACKET_H
   2:..\..\..\common\hw\include/base_packet.h **** #define DMC_BASE_PACKET_H
   3:..\..\..\common\hw\include/base_packet.h **** 
   4:..\..\..\common\hw\include/base_packet.h **** #ifdef MODULE // Include kernel space memory allocation with kmalloc
   5:..\..\..\common\hw\include/base_packet.h **** #include <linux/slab.h>
   6:..\..\..\common\hw\include/base_packet.h **** #else
   7:..\..\..\common\hw\include/base_packet.h **** #include <stdlib.h>
   8:..\..\..\common\hw\include/base_packet.h **** #endif
   9:..\..\..\common\hw\include/base_packet.h **** 
  10:..\..\..\common\hw\include/base_packet.h **** /**
  11:..\..\..\common\hw\include/base_packet.h ****  * @brief Type of packet. (MAYBE: MSB is required to be 1 as this signals a
  12:..\..\..\common\hw\include/base_packet.h ****  * header byte)
  13:..\..\..\common\hw\include/base_packet.h ****  */
  14:..\..\..\common\hw\include/base_packet.h **** enum dmc_packet_type
  15:..\..\..\common\hw\include/base_packet.h **** {
  16:..\..\..\common\hw\include/base_packet.h ****   DMC_PACKET_OUT_OF_ORDER              = 0b10000000,
  17:..\..\..\common\hw\include/base_packet.h ****   DMC_PACKET_CONTAINER_WEIGHT_MEASURED = 0b10010010,
  18:..\..\..\common\hw\include/base_packet.h ****   DMC_PACKET_USER_CONFIRM              = 0b10100000,
  19:..\..\..\common\hw\include/base_packet.h ****   DMC_PACKET_FLUID_POUR_REQUESTED      = 0b10110010,
  20:..\..\..\common\hw\include/base_packet.h **** };
  21:..\..\..\common\hw\include/base_packet.h **** 
  22:..\..\..\common\hw\include/base_packet.h **** struct dmc_packet
  23:..\..\..\common\hw\include/base_packet.h **** {
  24:..\..\..\common\hw\include/base_packet.h ****   /**
  25:..\..\..\common\hw\include/base_packet.h ****    * @brief Type of packet. This is the first byte received.
  26:..\..\..\common\hw\include/base_packet.h ****    */
  27:..\..\..\common\hw\include/base_packet.h ****   enum dmc_packet_type type;
  28:..\..\..\common\hw\include/base_packet.h **** 
  29:..\..\..\common\hw\include/base_packet.h ****   /**
  30:..\..\..\common\hw\include/base_packet.h ****    * @brief Data payload of packet
  31:..\..\..\common\hw\include/base_packet.h ****    */
ARM GAS  C:\Users\Runeg\AppData\Local\Temp\ccfHeXfw.s 			page 2


  32:..\..\..\common\hw\include/base_packet.h ****   char *data;
  33:..\..\..\common\hw\include/base_packet.h **** 
  34:..\..\..\common\hw\include/base_packet.h ****   /**
  35:..\..\..\common\hw\include/base_packet.h ****    * @brief Length of payload in bytes.
  36:..\..\..\common\hw\include/base_packet.h ****    */
  37:..\..\..\common\hw\include/base_packet.h ****   size_t data_len;
  38:..\..\..\common\hw\include/base_packet.h **** };
  39:..\..\..\common\hw\include/base_packet.h **** 
  40:..\..\..\common\hw\include/base_packet.h **** /**
  41:..\..\..\common\hw\include/base_packet.h ****  * @brief Allocates and initializes a packet with a type. Primarily
  42:..\..\..\common\hw\include/base_packet.h ****  * used when starting to read data from a given source.
  43:..\..\..\common\hw\include/base_packet.h ****  */
  44:..\..\..\common\hw\include/base_packet.h **** static struct dmc_packet *dmc_packet_init(enum dmc_packet_type type)
  45:..\..\..\common\hw\include/base_packet.h **** {
  46:..\..\..\common\hw\include/base_packet.h ****   unsigned char data_bytes = type & 0b00001111;
  47:..\..\..\common\hw\include/base_packet.h **** 
  48:..\..\..\common\hw\include/base_packet.h ****   // Allocate and initialize packet with default values
  49:..\..\..\common\hw\include/base_packet.h ****   struct dmc_packet *packet;
  50:..\..\..\common\hw\include/base_packet.h **** #ifdef MODULE // Differeniate between kernel and use space allocations
  51:..\..\..\common\hw\include/base_packet.h ****   packet = (struct dmc_packet *)kmalloc(sizeof(struct dmc_packet), GFP_KERNEL);
  52:..\..\..\common\hw\include/base_packet.h **** #else
  53:..\..\..\common\hw\include/base_packet.h ****   packet = (struct dmc_packet *)malloc(sizeof(struct dmc_packet));
  54:..\..\..\common\hw\include/base_packet.h **** #endif
  55:..\..\..\common\hw\include/base_packet.h ****   packet->type     = type;
  56:..\..\..\common\hw\include/base_packet.h ****   packet->data_len = 0;
  57:..\..\..\common\hw\include/base_packet.h ****   packet->data     = NULL;
  58:..\..\..\common\hw\include/base_packet.h **** 
  59:..\..\..\common\hw\include/base_packet.h ****   // Allocate packet data if needed
  60:..\..\..\common\hw\include/base_packet.h ****   if (data_bytes > 0)
  61:..\..\..\common\hw\include/base_packet.h ****   {
  62:..\..\..\common\hw\include/base_packet.h **** #ifdef MODULE // Differeniate between kernel and use space allocations
  63:..\..\..\common\hw\include/base_packet.h ****     packet->data = (char *)kmalloc(sizeof(char) * data_bytes, GFP_KERNEL);
  64:..\..\..\common\hw\include/base_packet.h **** #else
  65:..\..\..\common\hw\include/base_packet.h ****     packet->data = (char *)malloc(sizeof(char) * data_bytes);
  66:..\..\..\common\hw\include/base_packet.h **** #endif
  67:..\..\..\common\hw\include/base_packet.h ****   }
  68:..\..\..\common\hw\include/base_packet.h **** 
  69:..\..\..\common\hw\include/base_packet.h ****   return packet;
  70:..\..\..\common\hw\include/base_packet.h **** }
  71:..\..\..\common\hw\include/base_packet.h **** 
  72:..\..\..\common\hw\include/base_packet.h **** /**
  73:..\..\..\common\hw\include/base_packet.h ****  * @brief De-allocate packet and its data
  74:..\..\..\common\hw\include/base_packet.h ****  */
  75:..\..\..\common\hw\include/base_packet.h **** static void dmc_packet_free(struct dmc_packet *packet)
  76:..\..\..\common\hw\include/base_packet.h **** {
  77:..\..\..\common\hw\include/base_packet.h **** #ifdef MODULE // Differeniate between kernel and use space de-allocations
  78:..\..\..\common\hw\include/base_packet.h ****   kfree((void *)packet->data);
  79:..\..\..\common\hw\include/base_packet.h ****   kfree((void *)packet);
  80:..\..\..\common\hw\include/base_packet.h **** #else
  81:..\..\..\common\hw\include/base_packet.h ****   free((void *)packet->data);
  82:..\..\..\common\hw\include/base_packet.h ****   free((void *)packet);
  83:..\..\..\common\hw\include/base_packet.h **** #endif
  84:..\..\..\common\hw\include/base_packet.h **** }
  85:..\..\..\common\hw\include/base_packet.h **** 
  86:..\..\..\common\hw\include/base_packet.h **** /**
  87:..\..\..\common\hw\include/base_packet.h ****  * @brief Checks if a packet is fully complete, in the sense that all intended
  88:..\..\..\common\hw\include/base_packet.h ****  * data is received
ARM GAS  C:\Users\Runeg\AppData\Local\Temp\ccfHeXfw.s 			page 3


  89:..\..\..\common\hw\include/base_packet.h ****  * @returns True, if packet is complete.
  90:..\..\..\common\hw\include/base_packet.h ****  */
  91:..\..\..\common\hw\include/base_packet.h **** static unsigned char dmc_packet_complete(struct dmc_packet *packet)
  92:..\..\..\common\hw\include/base_packet.h **** {
  27              		.loc 1 92 0
  28              		.cfi_startproc
  29              		@ args = 0, pretend = 0, frame = 0
  30              		@ frame_needed = 0, uses_anonymous_args = 0
  31              		@ link register save eliminated.
  32              	.LVL0:
  93:..\..\..\common\hw\include/base_packet.h ****   unsigned char data_bytes = packet->type & 0b00001111;
  33              		.loc 1 93 0
  34 0000 0378     		ldrb	r3, [r0]	@ zero_extendqisi2
  35 0002 03F00F03 		and	r3, r3, #15
  36              	.LVL1:
  94:..\..\..\common\hw\include/base_packet.h ****   return data_bytes == packet->data_len;
  37              		.loc 1 94 0
  38 0006 8068     		ldr	r0, [r0, #8]
  39              	.LVL2:
  95:..\..\..\common\hw\include/base_packet.h **** }
  40              		.loc 1 95 0
  41 0008 8342     		cmp	r3, r0
  42 000a 14BF     		ite	ne
  43 000c 0020     		movne	r0, #0
  44 000e 0120     		moveq	r0, #1
  45 0010 7047     		bx	lr
  46              		.cfi_endproc
  47              	.LFE2:
  48              		.size	dmc_packet_complete, .-dmc_packet_complete
  49 0012 00BF     		.section	.text.dmc_packet_append_byte,"ax",%progbits
  50              		.align	2
  51              		.thumb
  52              		.thumb_func
  53              		.type	dmc_packet_append_byte, %function
  54              	dmc_packet_append_byte:
  55              	.LFB3:
  96:..\..\..\common\hw\include/base_packet.h **** 
  97:..\..\..\common\hw\include/base_packet.h **** /**
  98:..\..\..\common\hw\include/base_packet.h ****  * @brief Appends data byte to packet payload.
  99:..\..\..\common\hw\include/base_packet.h ****  * @returns 0 if successful, 1 if payload is already at capacity.
 100:..\..\..\common\hw\include/base_packet.h ****  */
 101:..\..\..\common\hw\include/base_packet.h **** static unsigned char dmc_packet_append_byte(struct dmc_packet *packet,
 102:..\..\..\common\hw\include/base_packet.h ****                                             unsigned char      data)
 103:..\..\..\common\hw\include/base_packet.h **** {
  56              		.loc 1 103 0
  57              		.cfi_startproc
  58              		@ args = 0, pretend = 0, frame = 0
  59              		@ frame_needed = 0, uses_anonymous_args = 0
  60              		@ link register save eliminated.
  61              	.LVL3:
 104:..\..\..\common\hw\include/base_packet.h ****   unsigned char data_bytes = packet->type & 0b00001111;
  62              		.loc 1 104 0
  63 0000 0378     		ldrb	r3, [r0]	@ zero_extendqisi2
  64 0002 03F00F03 		and	r3, r3, #15
  65              	.LVL4:
 105:..\..\..\common\hw\include/base_packet.h ****   if (data_bytes == packet->data_len)
  66              		.loc 1 105 0
ARM GAS  C:\Users\Runeg\AppData\Local\Temp\ccfHeXfw.s 			page 4


  67 0006 8268     		ldr	r2, [r0, #8]
  68 0008 9342     		cmp	r3, r2
  69 000a 06D0     		beq	.L4
 103:..\..\..\common\hw\include/base_packet.h ****   unsigned char data_bytes = packet->type & 0b00001111;
  70              		.loc 1 103 0
  71 000c 10B4     		push	{r4}
  72              		.cfi_def_cfa_offset 4
  73              		.cfi_offset 4, -4
 106:..\..\..\common\hw\include/base_packet.h ****   {
 107:..\..\..\common\hw\include/base_packet.h ****     return 1;
 108:..\..\..\common\hw\include/base_packet.h ****   }
 109:..\..\..\common\hw\include/base_packet.h **** 
 110:..\..\..\common\hw\include/base_packet.h ****   packet->data[packet->data_len++] = data;
  74              		.loc 1 110 0
  75 000e 4368     		ldr	r3, [r0, #4]
  76              	.LVL5:
  77 0010 541C     		adds	r4, r2, #1
  78 0012 8460     		str	r4, [r0, #8]
  79 0014 9954     		strb	r1, [r3, r2]
  80              	.LVL6:
 111:..\..\..\common\hw\include/base_packet.h ****   return 0;
  81              		.loc 1 111 0
  82 0016 0020     		movs	r0, #0
  83              	.LVL7:
  84 0018 01E0     		b	.L3
  85              	.LVL8:
  86              	.L4:
  87              		.cfi_def_cfa_offset 0
  88              		.cfi_restore 4
 107:..\..\..\common\hw\include/base_packet.h ****   }
  89              		.loc 1 107 0
  90 001a 0120     		movs	r0, #1
  91              	.LVL9:
  92 001c 7047     		bx	lr
  93              	.LVL10:
  94              	.L3:
  95              		.cfi_def_cfa_offset 4
  96              		.cfi_offset 4, -4
 112:..\..\..\common\hw\include/base_packet.h **** }
  97              		.loc 1 112 0
  98 001e 10BC     		pop	{r4}
  99              		.cfi_restore 4
 100              		.cfi_def_cfa_offset 0
 101 0020 7047     		bx	lr
 102              		.cfi_endproc
 103              	.LFE3:
 104              		.size	dmc_packet_append_byte, .-dmc_packet_append_byte
 105 0022 00BF     		.section	.text.dmc_packet_init,"ax",%progbits
 106              		.align	2
 107              		.thumb
 108              		.thumb_func
 109              		.type	dmc_packet_init, %function
 110              	dmc_packet_init:
 111              	.LFB0:
  45:..\..\..\common\hw\include/base_packet.h ****   unsigned char data_bytes = type & 0b00001111;
 112              		.loc 1 45 0
 113              		.cfi_startproc
ARM GAS  C:\Users\Runeg\AppData\Local\Temp\ccfHeXfw.s 			page 5


 114              		@ args = 0, pretend = 0, frame = 0
 115              		@ frame_needed = 0, uses_anonymous_args = 0
 116              	.LVL11:
 117 0000 70B5     		push	{r4, r5, r6, lr}
 118              		.cfi_def_cfa_offset 16
 119              		.cfi_offset 4, -16
 120              		.cfi_offset 5, -12
 121              		.cfi_offset 6, -8
 122              		.cfi_offset 14, -4
 123 0002 0546     		mov	r5, r0
  46:..\..\..\common\hw\include/base_packet.h **** 
 124              		.loc 1 46 0
 125 0004 00F00F06 		and	r6, r0, #15
 126              	.LVL12:
  53:..\..\..\common\hw\include/base_packet.h **** #endif
 127              		.loc 1 53 0
 128 0008 0C20     		movs	r0, #12
 129              	.LVL13:
 130 000a FFF7FEFF 		bl	malloc
 131              	.LVL14:
 132 000e 0446     		mov	r4, r0
 133              	.LVL15:
  55:..\..\..\common\hw\include/base_packet.h ****   packet->data_len = 0;
 134              		.loc 1 55 0
 135 0010 0570     		strb	r5, [r0]
  56:..\..\..\common\hw\include/base_packet.h ****   packet->data     = NULL;
 136              		.loc 1 56 0
 137 0012 0023     		movs	r3, #0
 138 0014 8360     		str	r3, [r0, #8]
  57:..\..\..\common\hw\include/base_packet.h **** 
 139              		.loc 1 57 0
 140 0016 4360     		str	r3, [r0, #4]
  60:..\..\..\common\hw\include/base_packet.h ****   {
 141              		.loc 1 60 0
 142 0018 1EB1     		cbz	r6, .L8
  65:..\..\..\common\hw\include/base_packet.h **** #endif
 143              		.loc 1 65 0
 144 001a 3046     		mov	r0, r6
 145              	.LVL16:
 146 001c FFF7FEFF 		bl	malloc
 147              	.LVL17:
 148 0020 6060     		str	r0, [r4, #4]
 149              	.L8:
  70:..\..\..\common\hw\include/base_packet.h **** 
 150              		.loc 1 70 0
 151 0022 2046     		mov	r0, r4
 152 0024 70BD     		pop	{r4, r5, r6, pc}
 153              		.cfi_endproc
 154              	.LFE0:
 155              		.size	dmc_packet_init, .-dmc_packet_init
 156 0026 00BF     		.section	.text.byte_to_binary,"ax",%progbits
 157              		.align	2
 158              		.global	byte_to_binary
 159              		.thumb
 160              		.thumb_func
 161              		.type	byte_to_binary, %function
 162              	byte_to_binary:
ARM GAS  C:\Users\Runeg\AppData\Local\Temp\ccfHeXfw.s 			page 6


 163              	.LFB76:
 164              		.file 2 "bro.c"
   1:bro.c         **** /*
   2:bro.c         ****  *
   3:bro.c         ****  * Copyright YOUR COMPANY, THE YEAR
   4:bro.c         ****  * All Rights Reserved
   5:bro.c         ****  * UNPUBLISHED, LICENSED SOFTWARE.
   6:bro.c         ****  *
   7:bro.c         ****  * CONFIDENTIAL AND PROPRIETARY INFORMATION
   8:bro.c         ****  * WHICH IS THE PROPERTY OF your company.
   9:bro.c         ****  *
  10:bro.c         ****  * ========================================
  11:bro.c         **** */
  12:bro.c         **** 
  13:bro.c         **** #include "job_queue.h"
  14:bro.c         **** #include "project.h"
  15:bro.c         **** #include "uart_rpi.h"
  16:bro.c         **** #include "stdio.h"
  17:bro.c         **** 
  18:bro.c         **** const char *byte_to_binary(uint8_t x)
  19:bro.c         **** {
 165              		.loc 2 19 0
 166              		.cfi_startproc
 167              		@ args = 0, pretend = 0, frame = 0
 168              		@ frame_needed = 0, uses_anonymous_args = 0
 169              	.LVL18:
 170 0000 F8B5     		push	{r3, r4, r5, r6, r7, lr}
 171              		.cfi_def_cfa_offset 24
 172              		.cfi_offset 3, -24
 173              		.cfi_offset 4, -20
 174              		.cfi_offset 5, -16
 175              		.cfi_offset 6, -12
 176              		.cfi_offset 7, -8
 177              		.cfi_offset 14, -4
 178 0002 0746     		mov	r7, r0
  20:bro.c         ****     static char b[9];
  21:bro.c         ****     b[0] = '\0';
 179              		.loc 2 21 0
 180 0004 0022     		movs	r2, #0
 181 0006 0A4B     		ldr	r3, .L16
 182 0008 1A70     		strb	r2, [r3]
 183              	.LVL19:
  22:bro.c         **** 
  23:bro.c         ****     int z;
  24:bro.c         ****     for (z = 128; z > 0; z >>= 1)
 184              		.loc 2 24 0
 185 000a 8024     		movs	r4, #128
 186 000c 0CE0     		b	.L11
 187              	.LVL20:
 188              	.L13:
  25:bro.c         ****     {
  26:bro.c         ****         strcat(b, ((x & z) == z) ? "1" : "0");
 189              		.loc 2 26 0
 190 000e 34EA0703 		bics	r3, r4, r7
 191 0012 01D1     		bne	.L14
 192 0014 074E     		ldr	r6, .L16+4
 193 0016 00E0     		b	.L12
ARM GAS  C:\Users\Runeg\AppData\Local\Temp\ccfHeXfw.s 			page 7


 194              	.L14:
 195 0018 074E     		ldr	r6, .L16+8
 196              	.L12:
 197              		.loc 2 26 0 is_stmt 0 discriminator 4
 198 001a 054D     		ldr	r5, .L16
 199 001c 2846     		mov	r0, r5
 200 001e FFF7FEFF 		bl	strlen
 201              	.LVL21:
 202 0022 3388     		ldrh	r3, [r6]	@ unaligned
 203 0024 2B52     		strh	r3, [r5, r0]	@ unaligned
  24:bro.c         ****     {
 204              		.loc 2 24 0 is_stmt 1 discriminator 4
 205 0026 6410     		asrs	r4, r4, #1
 206              	.LVL22:
 207              	.L11:
  24:bro.c         ****     {
 208              		.loc 2 24 0 is_stmt 0 discriminator 2
 209 0028 002C     		cmp	r4, #0
 210 002a F0DC     		bgt	.L13
  27:bro.c         ****     }
  28:bro.c         **** 
  29:bro.c         ****     return b;
  30:bro.c         **** }
 211              		.loc 2 30 0 is_stmt 1
 212 002c 0048     		ldr	r0, .L16
 213 002e F8BD     		pop	{r3, r4, r5, r6, r7, pc}
 214              	.LVL23:
 215              	.L17:
 216              		.align	2
 217              	.L16:
 218 0030 00000000 		.word	.LANCHOR0
 219 0034 00000000 		.word	.LC0
 220 0038 04000000 		.word	.LC1
 221              		.cfi_endproc
 222              	.LFE76:
 223              		.size	byte_to_binary, .-byte_to_binary
 224              		.section	.text.init_uart_rpi,"ax",%progbits
 225              		.align	2
 226              		.global	init_uart_rpi
 227              		.thumb
 228              		.thumb_func
 229              		.type	init_uart_rpi, %function
 230              	init_uart_rpi:
 231              	.LFB77:
  31:bro.c         **** 
  32:bro.c         **** CY_ISR_PROTO(ISR_uart_rpi_rx_handler);
  33:bro.c         **** 
  34:bro.c         **** 
  35:bro.c         **** struct dmc_packet* current_packet;
  36:bro.c         **** int discard_packet = 0;
  37:bro.c         **** 
  38:bro.c         **** 
  39:bro.c         **** int (*raise_flag_handler)(struct dmc_packet*);
  40:bro.c         **** 
  41:bro.c         **** 
  42:bro.c         **** void init_uart_rpi(int (*raise_flag)(struct dmc_packet*) )
  43:bro.c         **** {   
ARM GAS  C:\Users\Runeg\AppData\Local\Temp\ccfHeXfw.s 			page 8


 232              		.loc 2 43 0
 233              		.cfi_startproc
 234              		@ args = 0, pretend = 0, frame = 0
 235              		@ frame_needed = 0, uses_anonymous_args = 0
 236              	.LVL24:
 237 0000 08B5     		push	{r3, lr}
 238              		.cfi_def_cfa_offset 8
 239              		.cfi_offset 3, -8
 240              		.cfi_offset 14, -4
  44:bro.c         ****     
  45:bro.c         ****     raise_flag_handler = raise_flag;
 241              		.loc 2 45 0
 242 0002 044B     		ldr	r3, .L20
 243 0004 1860     		str	r0, [r3]
  46:bro.c         ****     
  47:bro.c         ****     isr_uart_rpi_rx_StartEx(ISR_uart_rpi_rx_handler);
 244              		.loc 2 47 0
 245 0006 0448     		ldr	r0, .L20+4
 246              	.LVL25:
 247 0008 FFF7FEFF 		bl	isr_uart_rpi_rx_StartEx
 248              	.LVL26:
  48:bro.c         ****     
  49:bro.c         ****     uart_rpi_Start();
 249              		.loc 2 49 0
 250 000c FFF7FEFF 		bl	uart_rpi_Start
 251              	.LVL27:
 252 0010 08BD     		pop	{r3, pc}
 253              	.L21:
 254 0012 00BF     		.align	2
 255              	.L20:
 256 0014 00000000 		.word	raise_flag_handler
 257 0018 00000000 		.word	ISR_uart_rpi_rx_handler
 258              		.cfi_endproc
 259              	.LFE77:
 260              		.size	init_uart_rpi, .-init_uart_rpi
 261              		.section	.text.init_uart_rpi_simple,"ax",%progbits
 262              		.align	2
 263              		.global	init_uart_rpi_simple
 264              		.thumb
 265              		.thumb_func
 266              		.type	init_uart_rpi_simple, %function
 267              	init_uart_rpi_simple:
 268              	.LFB78:
  50:bro.c         **** }
  51:bro.c         **** 
  52:bro.c         **** 
  53:bro.c         **** void init_uart_rpi_simple()
  54:bro.c         **** {
 269              		.loc 2 54 0
 270              		.cfi_startproc
 271              		@ args = 0, pretend = 0, frame = 0
 272              		@ frame_needed = 0, uses_anonymous_args = 0
 273 0000 08B5     		push	{r3, lr}
 274              		.cfi_def_cfa_offset 8
 275              		.cfi_offset 3, -8
 276              		.cfi_offset 14, -4
  55:bro.c         ****     isr_uart_rpi_rx_StartEx(ISR_uart_rpi_rx_handler);
ARM GAS  C:\Users\Runeg\AppData\Local\Temp\ccfHeXfw.s 			page 9


 277              		.loc 2 55 0
 278 0002 0348     		ldr	r0, .L24
 279 0004 FFF7FEFF 		bl	isr_uart_rpi_rx_StartEx
 280              	.LVL28:
  56:bro.c         ****     
  57:bro.c         ****     uart_rpi_Start();
 281              		.loc 2 57 0
 282 0008 FFF7FEFF 		bl	uart_rpi_Start
 283              	.LVL29:
 284 000c 08BD     		pop	{r3, pc}
 285              	.L25:
 286 000e 00BF     		.align	2
 287              	.L24:
 288 0010 00000000 		.word	ISR_uart_rpi_rx_handler
 289              		.cfi_endproc
 290              	.LFE78:
 291              		.size	init_uart_rpi_simple, .-init_uart_rpi_simple
 292              		.section	.text.handleByteReceived,"ax",%progbits
 293              		.align	2
 294              		.global	handleByteReceived
 295              		.thumb
 296              		.thumb_func
 297              		.type	handleByteReceived, %function
 298              	handleByteReceived:
 299              	.LFB79:
  58:bro.c         **** }
  59:bro.c         **** 
  60:bro.c         **** void handleByteReceived(uint8_t byteReceived)
  61:bro.c         **** {
 300              		.loc 2 61 0
 301              		.cfi_startproc
 302              		@ args = 0, pretend = 0, frame = 256
 303              		@ frame_needed = 0, uses_anonymous_args = 0
 304              	.LVL30:
 305 0000 30B5     		push	{r4, r5, lr}
 306              		.cfi_def_cfa_offset 12
 307              		.cfi_offset 4, -12
 308              		.cfi_offset 5, -8
 309              		.cfi_offset 14, -4
 310 0002 C1B0     		sub	sp, sp, #260
 311              		.cfi_def_cfa_offset 272
 312 0004 0446     		mov	r4, r0
  62:bro.c         ****     char buf[255];
  63:bro.c         ****     snprintf(buf, sizeof(buf), "Calling handleByteRecived. byte = %s\r\n", byte_to_binary(byteRecei
 313              		.loc 2 63 0
 314 0006 FFF7FEFF 		bl	byte_to_binary
 315              	.LVL31:
 316 000a 0346     		mov	r3, r0
 317 000c 1E4A     		ldr	r2, .L33
 318 000e FF21     		movs	r1, #255
 319 0010 6846     		mov	r0, sp
 320 0012 FFF7FEFF 		bl	snprintf
 321              	.LVL32:
  64:bro.c         ****     uart_pc_PutString(buf);
 322              		.loc 2 64 0
 323 0016 6846     		mov	r0, sp
 324 0018 FFF7FEFF 		bl	uart_pc_PutString
ARM GAS  C:\Users\Runeg\AppData\Local\Temp\ccfHeXfw.s 			page 10


 325              	.LVL33:
  65:bro.c         ****    //Put first byte through packet init
  66:bro.c         ****    if (current_packet == NULL)
 326              		.loc 2 66 0
 327 001c 1B4B     		ldr	r3, .L33+4
 328 001e 1868     		ldr	r0, [r3]
 329 0020 D0B9     		cbnz	r0, .L27
  67:bro.c         ****     {
  68:bro.c         ****         uart_pc_PutString("NULL packet found\r\n");
 330              		.loc 2 68 0
 331 0022 1B48     		ldr	r0, .L33+8
 332 0024 FFF7FEFF 		bl	uart_pc_PutString
 333              	.LVL34:
  69:bro.c         ****         //TO DO: Validate packet type is valid        
  70:bro.c         ****         current_packet = dmc_packet_init((enum dmc_packet_type)byteReceived);
 334              		.loc 2 70 0
 335 0028 2046     		mov	r0, r4
 336 002a FFF7FEFF 		bl	dmc_packet_init
 337              	.LVL35:
 338 002e 174C     		ldr	r4, .L33+4
 339 0030 2060     		str	r0, [r4]
  71:bro.c         ****         discard_packet = raise_flag_handler(current_packet);
 340              		.loc 2 71 0
 341 0032 184B     		ldr	r3, .L33+12
 342 0034 1B68     		ldr	r3, [r3]
 343 0036 9847     		blx	r3
 344              	.LVL36:
 345 0038 0546     		mov	r5, r0
 346 003a 174B     		ldr	r3, .L33+16
 347 003c D860     		str	r0, [r3, #12]
  72:bro.c         ****         if (!dmc_packet_complete(current_packet) || discard_packet)
 348              		.loc 2 72 0
 349 003e 2468     		ldr	r4, [r4]
 350 0040 2046     		mov	r0, r4
 351 0042 FFF7FEFF 		bl	dmc_packet_complete
 352              	.LVL37:
 353 0046 E0B1     		cbz	r0, .L26
 354              		.loc 2 72 0 is_stmt 0 discriminator 1
 355 0048 DDB9     		cbnz	r5, .L26
  73:bro.c         ****             return;
  74:bro.c         ****         
  75:bro.c         ****         job_enqueue_packet(current_packet);
 356              		.loc 2 75 0 is_stmt 1
 357 004a 2046     		mov	r0, r4
 358 004c FFF7FEFF 		bl	job_enqueue_packet
 359              	.LVL38:
  76:bro.c         ****         current_packet = NULL;
 360              		.loc 2 76 0
 361 0050 0022     		movs	r2, #0
 362 0052 0E4B     		ldr	r3, .L33+4
 363 0054 1A60     		str	r2, [r3]
  77:bro.c         ****         return;  
 364              		.loc 2 77 0
 365 0056 14E0     		b	.L26
 366              	.L27:
  78:bro.c         ****     }
  79:bro.c         ****    
ARM GAS  C:\Users\Runeg\AppData\Local\Temp\ccfHeXfw.s 			page 11


  80:bro.c         ****     //Append byterecived to current_packet
  81:bro.c         ****     dmc_packet_append_byte(current_packet, (unsigned char)byteReceived);
 367              		.loc 2 81 0
 368 0058 2146     		mov	r1, r4
 369 005a FFF7FEFF 		bl	dmc_packet_append_byte
 370              	.LVL39:
  82:bro.c         ****     
  83:bro.c         ****     //Push packet to job_queue if payload is complete
  84:bro.c         ****     if (dmc_packet_complete(current_packet))
 371              		.loc 2 84 0
 372 005e 0B4B     		ldr	r3, .L33+4
 373 0060 1868     		ldr	r0, [r3]
 374 0062 FFF7FEFF 		bl	dmc_packet_complete
 375              	.LVL40:
 376 0066 60B1     		cbz	r0, .L26
  85:bro.c         ****     {
  86:bro.c         ****         uart_pc_PutString("dmc packet complete\r\n");
 377              		.loc 2 86 0
 378 0068 0C48     		ldr	r0, .L33+20
 379 006a FFF7FEFF 		bl	uart_pc_PutString
 380              	.LVL41:
  87:bro.c         ****         if (!discard_packet)
 381              		.loc 2 87 0
 382 006e 0A4B     		ldr	r3, .L33+16
 383 0070 DB68     		ldr	r3, [r3, #12]
 384 0072 1BB9     		cbnz	r3, .L30
  88:bro.c         ****             job_enqueue_packet(current_packet);
 385              		.loc 2 88 0
 386 0074 054B     		ldr	r3, .L33+4
 387 0076 1868     		ldr	r0, [r3]
 388 0078 FFF7FEFF 		bl	job_enqueue_packet
 389              	.LVL42:
 390              	.L30:
  89:bro.c         ****         current_packet = NULL;
 391              		.loc 2 89 0
 392 007c 0022     		movs	r2, #0
 393 007e 034B     		ldr	r3, .L33+4
 394 0080 1A60     		str	r2, [r3]
 395              	.L26:
  90:bro.c         ****     }
  91:bro.c         **** }
 396              		.loc 2 91 0
 397 0082 41B0     		add	sp, sp, #260
 398              		.cfi_def_cfa_offset 12
 399              		@ sp needed
 400 0084 30BD     		pop	{r4, r5, pc}
 401              	.L34:
 402 0086 00BF     		.align	2
 403              	.L33:
 404 0088 08000000 		.word	.LC2
 405 008c 00000000 		.word	current_packet
 406 0090 30000000 		.word	.LC3
 407 0094 00000000 		.word	raise_flag_handler
 408 0098 00000000 		.word	.LANCHOR0
 409 009c 44000000 		.word	.LC4
 410              		.cfi_endproc
 411              	.LFE79:
ARM GAS  C:\Users\Runeg\AppData\Local\Temp\ccfHeXfw.s 			page 12


 412              		.size	handleByteReceived, .-handleByteReceived
 413              		.section	.text.ISR_uart_rpi_rx_handler,"ax",%progbits
 414              		.align	2
 415              		.global	ISR_uart_rpi_rx_handler
 416              		.thumb
 417              		.thumb_func
 418              		.type	ISR_uart_rpi_rx_handler, %function
 419              	ISR_uart_rpi_rx_handler:
 420              	.LFB80:
  92:bro.c         **** 
  93:bro.c         **** 
  94:bro.c         **** CY_ISR(ISR_uart_rpi_rx_handler)
  95:bro.c         **** {
 421              		.loc 2 95 0
 422              		.cfi_startproc
 423              		@ args = 0, pretend = 0, frame = 0
 424              		@ frame_needed = 0, uses_anonymous_args = 0
 425 0000 38B5     		push	{r3, r4, r5, lr}
 426              		.cfi_def_cfa_offset 16
 427              		.cfi_offset 3, -16
 428              		.cfi_offset 4, -12
 429              		.cfi_offset 5, -8
 430              		.cfi_offset 14, -4
  96:bro.c         ****     uint8_t bytesToRead = uart_rpi_GetRxBufferSize();
 431              		.loc 2 96 0
 432 0002 FFF7FEFF 		bl	uart_rpi_GetRxBufferSize
 433              	.LVL43:
 434 0006 0446     		mov	r4, r0
 435              	.LVL44:
  97:bro.c         ****     while (bytesToRead > 0)
 436              		.loc 2 97 0
 437 0008 09E0     		b	.L36
 438              	.L37:
 439              	.LBB2:
  98:bro.c         ****     {
  99:bro.c         ****         uint8_t byteReceived = uart_rpi_ReadRxData();
 440              		.loc 2 99 0
 441 000a FFF7FEFF 		bl	uart_rpi_ReadRxData
 442              	.LVL45:
 443 000e 0546     		mov	r5, r0
 444              	.LVL46:
 100:bro.c         ****         uart_pc_WriteTxData(byteReceived); // echo into PC for debugging - program sometime be bugg
 445              		.loc 2 100 0
 446 0010 FFF7FEFF 		bl	uart_pc_WriteTxData
 447              	.LVL47:
 101:bro.c         ****         
 102:bro.c         ****         handleByteReceived(byteReceived);
 448              		.loc 2 102 0
 449 0014 2846     		mov	r0, r5
 450 0016 FFF7FEFF 		bl	handleByteReceived
 451              	.LVL48:
 103:bro.c         ****         
 104:bro.c         ****         bytesToRead--;
 452              		.loc 2 104 0
 453 001a 013C     		subs	r4, r4, #1
 454              	.LVL49:
 455 001c E4B2     		uxtb	r4, r4
ARM GAS  C:\Users\Runeg\AppData\Local\Temp\ccfHeXfw.s 			page 13


 456              	.LVL50:
 457              	.L36:
 458              	.LBE2:
  97:bro.c         ****     {
 459              		.loc 2 97 0
 460 001e 002C     		cmp	r4, #0
 461 0020 F3D1     		bne	.L37
 105:bro.c         ****     }
 106:bro.c         **** }
 462              		.loc 2 106 0
 463 0022 38BD     		pop	{r3, r4, r5, pc}
 464              		.cfi_endproc
 465              	.LFE80:
 466              		.size	ISR_uart_rpi_rx_handler, .-ISR_uart_rpi_rx_handler
 467              		.comm	raise_flag_handler,4,4
 468              		.global	discard_packet
 469              		.comm	current_packet,4,4
 470              		.section	.rodata.str1.4,"aMS",%progbits,1
 471              		.align	2
 472              	.LC0:
 473 0000 3100     		.ascii	"1\000"
 474 0002 0000     		.space	2
 475              	.LC1:
 476 0004 3000     		.ascii	"0\000"
 477 0006 0000     		.space	2
 478              	.LC2:
 479 0008 43616C6C 		.ascii	"Calling handleByteRecived. byte = %s\015\012\000"
 479      696E6720 
 479      68616E64 
 479      6C654279 
 479      74655265 
 480 002f 00       		.space	1
 481              	.LC3:
 482 0030 4E554C4C 		.ascii	"NULL packet found\015\012\000"
 482      20706163 
 482      6B657420 
 482      666F756E 
 482      640D0A00 
 483              	.LC4:
 484 0044 646D6320 		.ascii	"dmc packet complete\015\012\000"
 484      7061636B 
 484      65742063 
 484      6F6D706C 
 484      6574650D 
 485              		.bss
 486              		.align	2
 487              		.set	.LANCHOR0,. + 0
 488              		.type	b.7591, %object
 489              		.size	b.7591, 9
 490              	b.7591:
 491 0000 00000000 		.space	9
 491      00000000 
 491      00
 492 0009 000000   		.space	3
 493              		.type	discard_packet, %object
 494              		.size	discard_packet, 4
 495              	discard_packet:
ARM GAS  C:\Users\Runeg\AppData\Local\Temp\ccfHeXfw.s 			page 14


 496 000c 00000000 		.space	4
 497              		.text
 498              	.Letext0:
 499              		.file 3 "c:\\program files (x86)\\cypress\\psoc creator\\4.4\\psoc creator\\import\\gnu\\arm\\5.4.
 500              		.file 4 "c:\\program files (x86)\\cypress\\psoc creator\\4.4\\psoc creator\\import\\gnu\\arm\\5.4.
 501              		.file 5 "c:\\program files (x86)\\cypress\\psoc creator\\4.4\\psoc creator\\import\\gnu\\arm\\5.4.
 502              		.file 6 "Generated_Source\\PSoC5/core_cm3.h"
 503              		.file 7 "c:\\program files (x86)\\cypress\\psoc creator\\4.4\\psoc creator\\import\\gnu\\arm\\5.4.
 504              		.file 8 "Generated_Source\\PSoC5/isr_uart_rpi_rx.h"
 505              		.file 9 "Generated_Source\\PSoC5/uart_rpi.h"
 506              		.file 10 "c:\\program files (x86)\\cypress\\psoc creator\\4.4\\psoc creator\\import\\gnu\\arm\\5.4
 507              		.file 11 "Generated_Source\\PSoC5/uart_pc.h"
 508              		.file 12 "job_queue.h"
 509              		.file 13 "<built-in>"
 510              		.section	.debug_info,"",%progbits
 511              	.Ldebug_info0:
 512 0000 56050000 		.4byte	0x556
 513 0004 0400     		.2byte	0x4
 514 0006 00000000 		.4byte	.Ldebug_abbrev0
 515 000a 04       		.byte	0x4
 516 000b 01       		.uleb128 0x1
 517 000c 68030000 		.4byte	.LASF50
 518 0010 0C       		.byte	0xc
 519 0011 04030000 		.4byte	.LASF51
 520 0015 0D020000 		.4byte	.LASF52
 521 0019 00000000 		.4byte	.Ldebug_ranges0+0
 522 001d 00000000 		.4byte	0
 523 0021 00000000 		.4byte	.Ldebug_line0
 524 0025 02       		.uleb128 0x2
 525 0026 49000000 		.4byte	.LASF4
 526 002a 03       		.byte	0x3
 527 002b D8       		.byte	0xd8
 528 002c 30000000 		.4byte	0x30
 529 0030 03       		.uleb128 0x3
 530 0031 04       		.byte	0x4
 531 0032 07       		.byte	0x7
 532 0033 00020000 		.4byte	.LASF0
 533 0037 04       		.uleb128 0x4
 534 0038 04       		.byte	0x4
 535 0039 05       		.byte	0x5
 536 003a 696E7400 		.ascii	"int\000"
 537 003e 03       		.uleb128 0x3
 538 003f 08       		.byte	0x8
 539 0040 05       		.byte	0x5
 540 0041 14010000 		.4byte	.LASF1
 541 0045 03       		.uleb128 0x3
 542 0046 08       		.byte	0x8
 543 0047 04       		.byte	0x4
 544 0048 8A010000 		.4byte	.LASF2
 545 004c 03       		.uleb128 0x3
 546 004d 01       		.byte	0x1
 547 004e 06       		.byte	0x6
 548 004f C9010000 		.4byte	.LASF3
 549 0053 02       		.uleb128 0x2
 550 0054 56010000 		.4byte	.LASF5
 551 0058 04       		.byte	0x4
 552 0059 1D       		.byte	0x1d
ARM GAS  C:\Users\Runeg\AppData\Local\Temp\ccfHeXfw.s 			page 15


 553 005a 5E000000 		.4byte	0x5e
 554 005e 03       		.uleb128 0x3
 555 005f 01       		.byte	0x1
 556 0060 08       		.byte	0x8
 557 0061 96010000 		.4byte	.LASF6
 558 0065 03       		.uleb128 0x3
 559 0066 02       		.byte	0x2
 560 0067 05       		.byte	0x5
 561 0068 3F000000 		.4byte	.LASF7
 562 006c 03       		.uleb128 0x3
 563 006d 02       		.byte	0x2
 564 006e 07       		.byte	0x7
 565 006f 53020000 		.4byte	.LASF8
 566 0073 02       		.uleb128 0x2
 567 0074 0A030000 		.4byte	.LASF9
 568 0078 04       		.byte	0x4
 569 0079 3F       		.byte	0x3f
 570 007a 7E000000 		.4byte	0x7e
 571 007e 03       		.uleb128 0x3
 572 007f 04       		.byte	0x4
 573 0080 05       		.byte	0x5
 574 0081 22010000 		.4byte	.LASF10
 575 0085 03       		.uleb128 0x3
 576 0086 04       		.byte	0x4
 577 0087 07       		.byte	0x7
 578 0088 C7020000 		.4byte	.LASF11
 579 008c 03       		.uleb128 0x3
 580 008d 08       		.byte	0x8
 581 008e 07       		.byte	0x7
 582 008f D5010000 		.4byte	.LASF12
 583 0093 03       		.uleb128 0x3
 584 0094 04       		.byte	0x4
 585 0095 07       		.byte	0x7
 586 0096 57000000 		.4byte	.LASF13
 587 009a 05       		.uleb128 0x5
 588 009b 04       		.byte	0x4
 589 009c A0000000 		.4byte	0xa0
 590 00a0 03       		.uleb128 0x3
 591 00a1 01       		.byte	0x1
 592 00a2 08       		.byte	0x8
 593 00a3 8E020000 		.4byte	.LASF14
 594 00a7 05       		.uleb128 0x5
 595 00a8 04       		.byte	0x4
 596 00a9 AD000000 		.4byte	0xad
 597 00ad 06       		.uleb128 0x6
 598 00ae A0000000 		.4byte	0xa0
 599 00b2 07       		.uleb128 0x7
 600 00b3 C9000000 		.4byte	.LASF53
 601 00b7 01       		.byte	0x1
 602 00b8 5E000000 		.4byte	0x5e
 603 00bc 01       		.byte	0x1
 604 00bd 0E       		.byte	0xe
 605 00be DB000000 		.4byte	0xdb
 606 00c2 08       		.uleb128 0x8
 607 00c3 72010000 		.4byte	.LASF15
 608 00c7 80       		.byte	0x80
 609 00c8 08       		.uleb128 0x8
ARM GAS  C:\Users\Runeg\AppData\Local\Temp\ccfHeXfw.s 			page 16


 610 00c9 A4000000 		.4byte	.LASF16
 611 00cd 92       		.byte	0x92
 612 00ce 08       		.uleb128 0x8
 613 00cf E5020000 		.4byte	.LASF17
 614 00d3 A0       		.byte	0xa0
 615 00d4 08       		.uleb128 0x8
 616 00d5 93020000 		.4byte	.LASF18
 617 00d9 B2       		.byte	0xb2
 618 00da 00       		.byte	0
 619 00db 09       		.uleb128 0x9
 620 00dc 09010000 		.4byte	.LASF54
 621 00e0 0C       		.byte	0xc
 622 00e1 01       		.byte	0x1
 623 00e2 16       		.byte	0x16
 624 00e3 0C010000 		.4byte	0x10c
 625 00e7 0A       		.uleb128 0xa
 626 00e8 EC010000 		.4byte	.LASF19
 627 00ec 01       		.byte	0x1
 628 00ed 1B       		.byte	0x1b
 629 00ee B2000000 		.4byte	0xb2
 630 00f2 00       		.byte	0
 631 00f3 0A       		.uleb128 0xa
 632 00f4 C2020000 		.4byte	.LASF20
 633 00f8 01       		.byte	0x1
 634 00f9 20       		.byte	0x20
 635 00fa 9A000000 		.4byte	0x9a
 636 00fe 04       		.byte	0x4
 637 00ff 0A       		.uleb128 0xa
 638 0100 60010000 		.4byte	.LASF21
 639 0104 01       		.byte	0x1
 640 0105 25       		.byte	0x25
 641 0106 25000000 		.4byte	0x25
 642 010a 08       		.byte	0x8
 643 010b 00       		.byte	0
 644 010c 02       		.uleb128 0x2
 645 010d D9000000 		.4byte	.LASF22
 646 0111 05       		.byte	0x5
 647 0112 18       		.byte	0x18
 648 0113 53000000 		.4byte	0x53
 649 0117 02       		.uleb128 0x2
 650 0118 BA020000 		.4byte	.LASF23
 651 011c 05       		.byte	0x5
 652 011d 2C       		.byte	0x2c
 653 011e 73000000 		.4byte	0x73
 654 0122 03       		.uleb128 0x3
 655 0123 04       		.byte	0x4
 656 0124 04       		.byte	0x4
 657 0125 03010000 		.4byte	.LASF24
 658 0129 03       		.uleb128 0x3
 659 012a 08       		.byte	0x8
 660 012b 04       		.byte	0x4
 661 012c FD020000 		.4byte	.LASF25
 662 0130 0B       		.uleb128 0xb
 663 0131 00000000 		.4byte	.LASF26
 664 0135 01       		.byte	0x1
 665 0136 5B       		.byte	0x5b
 666 0137 5E000000 		.4byte	0x5e
ARM GAS  C:\Users\Runeg\AppData\Local\Temp\ccfHeXfw.s 			page 17


 667 013b 00000000 		.4byte	.LFB2
 668 013f 12000000 		.4byte	.LFE2-.LFB2
 669 0143 01       		.uleb128 0x1
 670 0144 9C       		.byte	0x9c
 671 0145 66010000 		.4byte	0x166
 672 0149 0C       		.uleb128 0xc
 673 014a EF000000 		.4byte	.LASF28
 674 014e 01       		.byte	0x1
 675 014f 5B       		.byte	0x5b
 676 0150 66010000 		.4byte	0x166
 677 0154 00000000 		.4byte	.LLST0
 678 0158 0D       		.uleb128 0xd
 679 0159 F6030000 		.4byte	.LASF29
 680 015d 01       		.byte	0x1
 681 015e 5D       		.byte	0x5d
 682 015f 5E000000 		.4byte	0x5e
 683 0163 01       		.uleb128 0x1
 684 0164 53       		.byte	0x53
 685 0165 00       		.byte	0
 686 0166 05       		.uleb128 0x5
 687 0167 04       		.byte	0x4
 688 0168 DB000000 		.4byte	0xdb
 689 016c 0B       		.uleb128 0xb
 690 016d 44030000 		.4byte	.LASF27
 691 0171 01       		.byte	0x1
 692 0172 65       		.byte	0x65
 693 0173 5E000000 		.4byte	0x5e
 694 0177 00000000 		.4byte	.LFB3
 695 017b 22000000 		.4byte	.LFE3-.LFB3
 696 017f 01       		.uleb128 0x1
 697 0180 9C       		.byte	0x9c
 698 0181 B1010000 		.4byte	0x1b1
 699 0185 0C       		.uleb128 0xc
 700 0186 EF000000 		.4byte	.LASF28
 701 018a 01       		.byte	0x1
 702 018b 65       		.byte	0x65
 703 018c 66010000 		.4byte	0x166
 704 0190 21000000 		.4byte	.LLST1
 705 0194 0E       		.uleb128 0xe
 706 0195 C2020000 		.4byte	.LASF20
 707 0199 01       		.byte	0x1
 708 019a 66       		.byte	0x66
 709 019b 5E000000 		.4byte	0x5e
 710 019f 01       		.uleb128 0x1
 711 01a0 51       		.byte	0x51
 712 01a1 0F       		.uleb128 0xf
 713 01a2 F6030000 		.4byte	.LASF29
 714 01a6 01       		.byte	0x1
 715 01a7 68       		.byte	0x68
 716 01a8 5E000000 		.4byte	0x5e
 717 01ac 5B000000 		.4byte	.LLST2
 718 01b0 00       		.byte	0
 719 01b1 0B       		.uleb128 0xb
 720 01b2 14030000 		.4byte	.LASF30
 721 01b6 01       		.byte	0x1
 722 01b7 2C       		.byte	0x2c
 723 01b8 66010000 		.4byte	0x166
ARM GAS  C:\Users\Runeg\AppData\Local\Temp\ccfHeXfw.s 			page 18


 724 01bc 00000000 		.4byte	.LFB0
 725 01c0 26000000 		.4byte	.LFE0-.LFB0
 726 01c4 01       		.uleb128 0x1
 727 01c5 9C       		.byte	0x9c
 728 01c6 19020000 		.4byte	0x219
 729 01ca 0C       		.uleb128 0xc
 730 01cb EC010000 		.4byte	.LASF19
 731 01cf 01       		.byte	0x1
 732 01d0 2C       		.byte	0x2c
 733 01d1 B2000000 		.4byte	0xb2
 734 01d5 8A000000 		.4byte	.LLST3
 735 01d9 0D       		.uleb128 0xd
 736 01da F6030000 		.4byte	.LASF29
 737 01de 01       		.byte	0x1
 738 01df 2E       		.byte	0x2e
 739 01e0 5E000000 		.4byte	0x5e
 740 01e4 01       		.uleb128 0x1
 741 01e5 56       		.byte	0x56
 742 01e6 0F       		.uleb128 0xf
 743 01e7 EF000000 		.4byte	.LASF28
 744 01eb 01       		.byte	0x1
 745 01ec 31       		.byte	0x31
 746 01ed 66010000 		.4byte	0x166
 747 01f1 AB000000 		.4byte	.LLST4
 748 01f5 10       		.uleb128 0x10
 749 01f6 0E000000 		.4byte	.LVL14
 750 01fa E7040000 		.4byte	0x4e7
 751 01fe 08020000 		.4byte	0x208
 752 0202 11       		.uleb128 0x11
 753 0203 01       		.uleb128 0x1
 754 0204 50       		.byte	0x50
 755 0205 01       		.uleb128 0x1
 756 0206 3C       		.byte	0x3c
 757 0207 00       		.byte	0
 758 0208 12       		.uleb128 0x12
 759 0209 20000000 		.4byte	.LVL17
 760 020d E7040000 		.4byte	0x4e7
 761 0211 11       		.uleb128 0x11
 762 0212 01       		.uleb128 0x1
 763 0213 50       		.byte	0x50
 764 0214 02       		.uleb128 0x2
 765 0215 76       		.byte	0x76
 766 0216 00       		.sleb128 0
 767 0217 00       		.byte	0
 768 0218 00       		.byte	0
 769 0219 13       		.uleb128 0x13
 770 021a 6F000000 		.4byte	.LASF55
 771 021e 02       		.byte	0x2
 772 021f 12       		.byte	0x12
 773 0220 A7000000 		.4byte	0xa7
 774 0224 00000000 		.4byte	.LFB76
 775 0228 3C000000 		.4byte	.LFE76-.LFB76
 776 022c 01       		.uleb128 0x1
 777 022d 9C       		.byte	0x9c
 778 022e 6C020000 		.4byte	0x26c
 779 0232 14       		.uleb128 0x14
 780 0233 7800     		.ascii	"x\000"
ARM GAS  C:\Users\Runeg\AppData\Local\Temp\ccfHeXfw.s 			page 19


 781 0235 02       		.byte	0x2
 782 0236 12       		.byte	0x12
 783 0237 0C010000 		.4byte	0x10c
 784 023b C9000000 		.4byte	.LLST5
 785 023f 15       		.uleb128 0x15
 786 0240 6200     		.ascii	"b\000"
 787 0242 02       		.byte	0x2
 788 0243 14       		.byte	0x14
 789 0244 6C020000 		.4byte	0x26c
 790 0248 05       		.uleb128 0x5
 791 0249 03       		.byte	0x3
 792 024a 00000000 		.4byte	b.7591
 793 024e 16       		.uleb128 0x16
 794 024f 7A00     		.ascii	"z\000"
 795 0251 02       		.byte	0x2
 796 0252 17       		.byte	0x17
 797 0253 37000000 		.4byte	0x37
 798 0257 EA000000 		.4byte	.LLST6
 799 025b 12       		.uleb128 0x12
 800 025c 22000000 		.4byte	.LVL21
 801 0260 F2040000 		.4byte	0x4f2
 802 0264 11       		.uleb128 0x11
 803 0265 01       		.uleb128 0x1
 804 0266 50       		.byte	0x50
 805 0267 02       		.uleb128 0x2
 806 0268 75       		.byte	0x75
 807 0269 00       		.sleb128 0
 808 026a 00       		.byte	0
 809 026b 00       		.byte	0
 810 026c 17       		.uleb128 0x17
 811 026d A0000000 		.4byte	0xa0
 812 0271 7C020000 		.4byte	0x27c
 813 0275 18       		.uleb128 0x18
 814 0276 93000000 		.4byte	0x93
 815 027a 08       		.byte	0x8
 816 027b 00       		.byte	0
 817 027c 19       		.uleb128 0x19
 818 027d E1000000 		.4byte	.LASF32
 819 0281 02       		.byte	0x2
 820 0282 2A       		.byte	0x2a
 821 0283 00000000 		.4byte	.LFB77
 822 0287 1C000000 		.4byte	.LFE77-.LFB77
 823 028b 01       		.uleb128 0x1
 824 028c 9C       		.byte	0x9c
 825 028d C1020000 		.4byte	0x2c1
 826 0291 0C       		.uleb128 0xc
 827 0292 24030000 		.4byte	.LASF31
 828 0296 02       		.byte	0x2
 829 0297 2A       		.byte	0x2a
 830 0298 D0020000 		.4byte	0x2d0
 831 029c 0A010000 		.4byte	.LLST7
 832 02a0 10       		.uleb128 0x10
 833 02a1 0C000000 		.4byte	.LVL26
 834 02a5 01050000 		.4byte	0x501
 835 02a9 B7020000 		.4byte	0x2b7
 836 02ad 11       		.uleb128 0x11
 837 02ae 01       		.uleb128 0x1
ARM GAS  C:\Users\Runeg\AppData\Local\Temp\ccfHeXfw.s 			page 20


 838 02af 50       		.byte	0x50
 839 02b0 05       		.uleb128 0x5
 840 02b1 03       		.byte	0x3
 841 02b2 00000000 		.4byte	ISR_uart_rpi_rx_handler
 842 02b6 00       		.byte	0
 843 02b7 1A       		.uleb128 0x1a
 844 02b8 10000000 		.4byte	.LVL27
 845 02bc 0C050000 		.4byte	0x50c
 846 02c0 00       		.byte	0
 847 02c1 1B       		.uleb128 0x1b
 848 02c2 37000000 		.4byte	0x37
 849 02c6 D0020000 		.4byte	0x2d0
 850 02ca 1C       		.uleb128 0x1c
 851 02cb 66010000 		.4byte	0x166
 852 02cf 00       		.byte	0
 853 02d0 05       		.uleb128 0x5
 854 02d1 04       		.byte	0x4
 855 02d2 C1020000 		.4byte	0x2c1
 856 02d6 1D       		.uleb128 0x1d
 857 02d7 2F030000 		.4byte	.LASF56
 858 02db 02       		.byte	0x2
 859 02dc 35       		.byte	0x35
 860 02dd 00000000 		.4byte	.LFB78
 861 02e1 14000000 		.4byte	.LFE78-.LFB78
 862 02e5 01       		.uleb128 0x1
 863 02e6 9C       		.byte	0x9c
 864 02e7 0C030000 		.4byte	0x30c
 865 02eb 10       		.uleb128 0x10
 866 02ec 08000000 		.4byte	.LVL28
 867 02f0 01050000 		.4byte	0x501
 868 02f4 02030000 		.4byte	0x302
 869 02f8 11       		.uleb128 0x11
 870 02f9 01       		.uleb128 0x1
 871 02fa 50       		.byte	0x50
 872 02fb 05       		.uleb128 0x5
 873 02fc 03       		.byte	0x3
 874 02fd 00000000 		.4byte	ISR_uart_rpi_rx_handler
 875 0301 00       		.byte	0
 876 0302 1A       		.uleb128 0x1a
 877 0303 0C000000 		.4byte	.LVL29
 878 0307 0C050000 		.4byte	0x50c
 879 030b 00       		.byte	0
 880 030c 1E       		.uleb128 0x1e
 881 030d 01040000 		.4byte	.LASF33
 882 0311 02       		.byte	0x2
 883 0312 3C       		.byte	0x3c
 884 0313 00000000 		.4byte	.LFB79
 885 0317 A0000000 		.4byte	.LFE79-.LFB79
 886 031b 01       		.uleb128 0x1
 887 031c 9C       		.byte	0x9c
 888 031d 1B040000 		.4byte	0x41b
 889 0321 0C       		.uleb128 0xc
 890 0322 F6000000 		.4byte	.LASF34
 891 0326 02       		.byte	0x2
 892 0327 3C       		.byte	0x3c
 893 0328 0C010000 		.4byte	0x10c
 894 032c 3A010000 		.4byte	.LLST8
ARM GAS  C:\Users\Runeg\AppData\Local\Temp\ccfHeXfw.s 			page 21


 895 0330 15       		.uleb128 0x15
 896 0331 62756600 		.ascii	"buf\000"
 897 0335 02       		.byte	0x2
 898 0336 3E       		.byte	0x3e
 899 0337 1B040000 		.4byte	0x41b
 900 033b 03       		.uleb128 0x3
 901 033c 91       		.byte	0x91
 902 033d F07D     		.sleb128 -272
 903 033f 10       		.uleb128 0x10
 904 0340 0A000000 		.4byte	.LVL31
 905 0344 19020000 		.4byte	0x219
 906 0348 53030000 		.4byte	0x353
 907 034c 11       		.uleb128 0x11
 908 034d 01       		.uleb128 0x1
 909 034e 50       		.byte	0x50
 910 034f 02       		.uleb128 0x2
 911 0350 74       		.byte	0x74
 912 0351 00       		.sleb128 0
 913 0352 00       		.byte	0
 914 0353 10       		.uleb128 0x10
 915 0354 16000000 		.4byte	.LVL32
 916 0358 17050000 		.4byte	0x517
 917 035c 76030000 		.4byte	0x376
 918 0360 11       		.uleb128 0x11
 919 0361 01       		.uleb128 0x1
 920 0362 50       		.byte	0x50
 921 0363 02       		.uleb128 0x2
 922 0364 7D       		.byte	0x7d
 923 0365 00       		.sleb128 0
 924 0366 11       		.uleb128 0x11
 925 0367 01       		.uleb128 0x1
 926 0368 51       		.byte	0x51
 927 0369 02       		.uleb128 0x2
 928 036a 08       		.byte	0x8
 929 036b FF       		.byte	0xff
 930 036c 11       		.uleb128 0x11
 931 036d 01       		.uleb128 0x1
 932 036e 52       		.byte	0x52
 933 036f 05       		.uleb128 0x5
 934 0370 03       		.byte	0x3
 935 0371 08000000 		.4byte	.LC2
 936 0375 00       		.byte	0
 937 0376 10       		.uleb128 0x10
 938 0377 1C000000 		.4byte	.LVL33
 939 037b 22050000 		.4byte	0x522
 940 037f 8A030000 		.4byte	0x38a
 941 0383 11       		.uleb128 0x11
 942 0384 01       		.uleb128 0x1
 943 0385 50       		.byte	0x50
 944 0386 02       		.uleb128 0x2
 945 0387 7D       		.byte	0x7d
 946 0388 00       		.sleb128 0
 947 0389 00       		.byte	0
 948 038a 10       		.uleb128 0x10
 949 038b 28000000 		.4byte	.LVL34
 950 038f 22050000 		.4byte	0x522
 951 0393 A1030000 		.4byte	0x3a1
ARM GAS  C:\Users\Runeg\AppData\Local\Temp\ccfHeXfw.s 			page 22


 952 0397 11       		.uleb128 0x11
 953 0398 01       		.uleb128 0x1
 954 0399 50       		.byte	0x50
 955 039a 05       		.uleb128 0x5
 956 039b 03       		.byte	0x3
 957 039c 30000000 		.4byte	.LC3
 958 03a0 00       		.byte	0
 959 03a1 10       		.uleb128 0x10
 960 03a2 2E000000 		.4byte	.LVL35
 961 03a6 B1010000 		.4byte	0x1b1
 962 03aa B5030000 		.4byte	0x3b5
 963 03ae 11       		.uleb128 0x11
 964 03af 01       		.uleb128 0x1
 965 03b0 50       		.byte	0x50
 966 03b1 02       		.uleb128 0x2
 967 03b2 74       		.byte	0x74
 968 03b3 00       		.sleb128 0
 969 03b4 00       		.byte	0
 970 03b5 10       		.uleb128 0x10
 971 03b6 46000000 		.4byte	.LVL37
 972 03ba 30010000 		.4byte	0x130
 973 03be C9030000 		.4byte	0x3c9
 974 03c2 11       		.uleb128 0x11
 975 03c3 01       		.uleb128 0x1
 976 03c4 50       		.byte	0x50
 977 03c5 02       		.uleb128 0x2
 978 03c6 74       		.byte	0x74
 979 03c7 00       		.sleb128 0
 980 03c8 00       		.byte	0
 981 03c9 10       		.uleb128 0x10
 982 03ca 50000000 		.4byte	.LVL38
 983 03ce 2D050000 		.4byte	0x52d
 984 03d2 DD030000 		.4byte	0x3dd
 985 03d6 11       		.uleb128 0x11
 986 03d7 01       		.uleb128 0x1
 987 03d8 50       		.byte	0x50
 988 03d9 02       		.uleb128 0x2
 989 03da 74       		.byte	0x74
 990 03db 00       		.sleb128 0
 991 03dc 00       		.byte	0
 992 03dd 10       		.uleb128 0x10
 993 03de 5E000000 		.4byte	.LVL39
 994 03e2 6C010000 		.4byte	0x16c
 995 03e6 F1030000 		.4byte	0x3f1
 996 03ea 11       		.uleb128 0x11
 997 03eb 01       		.uleb128 0x1
 998 03ec 51       		.byte	0x51
 999 03ed 02       		.uleb128 0x2
 1000 03ee 74       		.byte	0x74
 1001 03ef 00       		.sleb128 0
 1002 03f0 00       		.byte	0
 1003 03f1 1A       		.uleb128 0x1a
 1004 03f2 66000000 		.4byte	.LVL40
 1005 03f6 30010000 		.4byte	0x130
 1006 03fa 10       		.uleb128 0x10
 1007 03fb 6E000000 		.4byte	.LVL41
 1008 03ff 22050000 		.4byte	0x522
ARM GAS  C:\Users\Runeg\AppData\Local\Temp\ccfHeXfw.s 			page 23


 1009 0403 11040000 		.4byte	0x411
 1010 0407 11       		.uleb128 0x11
 1011 0408 01       		.uleb128 0x1
 1012 0409 50       		.byte	0x50
 1013 040a 05       		.uleb128 0x5
 1014 040b 03       		.byte	0x3
 1015 040c 44000000 		.4byte	.LC4
 1016 0410 00       		.byte	0
 1017 0411 1A       		.uleb128 0x1a
 1018 0412 7C000000 		.4byte	.LVL42
 1019 0416 2D050000 		.4byte	0x52d
 1020 041a 00       		.byte	0
 1021 041b 17       		.uleb128 0x17
 1022 041c A0000000 		.4byte	0xa0
 1023 0420 2B040000 		.4byte	0x42b
 1024 0424 18       		.uleb128 0x18
 1025 0425 93000000 		.4byte	0x93
 1026 0429 FE       		.byte	0xfe
 1027 042a 00       		.byte	0
 1028 042b 19       		.uleb128 0x19
 1029 042c 3E010000 		.4byte	.LASF35
 1030 0430 02       		.byte	0x2
 1031 0431 5E       		.byte	0x5e
 1032 0432 00000000 		.4byte	.LFB80
 1033 0436 24000000 		.4byte	.LFE80-.LFB80
 1034 043a 01       		.uleb128 0x1
 1035 043b 9C       		.byte	0x9c
 1036 043c A3040000 		.4byte	0x4a3
 1037 0440 0F       		.uleb128 0xf
 1038 0441 D9020000 		.4byte	.LASF36
 1039 0445 02       		.byte	0x2
 1040 0446 60       		.byte	0x60
 1041 0447 0C010000 		.4byte	0x10c
 1042 044b 5B010000 		.4byte	.LLST9
 1043 044f 1F       		.uleb128 0x1f
 1044 0450 0A000000 		.4byte	.LBB2
 1045 0454 14000000 		.4byte	.LBE2-.LBB2
 1046 0458 99040000 		.4byte	0x499
 1047 045c 0F       		.uleb128 0xf
 1048 045d F6000000 		.4byte	.LASF34
 1049 0461 02       		.byte	0x2
 1050 0462 63       		.byte	0x63
 1051 0463 0C010000 		.4byte	0x10c
 1052 0467 79010000 		.4byte	.LLST10
 1053 046b 1A       		.uleb128 0x1a
 1054 046c 0E000000 		.4byte	.LVL45
 1055 0470 38050000 		.4byte	0x538
 1056 0474 10       		.uleb128 0x10
 1057 0475 14000000 		.4byte	.LVL47
 1058 0479 43050000 		.4byte	0x543
 1059 047d 88040000 		.4byte	0x488
 1060 0481 11       		.uleb128 0x11
 1061 0482 01       		.uleb128 0x1
 1062 0483 50       		.byte	0x50
 1063 0484 02       		.uleb128 0x2
 1064 0485 75       		.byte	0x75
 1065 0486 00       		.sleb128 0
ARM GAS  C:\Users\Runeg\AppData\Local\Temp\ccfHeXfw.s 			page 24


 1066 0487 00       		.byte	0
 1067 0488 12       		.uleb128 0x12
 1068 0489 1A000000 		.4byte	.LVL48
 1069 048d 0C030000 		.4byte	0x30c
 1070 0491 11       		.uleb128 0x11
 1071 0492 01       		.uleb128 0x1
 1072 0493 50       		.byte	0x50
 1073 0494 02       		.uleb128 0x2
 1074 0495 75       		.byte	0x75
 1075 0496 00       		.sleb128 0
 1076 0497 00       		.byte	0
 1077 0498 00       		.byte	0
 1078 0499 1A       		.uleb128 0x1a
 1079 049a 06000000 		.4byte	.LVL43
 1080 049e 4E050000 		.4byte	0x54e
 1081 04a2 00       		.byte	0
 1082 04a3 20       		.uleb128 0x20
 1083 04a4 5B030000 		.4byte	.LASF37
 1084 04a8 06       		.byte	0x6
 1085 04a9 1207     		.2byte	0x712
 1086 04ab AF040000 		.4byte	0x4af
 1087 04af 21       		.uleb128 0x21
 1088 04b0 17010000 		.4byte	0x117
 1089 04b4 22       		.uleb128 0x22
 1090 04b5 60000000 		.4byte	.LASF38
 1091 04b9 02       		.byte	0x2
 1092 04ba 23       		.byte	0x23
 1093 04bb 66010000 		.4byte	0x166
 1094 04bf 05       		.uleb128 0x5
 1095 04c0 03       		.byte	0x3
 1096 04c1 00000000 		.4byte	current_packet
 1097 04c5 22       		.uleb128 0x22
 1098 04c6 7F020000 		.4byte	.LASF39
 1099 04ca 02       		.byte	0x2
 1100 04cb 24       		.byte	0x24
 1101 04cc 37000000 		.4byte	0x37
 1102 04d0 05       		.uleb128 0x5
 1103 04d1 03       		.byte	0x3
 1104 04d2 00000000 		.4byte	discard_packet
 1105 04d6 22       		.uleb128 0x22
 1106 04d7 2B010000 		.4byte	.LASF40
 1107 04db 02       		.byte	0x2
 1108 04dc 27       		.byte	0x27
 1109 04dd D0020000 		.4byte	0x2d0
 1110 04e1 05       		.uleb128 0x5
 1111 04e2 03       		.byte	0x3
 1112 04e3 00000000 		.4byte	raise_flag_handler
 1113 04e7 23       		.uleb128 0x23
 1114 04e8 50000000 		.4byte	.LASF41
 1115 04ec 50000000 		.4byte	.LASF41
 1116 04f0 07       		.byte	0x7
 1117 04f1 64       		.byte	0x64
 1118 04f2 24       		.uleb128 0x24
 1119 04f3 B3020000 		.4byte	.LASF57
 1120 04f7 B8010000 		.4byte	.LASF58
 1121 04fb 0D       		.byte	0xd
 1122 04fc 00       		.byte	0
ARM GAS  C:\Users\Runeg\AppData\Local\Temp\ccfHeXfw.s 			page 25


 1123 04fd B3020000 		.4byte	.LASF57
 1124 0501 23       		.uleb128 0x23
 1125 0502 14000000 		.4byte	.LASF42
 1126 0506 14000000 		.4byte	.LASF42
 1127 050a 08       		.byte	0x8
 1128 050b 18       		.byte	0x18
 1129 050c 23       		.uleb128 0x23
 1130 050d F1010000 		.4byte	.LASF43
 1131 0511 F1010000 		.4byte	.LASF43
 1132 0515 09       		.byte	0x9
 1133 0516 54       		.byte	0x54
 1134 0517 23       		.uleb128 0x23
 1135 0518 69010000 		.4byte	.LASF44
 1136 051c 69010000 		.4byte	.LASF44
 1137 0520 0A       		.byte	0xa
 1138 0521 FD       		.byte	0xfd
 1139 0522 23       		.uleb128 0x23
 1140 0523 7E000000 		.4byte	.LASF45
 1141 0527 7E000000 		.4byte	.LASF45
 1142 052b 0B       		.byte	0xb
 1143 052c 8B       		.byte	0x8b
 1144 052d 23       		.uleb128 0x23
 1145 052e 2C000000 		.4byte	.LASF46
 1146 0532 2C000000 		.4byte	.LASF46
 1147 0536 0C       		.byte	0xc
 1148 0537 19       		.byte	0x19
 1149 0538 23       		.uleb128 0x23
 1150 0539 90000000 		.4byte	.LASF47
 1151 053d 90000000 		.4byte	.LASF47
 1152 0541 09       		.byte	0x9
 1153 0542 6F       		.byte	0x6f
 1154 0543 23       		.uleb128 0x23
 1155 0544 A4010000 		.4byte	.LASF48
 1156 0548 A4010000 		.4byte	.LASF48
 1157 054c 0B       		.byte	0xb
 1158 054d 88       		.byte	0x88
 1159 054e 23       		.uleb128 0x23
 1160 054f 66020000 		.4byte	.LASF49
 1161 0553 66020000 		.4byte	.LASF49
 1162 0557 09       		.byte	0x9
 1163 0558 73       		.byte	0x73
 1164 0559 00       		.byte	0
 1165              		.section	.debug_abbrev,"",%progbits
 1166              	.Ldebug_abbrev0:
 1167 0000 01       		.uleb128 0x1
 1168 0001 11       		.uleb128 0x11
 1169 0002 01       		.byte	0x1
 1170 0003 25       		.uleb128 0x25
 1171 0004 0E       		.uleb128 0xe
 1172 0005 13       		.uleb128 0x13
 1173 0006 0B       		.uleb128 0xb
 1174 0007 03       		.uleb128 0x3
 1175 0008 0E       		.uleb128 0xe
 1176 0009 1B       		.uleb128 0x1b
 1177 000a 0E       		.uleb128 0xe
 1178 000b 55       		.uleb128 0x55
 1179 000c 17       		.uleb128 0x17
ARM GAS  C:\Users\Runeg\AppData\Local\Temp\ccfHeXfw.s 			page 26


 1180 000d 11       		.uleb128 0x11
 1181 000e 01       		.uleb128 0x1
 1182 000f 10       		.uleb128 0x10
 1183 0010 17       		.uleb128 0x17
 1184 0011 00       		.byte	0
 1185 0012 00       		.byte	0
 1186 0013 02       		.uleb128 0x2
 1187 0014 16       		.uleb128 0x16
 1188 0015 00       		.byte	0
 1189 0016 03       		.uleb128 0x3
 1190 0017 0E       		.uleb128 0xe
 1191 0018 3A       		.uleb128 0x3a
 1192 0019 0B       		.uleb128 0xb
 1193 001a 3B       		.uleb128 0x3b
 1194 001b 0B       		.uleb128 0xb
 1195 001c 49       		.uleb128 0x49
 1196 001d 13       		.uleb128 0x13
 1197 001e 00       		.byte	0
 1198 001f 00       		.byte	0
 1199 0020 03       		.uleb128 0x3
 1200 0021 24       		.uleb128 0x24
 1201 0022 00       		.byte	0
 1202 0023 0B       		.uleb128 0xb
 1203 0024 0B       		.uleb128 0xb
 1204 0025 3E       		.uleb128 0x3e
 1205 0026 0B       		.uleb128 0xb
 1206 0027 03       		.uleb128 0x3
 1207 0028 0E       		.uleb128 0xe
 1208 0029 00       		.byte	0
 1209 002a 00       		.byte	0
 1210 002b 04       		.uleb128 0x4
 1211 002c 24       		.uleb128 0x24
 1212 002d 00       		.byte	0
 1213 002e 0B       		.uleb128 0xb
 1214 002f 0B       		.uleb128 0xb
 1215 0030 3E       		.uleb128 0x3e
 1216 0031 0B       		.uleb128 0xb
 1217 0032 03       		.uleb128 0x3
 1218 0033 08       		.uleb128 0x8
 1219 0034 00       		.byte	0
 1220 0035 00       		.byte	0
 1221 0036 05       		.uleb128 0x5
 1222 0037 0F       		.uleb128 0xf
 1223 0038 00       		.byte	0
 1224 0039 0B       		.uleb128 0xb
 1225 003a 0B       		.uleb128 0xb
 1226 003b 49       		.uleb128 0x49
 1227 003c 13       		.uleb128 0x13
 1228 003d 00       		.byte	0
 1229 003e 00       		.byte	0
 1230 003f 06       		.uleb128 0x6
 1231 0040 26       		.uleb128 0x26
 1232 0041 00       		.byte	0
 1233 0042 49       		.uleb128 0x49
 1234 0043 13       		.uleb128 0x13
 1235 0044 00       		.byte	0
 1236 0045 00       		.byte	0
ARM GAS  C:\Users\Runeg\AppData\Local\Temp\ccfHeXfw.s 			page 27


 1237 0046 07       		.uleb128 0x7
 1238 0047 04       		.uleb128 0x4
 1239 0048 01       		.byte	0x1
 1240 0049 03       		.uleb128 0x3
 1241 004a 0E       		.uleb128 0xe
 1242 004b 0B       		.uleb128 0xb
 1243 004c 0B       		.uleb128 0xb
 1244 004d 49       		.uleb128 0x49
 1245 004e 13       		.uleb128 0x13
 1246 004f 3A       		.uleb128 0x3a
 1247 0050 0B       		.uleb128 0xb
 1248 0051 3B       		.uleb128 0x3b
 1249 0052 0B       		.uleb128 0xb
 1250 0053 01       		.uleb128 0x1
 1251 0054 13       		.uleb128 0x13
 1252 0055 00       		.byte	0
 1253 0056 00       		.byte	0
 1254 0057 08       		.uleb128 0x8
 1255 0058 28       		.uleb128 0x28
 1256 0059 00       		.byte	0
 1257 005a 03       		.uleb128 0x3
 1258 005b 0E       		.uleb128 0xe
 1259 005c 1C       		.uleb128 0x1c
 1260 005d 0B       		.uleb128 0xb
 1261 005e 00       		.byte	0
 1262 005f 00       		.byte	0
 1263 0060 09       		.uleb128 0x9
 1264 0061 13       		.uleb128 0x13
 1265 0062 01       		.byte	0x1
 1266 0063 03       		.uleb128 0x3
 1267 0064 0E       		.uleb128 0xe
 1268 0065 0B       		.uleb128 0xb
 1269 0066 0B       		.uleb128 0xb
 1270 0067 3A       		.uleb128 0x3a
 1271 0068 0B       		.uleb128 0xb
 1272 0069 3B       		.uleb128 0x3b
 1273 006a 0B       		.uleb128 0xb
 1274 006b 01       		.uleb128 0x1
 1275 006c 13       		.uleb128 0x13
 1276 006d 00       		.byte	0
 1277 006e 00       		.byte	0
 1278 006f 0A       		.uleb128 0xa
 1279 0070 0D       		.uleb128 0xd
 1280 0071 00       		.byte	0
 1281 0072 03       		.uleb128 0x3
 1282 0073 0E       		.uleb128 0xe
 1283 0074 3A       		.uleb128 0x3a
 1284 0075 0B       		.uleb128 0xb
 1285 0076 3B       		.uleb128 0x3b
 1286 0077 0B       		.uleb128 0xb
 1287 0078 49       		.uleb128 0x49
 1288 0079 13       		.uleb128 0x13
 1289 007a 38       		.uleb128 0x38
 1290 007b 0B       		.uleb128 0xb
 1291 007c 00       		.byte	0
 1292 007d 00       		.byte	0
 1293 007e 0B       		.uleb128 0xb
ARM GAS  C:\Users\Runeg\AppData\Local\Temp\ccfHeXfw.s 			page 28


 1294 007f 2E       		.uleb128 0x2e
 1295 0080 01       		.byte	0x1
 1296 0081 03       		.uleb128 0x3
 1297 0082 0E       		.uleb128 0xe
 1298 0083 3A       		.uleb128 0x3a
 1299 0084 0B       		.uleb128 0xb
 1300 0085 3B       		.uleb128 0x3b
 1301 0086 0B       		.uleb128 0xb
 1302 0087 27       		.uleb128 0x27
 1303 0088 19       		.uleb128 0x19
 1304 0089 49       		.uleb128 0x49
 1305 008a 13       		.uleb128 0x13
 1306 008b 11       		.uleb128 0x11
 1307 008c 01       		.uleb128 0x1
 1308 008d 12       		.uleb128 0x12
 1309 008e 06       		.uleb128 0x6
 1310 008f 40       		.uleb128 0x40
 1311 0090 18       		.uleb128 0x18
 1312 0091 9742     		.uleb128 0x2117
 1313 0093 19       		.uleb128 0x19
 1314 0094 01       		.uleb128 0x1
 1315 0095 13       		.uleb128 0x13
 1316 0096 00       		.byte	0
 1317 0097 00       		.byte	0
 1318 0098 0C       		.uleb128 0xc
 1319 0099 05       		.uleb128 0x5
 1320 009a 00       		.byte	0
 1321 009b 03       		.uleb128 0x3
 1322 009c 0E       		.uleb128 0xe
 1323 009d 3A       		.uleb128 0x3a
 1324 009e 0B       		.uleb128 0xb
 1325 009f 3B       		.uleb128 0x3b
 1326 00a0 0B       		.uleb128 0xb
 1327 00a1 49       		.uleb128 0x49
 1328 00a2 13       		.uleb128 0x13
 1329 00a3 02       		.uleb128 0x2
 1330 00a4 17       		.uleb128 0x17
 1331 00a5 00       		.byte	0
 1332 00a6 00       		.byte	0
 1333 00a7 0D       		.uleb128 0xd
 1334 00a8 34       		.uleb128 0x34
 1335 00a9 00       		.byte	0
 1336 00aa 03       		.uleb128 0x3
 1337 00ab 0E       		.uleb128 0xe
 1338 00ac 3A       		.uleb128 0x3a
 1339 00ad 0B       		.uleb128 0xb
 1340 00ae 3B       		.uleb128 0x3b
 1341 00af 0B       		.uleb128 0xb
 1342 00b0 49       		.uleb128 0x49
 1343 00b1 13       		.uleb128 0x13
 1344 00b2 02       		.uleb128 0x2
 1345 00b3 18       		.uleb128 0x18
 1346 00b4 00       		.byte	0
 1347 00b5 00       		.byte	0
 1348 00b6 0E       		.uleb128 0xe
 1349 00b7 05       		.uleb128 0x5
 1350 00b8 00       		.byte	0
ARM GAS  C:\Users\Runeg\AppData\Local\Temp\ccfHeXfw.s 			page 29


 1351 00b9 03       		.uleb128 0x3
 1352 00ba 0E       		.uleb128 0xe
 1353 00bb 3A       		.uleb128 0x3a
 1354 00bc 0B       		.uleb128 0xb
 1355 00bd 3B       		.uleb128 0x3b
 1356 00be 0B       		.uleb128 0xb
 1357 00bf 49       		.uleb128 0x49
 1358 00c0 13       		.uleb128 0x13
 1359 00c1 02       		.uleb128 0x2
 1360 00c2 18       		.uleb128 0x18
 1361 00c3 00       		.byte	0
 1362 00c4 00       		.byte	0
 1363 00c5 0F       		.uleb128 0xf
 1364 00c6 34       		.uleb128 0x34
 1365 00c7 00       		.byte	0
 1366 00c8 03       		.uleb128 0x3
 1367 00c9 0E       		.uleb128 0xe
 1368 00ca 3A       		.uleb128 0x3a
 1369 00cb 0B       		.uleb128 0xb
 1370 00cc 3B       		.uleb128 0x3b
 1371 00cd 0B       		.uleb128 0xb
 1372 00ce 49       		.uleb128 0x49
 1373 00cf 13       		.uleb128 0x13
 1374 00d0 02       		.uleb128 0x2
 1375 00d1 17       		.uleb128 0x17
 1376 00d2 00       		.byte	0
 1377 00d3 00       		.byte	0
 1378 00d4 10       		.uleb128 0x10
 1379 00d5 898201   		.uleb128 0x4109
 1380 00d8 01       		.byte	0x1
 1381 00d9 11       		.uleb128 0x11
 1382 00da 01       		.uleb128 0x1
 1383 00db 31       		.uleb128 0x31
 1384 00dc 13       		.uleb128 0x13
 1385 00dd 01       		.uleb128 0x1
 1386 00de 13       		.uleb128 0x13
 1387 00df 00       		.byte	0
 1388 00e0 00       		.byte	0
 1389 00e1 11       		.uleb128 0x11
 1390 00e2 8A8201   		.uleb128 0x410a
 1391 00e5 00       		.byte	0
 1392 00e6 02       		.uleb128 0x2
 1393 00e7 18       		.uleb128 0x18
 1394 00e8 9142     		.uleb128 0x2111
 1395 00ea 18       		.uleb128 0x18
 1396 00eb 00       		.byte	0
 1397 00ec 00       		.byte	0
 1398 00ed 12       		.uleb128 0x12
 1399 00ee 898201   		.uleb128 0x4109
 1400 00f1 01       		.byte	0x1
 1401 00f2 11       		.uleb128 0x11
 1402 00f3 01       		.uleb128 0x1
 1403 00f4 31       		.uleb128 0x31
 1404 00f5 13       		.uleb128 0x13
 1405 00f6 00       		.byte	0
 1406 00f7 00       		.byte	0
 1407 00f8 13       		.uleb128 0x13
ARM GAS  C:\Users\Runeg\AppData\Local\Temp\ccfHeXfw.s 			page 30


 1408 00f9 2E       		.uleb128 0x2e
 1409 00fa 01       		.byte	0x1
 1410 00fb 3F       		.uleb128 0x3f
 1411 00fc 19       		.uleb128 0x19
 1412 00fd 03       		.uleb128 0x3
 1413 00fe 0E       		.uleb128 0xe
 1414 00ff 3A       		.uleb128 0x3a
 1415 0100 0B       		.uleb128 0xb
 1416 0101 3B       		.uleb128 0x3b
 1417 0102 0B       		.uleb128 0xb
 1418 0103 27       		.uleb128 0x27
 1419 0104 19       		.uleb128 0x19
 1420 0105 49       		.uleb128 0x49
 1421 0106 13       		.uleb128 0x13
 1422 0107 11       		.uleb128 0x11
 1423 0108 01       		.uleb128 0x1
 1424 0109 12       		.uleb128 0x12
 1425 010a 06       		.uleb128 0x6
 1426 010b 40       		.uleb128 0x40
 1427 010c 18       		.uleb128 0x18
 1428 010d 9742     		.uleb128 0x2117
 1429 010f 19       		.uleb128 0x19
 1430 0110 01       		.uleb128 0x1
 1431 0111 13       		.uleb128 0x13
 1432 0112 00       		.byte	0
 1433 0113 00       		.byte	0
 1434 0114 14       		.uleb128 0x14
 1435 0115 05       		.uleb128 0x5
 1436 0116 00       		.byte	0
 1437 0117 03       		.uleb128 0x3
 1438 0118 08       		.uleb128 0x8
 1439 0119 3A       		.uleb128 0x3a
 1440 011a 0B       		.uleb128 0xb
 1441 011b 3B       		.uleb128 0x3b
 1442 011c 0B       		.uleb128 0xb
 1443 011d 49       		.uleb128 0x49
 1444 011e 13       		.uleb128 0x13
 1445 011f 02       		.uleb128 0x2
 1446 0120 17       		.uleb128 0x17
 1447 0121 00       		.byte	0
 1448 0122 00       		.byte	0
 1449 0123 15       		.uleb128 0x15
 1450 0124 34       		.uleb128 0x34
 1451 0125 00       		.byte	0
 1452 0126 03       		.uleb128 0x3
 1453 0127 08       		.uleb128 0x8
 1454 0128 3A       		.uleb128 0x3a
 1455 0129 0B       		.uleb128 0xb
 1456 012a 3B       		.uleb128 0x3b
 1457 012b 0B       		.uleb128 0xb
 1458 012c 49       		.uleb128 0x49
 1459 012d 13       		.uleb128 0x13
 1460 012e 02       		.uleb128 0x2
 1461 012f 18       		.uleb128 0x18
 1462 0130 00       		.byte	0
 1463 0131 00       		.byte	0
 1464 0132 16       		.uleb128 0x16
ARM GAS  C:\Users\Runeg\AppData\Local\Temp\ccfHeXfw.s 			page 31


 1465 0133 34       		.uleb128 0x34
 1466 0134 00       		.byte	0
 1467 0135 03       		.uleb128 0x3
 1468 0136 08       		.uleb128 0x8
 1469 0137 3A       		.uleb128 0x3a
 1470 0138 0B       		.uleb128 0xb
 1471 0139 3B       		.uleb128 0x3b
 1472 013a 0B       		.uleb128 0xb
 1473 013b 49       		.uleb128 0x49
 1474 013c 13       		.uleb128 0x13
 1475 013d 02       		.uleb128 0x2
 1476 013e 17       		.uleb128 0x17
 1477 013f 00       		.byte	0
 1478 0140 00       		.byte	0
 1479 0141 17       		.uleb128 0x17
 1480 0142 01       		.uleb128 0x1
 1481 0143 01       		.byte	0x1
 1482 0144 49       		.uleb128 0x49
 1483 0145 13       		.uleb128 0x13
 1484 0146 01       		.uleb128 0x1
 1485 0147 13       		.uleb128 0x13
 1486 0148 00       		.byte	0
 1487 0149 00       		.byte	0
 1488 014a 18       		.uleb128 0x18
 1489 014b 21       		.uleb128 0x21
 1490 014c 00       		.byte	0
 1491 014d 49       		.uleb128 0x49
 1492 014e 13       		.uleb128 0x13
 1493 014f 2F       		.uleb128 0x2f
 1494 0150 0B       		.uleb128 0xb
 1495 0151 00       		.byte	0
 1496 0152 00       		.byte	0
 1497 0153 19       		.uleb128 0x19
 1498 0154 2E       		.uleb128 0x2e
 1499 0155 01       		.byte	0x1
 1500 0156 3F       		.uleb128 0x3f
 1501 0157 19       		.uleb128 0x19
 1502 0158 03       		.uleb128 0x3
 1503 0159 0E       		.uleb128 0xe
 1504 015a 3A       		.uleb128 0x3a
 1505 015b 0B       		.uleb128 0xb
 1506 015c 3B       		.uleb128 0x3b
 1507 015d 0B       		.uleb128 0xb
 1508 015e 27       		.uleb128 0x27
 1509 015f 19       		.uleb128 0x19
 1510 0160 11       		.uleb128 0x11
 1511 0161 01       		.uleb128 0x1
 1512 0162 12       		.uleb128 0x12
 1513 0163 06       		.uleb128 0x6
 1514 0164 40       		.uleb128 0x40
 1515 0165 18       		.uleb128 0x18
 1516 0166 9742     		.uleb128 0x2117
 1517 0168 19       		.uleb128 0x19
 1518 0169 01       		.uleb128 0x1
 1519 016a 13       		.uleb128 0x13
 1520 016b 00       		.byte	0
 1521 016c 00       		.byte	0
ARM GAS  C:\Users\Runeg\AppData\Local\Temp\ccfHeXfw.s 			page 32


 1522 016d 1A       		.uleb128 0x1a
 1523 016e 898201   		.uleb128 0x4109
 1524 0171 00       		.byte	0
 1525 0172 11       		.uleb128 0x11
 1526 0173 01       		.uleb128 0x1
 1527 0174 31       		.uleb128 0x31
 1528 0175 13       		.uleb128 0x13
 1529 0176 00       		.byte	0
 1530 0177 00       		.byte	0
 1531 0178 1B       		.uleb128 0x1b
 1532 0179 15       		.uleb128 0x15
 1533 017a 01       		.byte	0x1
 1534 017b 27       		.uleb128 0x27
 1535 017c 19       		.uleb128 0x19
 1536 017d 49       		.uleb128 0x49
 1537 017e 13       		.uleb128 0x13
 1538 017f 01       		.uleb128 0x1
 1539 0180 13       		.uleb128 0x13
 1540 0181 00       		.byte	0
 1541 0182 00       		.byte	0
 1542 0183 1C       		.uleb128 0x1c
 1543 0184 05       		.uleb128 0x5
 1544 0185 00       		.byte	0
 1545 0186 49       		.uleb128 0x49
 1546 0187 13       		.uleb128 0x13
 1547 0188 00       		.byte	0
 1548 0189 00       		.byte	0
 1549 018a 1D       		.uleb128 0x1d
 1550 018b 2E       		.uleb128 0x2e
 1551 018c 01       		.byte	0x1
 1552 018d 3F       		.uleb128 0x3f
 1553 018e 19       		.uleb128 0x19
 1554 018f 03       		.uleb128 0x3
 1555 0190 0E       		.uleb128 0xe
 1556 0191 3A       		.uleb128 0x3a
 1557 0192 0B       		.uleb128 0xb
 1558 0193 3B       		.uleb128 0x3b
 1559 0194 0B       		.uleb128 0xb
 1560 0195 11       		.uleb128 0x11
 1561 0196 01       		.uleb128 0x1
 1562 0197 12       		.uleb128 0x12
 1563 0198 06       		.uleb128 0x6
 1564 0199 40       		.uleb128 0x40
 1565 019a 18       		.uleb128 0x18
 1566 019b 9742     		.uleb128 0x2117
 1567 019d 19       		.uleb128 0x19
 1568 019e 01       		.uleb128 0x1
 1569 019f 13       		.uleb128 0x13
 1570 01a0 00       		.byte	0
 1571 01a1 00       		.byte	0
 1572 01a2 1E       		.uleb128 0x1e
 1573 01a3 2E       		.uleb128 0x2e
 1574 01a4 01       		.byte	0x1
 1575 01a5 3F       		.uleb128 0x3f
 1576 01a6 19       		.uleb128 0x19
 1577 01a7 03       		.uleb128 0x3
 1578 01a8 0E       		.uleb128 0xe
ARM GAS  C:\Users\Runeg\AppData\Local\Temp\ccfHeXfw.s 			page 33


 1579 01a9 3A       		.uleb128 0x3a
 1580 01aa 0B       		.uleb128 0xb
 1581 01ab 3B       		.uleb128 0x3b
 1582 01ac 0B       		.uleb128 0xb
 1583 01ad 27       		.uleb128 0x27
 1584 01ae 19       		.uleb128 0x19
 1585 01af 11       		.uleb128 0x11
 1586 01b0 01       		.uleb128 0x1
 1587 01b1 12       		.uleb128 0x12
 1588 01b2 06       		.uleb128 0x6
 1589 01b3 40       		.uleb128 0x40
 1590 01b4 18       		.uleb128 0x18
 1591 01b5 9642     		.uleb128 0x2116
 1592 01b7 19       		.uleb128 0x19
 1593 01b8 01       		.uleb128 0x1
 1594 01b9 13       		.uleb128 0x13
 1595 01ba 00       		.byte	0
 1596 01bb 00       		.byte	0
 1597 01bc 1F       		.uleb128 0x1f
 1598 01bd 0B       		.uleb128 0xb
 1599 01be 01       		.byte	0x1
 1600 01bf 11       		.uleb128 0x11
 1601 01c0 01       		.uleb128 0x1
 1602 01c1 12       		.uleb128 0x12
 1603 01c2 06       		.uleb128 0x6
 1604 01c3 01       		.uleb128 0x1
 1605 01c4 13       		.uleb128 0x13
 1606 01c5 00       		.byte	0
 1607 01c6 00       		.byte	0
 1608 01c7 20       		.uleb128 0x20
 1609 01c8 34       		.uleb128 0x34
 1610 01c9 00       		.byte	0
 1611 01ca 03       		.uleb128 0x3
 1612 01cb 0E       		.uleb128 0xe
 1613 01cc 3A       		.uleb128 0x3a
 1614 01cd 0B       		.uleb128 0xb
 1615 01ce 3B       		.uleb128 0x3b
 1616 01cf 05       		.uleb128 0x5
 1617 01d0 49       		.uleb128 0x49
 1618 01d1 13       		.uleb128 0x13
 1619 01d2 3F       		.uleb128 0x3f
 1620 01d3 19       		.uleb128 0x19
 1621 01d4 3C       		.uleb128 0x3c
 1622 01d5 19       		.uleb128 0x19
 1623 01d6 00       		.byte	0
 1624 01d7 00       		.byte	0
 1625 01d8 21       		.uleb128 0x21
 1626 01d9 35       		.uleb128 0x35
 1627 01da 00       		.byte	0
 1628 01db 49       		.uleb128 0x49
 1629 01dc 13       		.uleb128 0x13
 1630 01dd 00       		.byte	0
 1631 01de 00       		.byte	0
 1632 01df 22       		.uleb128 0x22
 1633 01e0 34       		.uleb128 0x34
 1634 01e1 00       		.byte	0
 1635 01e2 03       		.uleb128 0x3
ARM GAS  C:\Users\Runeg\AppData\Local\Temp\ccfHeXfw.s 			page 34


 1636 01e3 0E       		.uleb128 0xe
 1637 01e4 3A       		.uleb128 0x3a
 1638 01e5 0B       		.uleb128 0xb
 1639 01e6 3B       		.uleb128 0x3b
 1640 01e7 0B       		.uleb128 0xb
 1641 01e8 49       		.uleb128 0x49
 1642 01e9 13       		.uleb128 0x13
 1643 01ea 3F       		.uleb128 0x3f
 1644 01eb 19       		.uleb128 0x19
 1645 01ec 02       		.uleb128 0x2
 1646 01ed 18       		.uleb128 0x18
 1647 01ee 00       		.byte	0
 1648 01ef 00       		.byte	0
 1649 01f0 23       		.uleb128 0x23
 1650 01f1 2E       		.uleb128 0x2e
 1651 01f2 00       		.byte	0
 1652 01f3 3F       		.uleb128 0x3f
 1653 01f4 19       		.uleb128 0x19
 1654 01f5 3C       		.uleb128 0x3c
 1655 01f6 19       		.uleb128 0x19
 1656 01f7 6E       		.uleb128 0x6e
 1657 01f8 0E       		.uleb128 0xe
 1658 01f9 03       		.uleb128 0x3
 1659 01fa 0E       		.uleb128 0xe
 1660 01fb 3A       		.uleb128 0x3a
 1661 01fc 0B       		.uleb128 0xb
 1662 01fd 3B       		.uleb128 0x3b
 1663 01fe 0B       		.uleb128 0xb
 1664 01ff 00       		.byte	0
 1665 0200 00       		.byte	0
 1666 0201 24       		.uleb128 0x24
 1667 0202 2E       		.uleb128 0x2e
 1668 0203 00       		.byte	0
 1669 0204 3F       		.uleb128 0x3f
 1670 0205 19       		.uleb128 0x19
 1671 0206 3C       		.uleb128 0x3c
 1672 0207 19       		.uleb128 0x19
 1673 0208 6E       		.uleb128 0x6e
 1674 0209 0E       		.uleb128 0xe
 1675 020a 03       		.uleb128 0x3
 1676 020b 0E       		.uleb128 0xe
 1677 020c 3A       		.uleb128 0x3a
 1678 020d 0B       		.uleb128 0xb
 1679 020e 3B       		.uleb128 0x3b
 1680 020f 0B       		.uleb128 0xb
 1681 0210 6E       		.uleb128 0x6e
 1682 0211 0E       		.uleb128 0xe
 1683 0212 00       		.byte	0
 1684 0213 00       		.byte	0
 1685 0214 00       		.byte	0
 1686              		.section	.debug_loc,"",%progbits
 1687              	.Ldebug_loc0:
 1688              	.LLST0:
 1689 0000 00000000 		.4byte	.LVL0
 1690 0004 08000000 		.4byte	.LVL2
 1691 0008 0100     		.2byte	0x1
 1692 000a 50       		.byte	0x50
ARM GAS  C:\Users\Runeg\AppData\Local\Temp\ccfHeXfw.s 			page 35


 1693 000b 08000000 		.4byte	.LVL2
 1694 000f 12000000 		.4byte	.LFE2
 1695 0013 0400     		.2byte	0x4
 1696 0015 F3       		.byte	0xf3
 1697 0016 01       		.uleb128 0x1
 1698 0017 50       		.byte	0x50
 1699 0018 9F       		.byte	0x9f
 1700 0019 00000000 		.4byte	0
 1701 001d 00000000 		.4byte	0
 1702              	.LLST1:
 1703 0021 00000000 		.4byte	.LVL3
 1704 0025 18000000 		.4byte	.LVL7
 1705 0029 0100     		.2byte	0x1
 1706 002b 50       		.byte	0x50
 1707 002c 18000000 		.4byte	.LVL7
 1708 0030 1A000000 		.4byte	.LVL8
 1709 0034 0400     		.2byte	0x4
 1710 0036 F3       		.byte	0xf3
 1711 0037 01       		.uleb128 0x1
 1712 0038 50       		.byte	0x50
 1713 0039 9F       		.byte	0x9f
 1714 003a 1A000000 		.4byte	.LVL8
 1715 003e 1C000000 		.4byte	.LVL9
 1716 0042 0100     		.2byte	0x1
 1717 0044 50       		.byte	0x50
 1718 0045 1C000000 		.4byte	.LVL9
 1719 0049 22000000 		.4byte	.LFE3
 1720 004d 0400     		.2byte	0x4
 1721 004f F3       		.byte	0xf3
 1722 0050 01       		.uleb128 0x1
 1723 0051 50       		.byte	0x50
 1724 0052 9F       		.byte	0x9f
 1725 0053 00000000 		.4byte	0
 1726 0057 00000000 		.4byte	0
 1727              	.LLST2:
 1728 005b 06000000 		.4byte	.LVL4
 1729 005f 10000000 		.4byte	.LVL5
 1730 0063 0100     		.2byte	0x1
 1731 0065 53       		.byte	0x53
 1732 0066 10000000 		.4byte	.LVL5
 1733 006a 16000000 		.4byte	.LVL6
 1734 006e 0700     		.2byte	0x7
 1735 0070 70       		.byte	0x70
 1736 0071 00       		.sleb128 0
 1737 0072 94       		.byte	0x94
 1738 0073 01       		.byte	0x1
 1739 0074 3F       		.byte	0x3f
 1740 0075 1A       		.byte	0x1a
 1741 0076 9F       		.byte	0x9f
 1742 0077 1A000000 		.4byte	.LVL8
 1743 007b 1E000000 		.4byte	.LVL10
 1744 007f 0100     		.2byte	0x1
 1745 0081 53       		.byte	0x53
 1746 0082 00000000 		.4byte	0
 1747 0086 00000000 		.4byte	0
 1748              	.LLST3:
 1749 008a 00000000 		.4byte	.LVL11
ARM GAS  C:\Users\Runeg\AppData\Local\Temp\ccfHeXfw.s 			page 36


 1750 008e 0A000000 		.4byte	.LVL13
 1751 0092 0100     		.2byte	0x1
 1752 0094 50       		.byte	0x50
 1753 0095 0A000000 		.4byte	.LVL13
 1754 0099 26000000 		.4byte	.LFE0
 1755 009d 0400     		.2byte	0x4
 1756 009f F3       		.byte	0xf3
 1757 00a0 01       		.uleb128 0x1
 1758 00a1 50       		.byte	0x50
 1759 00a2 9F       		.byte	0x9f
 1760 00a3 00000000 		.4byte	0
 1761 00a7 00000000 		.4byte	0
 1762              	.LLST4:
 1763 00ab 10000000 		.4byte	.LVL15
 1764 00af 1C000000 		.4byte	.LVL16
 1765 00b3 0100     		.2byte	0x1
 1766 00b5 50       		.byte	0x50
 1767 00b6 1C000000 		.4byte	.LVL16
 1768 00ba 26000000 		.4byte	.LFE0
 1769 00be 0100     		.2byte	0x1
 1770 00c0 54       		.byte	0x54
 1771 00c1 00000000 		.4byte	0
 1772 00c5 00000000 		.4byte	0
 1773              	.LLST5:
 1774 00c9 00000000 		.4byte	.LVL18
 1775 00cd 0E000000 		.4byte	.LVL20
 1776 00d1 0100     		.2byte	0x1
 1777 00d3 50       		.byte	0x50
 1778 00d4 0E000000 		.4byte	.LVL20
 1779 00d8 3C000000 		.4byte	.LFE76
 1780 00dc 0400     		.2byte	0x4
 1781 00de F3       		.byte	0xf3
 1782 00df 01       		.uleb128 0x1
 1783 00e0 50       		.byte	0x50
 1784 00e1 9F       		.byte	0x9f
 1785 00e2 00000000 		.4byte	0
 1786 00e6 00000000 		.4byte	0
 1787              	.LLST6:
 1788 00ea 0A000000 		.4byte	.LVL19
 1789 00ee 0E000000 		.4byte	.LVL20
 1790 00f2 0300     		.2byte	0x3
 1791 00f4 08       		.byte	0x8
 1792 00f5 80       		.byte	0x80
 1793 00f6 9F       		.byte	0x9f
 1794 00f7 0E000000 		.4byte	.LVL20
 1795 00fb 30000000 		.4byte	.LVL23
 1796 00ff 0100     		.2byte	0x1
 1797 0101 54       		.byte	0x54
 1798 0102 00000000 		.4byte	0
 1799 0106 00000000 		.4byte	0
 1800              	.LLST7:
 1801 010a 00000000 		.4byte	.LVL24
 1802 010e 08000000 		.4byte	.LVL25
 1803 0112 0100     		.2byte	0x1
 1804 0114 50       		.byte	0x50
 1805 0115 08000000 		.4byte	.LVL25
 1806 0119 0B000000 		.4byte	.LVL26-1
ARM GAS  C:\Users\Runeg\AppData\Local\Temp\ccfHeXfw.s 			page 37


 1807 011d 0500     		.2byte	0x5
 1808 011f 03       		.byte	0x3
 1809 0120 00000000 		.4byte	raise_flag_handler
 1810 0124 0B000000 		.4byte	.LVL26-1
 1811 0128 1C000000 		.4byte	.LFE77
 1812 012c 0400     		.2byte	0x4
 1813 012e F3       		.byte	0xf3
 1814 012f 01       		.uleb128 0x1
 1815 0130 50       		.byte	0x50
 1816 0131 9F       		.byte	0x9f
 1817 0132 00000000 		.4byte	0
 1818 0136 00000000 		.4byte	0
 1819              	.LLST8:
 1820 013a 00000000 		.4byte	.LVL30
 1821 013e 09000000 		.4byte	.LVL31-1
 1822 0142 0100     		.2byte	0x1
 1823 0144 50       		.byte	0x50
 1824 0145 09000000 		.4byte	.LVL31-1
 1825 0149 A0000000 		.4byte	.LFE79
 1826 014d 0400     		.2byte	0x4
 1827 014f F3       		.byte	0xf3
 1828 0150 01       		.uleb128 0x1
 1829 0151 50       		.byte	0x50
 1830 0152 9F       		.byte	0x9f
 1831 0153 00000000 		.4byte	0
 1832 0157 00000000 		.4byte	0
 1833              	.LLST9:
 1834 015b 08000000 		.4byte	.LVL44
 1835 015f 1C000000 		.4byte	.LVL49
 1836 0163 0100     		.2byte	0x1
 1837 0165 54       		.byte	0x54
 1838 0166 1E000000 		.4byte	.LVL50
 1839 016a 24000000 		.4byte	.LFE80
 1840 016e 0100     		.2byte	0x1
 1841 0170 54       		.byte	0x54
 1842 0171 00000000 		.4byte	0
 1843 0175 00000000 		.4byte	0
 1844              	.LLST10:
 1845 0179 10000000 		.4byte	.LVL46
 1846 017d 1E000000 		.4byte	.LVL50
 1847 0181 0100     		.2byte	0x1
 1848 0183 55       		.byte	0x55
 1849 0184 00000000 		.4byte	0
 1850 0188 00000000 		.4byte	0
 1851              		.section	.debug_aranges,"",%progbits
 1852 0000 54000000 		.4byte	0x54
 1853 0004 0200     		.2byte	0x2
 1854 0006 00000000 		.4byte	.Ldebug_info0
 1855 000a 04       		.byte	0x4
 1856 000b 00       		.byte	0
 1857 000c 0000     		.2byte	0
 1858 000e 0000     		.2byte	0
 1859 0010 00000000 		.4byte	.LFB2
 1860 0014 12000000 		.4byte	.LFE2-.LFB2
 1861 0018 00000000 		.4byte	.LFB3
 1862 001c 22000000 		.4byte	.LFE3-.LFB3
 1863 0020 00000000 		.4byte	.LFB0
ARM GAS  C:\Users\Runeg\AppData\Local\Temp\ccfHeXfw.s 			page 38


 1864 0024 26000000 		.4byte	.LFE0-.LFB0
 1865 0028 00000000 		.4byte	.LFB76
 1866 002c 3C000000 		.4byte	.LFE76-.LFB76
 1867 0030 00000000 		.4byte	.LFB77
 1868 0034 1C000000 		.4byte	.LFE77-.LFB77
 1869 0038 00000000 		.4byte	.LFB78
 1870 003c 14000000 		.4byte	.LFE78-.LFB78
 1871 0040 00000000 		.4byte	.LFB79
 1872 0044 A0000000 		.4byte	.LFE79-.LFB79
 1873 0048 00000000 		.4byte	.LFB80
 1874 004c 24000000 		.4byte	.LFE80-.LFB80
 1875 0050 00000000 		.4byte	0
 1876 0054 00000000 		.4byte	0
 1877              		.section	.debug_ranges,"",%progbits
 1878              	.Ldebug_ranges0:
 1879 0000 00000000 		.4byte	.LFB2
 1880 0004 12000000 		.4byte	.LFE2
 1881 0008 00000000 		.4byte	.LFB3
 1882 000c 22000000 		.4byte	.LFE3
 1883 0010 00000000 		.4byte	.LFB0
 1884 0014 26000000 		.4byte	.LFE0
 1885 0018 00000000 		.4byte	.LFB76
 1886 001c 3C000000 		.4byte	.LFE76
 1887 0020 00000000 		.4byte	.LFB77
 1888 0024 1C000000 		.4byte	.LFE77
 1889 0028 00000000 		.4byte	.LFB78
 1890 002c 14000000 		.4byte	.LFE78
 1891 0030 00000000 		.4byte	.LFB79
 1892 0034 A0000000 		.4byte	.LFE79
 1893 0038 00000000 		.4byte	.LFB80
 1894 003c 24000000 		.4byte	.LFE80
 1895 0040 00000000 		.4byte	0
 1896 0044 00000000 		.4byte	0
 1897              		.section	.debug_line,"",%progbits
 1898              	.Ldebug_line0:
 1899 0000 95030000 		.section	.debug_str,"MS",%progbits,1
 1899      0200B802 
 1899      00000201 
 1899      FB0E0D00 
 1899      01010101 
 1900              	.LASF26:
 1901 0000 646D635F 		.ascii	"dmc_packet_complete\000"
 1901      7061636B 
 1901      65745F63 
 1901      6F6D706C 
 1901      65746500 
 1902              	.LASF42:
 1903 0014 6973725F 		.ascii	"isr_uart_rpi_rx_StartEx\000"
 1903      75617274 
 1903      5F727069 
 1903      5F72785F 
 1903      53746172 
 1904              	.LASF46:
 1905 002c 6A6F625F 		.ascii	"job_enqueue_packet\000"
 1905      656E7175 
 1905      6575655F 
 1905      7061636B 
ARM GAS  C:\Users\Runeg\AppData\Local\Temp\ccfHeXfw.s 			page 39


 1905      657400
 1906              	.LASF7:
 1907 003f 73686F72 		.ascii	"short int\000"
 1907      7420696E 
 1907      7400
 1908              	.LASF4:
 1909 0049 73697A65 		.ascii	"size_t\000"
 1909      5F7400
 1910              	.LASF41:
 1911 0050 6D616C6C 		.ascii	"malloc\000"
 1911      6F6300
 1912              	.LASF13:
 1913 0057 73697A65 		.ascii	"sizetype\000"
 1913      74797065 
 1913      00
 1914              	.LASF38:
 1915 0060 63757272 		.ascii	"current_packet\000"
 1915      656E745F 
 1915      7061636B 
 1915      657400
 1916              	.LASF55:
 1917 006f 62797465 		.ascii	"byte_to_binary\000"
 1917      5F746F5F 
 1917      62696E61 
 1917      727900
 1918              	.LASF45:
 1919 007e 75617274 		.ascii	"uart_pc_PutString\000"
 1919      5F70635F 
 1919      50757453 
 1919      7472696E 
 1919      6700
 1920              	.LASF47:
 1921 0090 75617274 		.ascii	"uart_rpi_ReadRxData\000"
 1921      5F727069 
 1921      5F526561 
 1921      64527844 
 1921      61746100 
 1922              	.LASF16:
 1923 00a4 444D435F 		.ascii	"DMC_PACKET_CONTAINER_WEIGHT_MEASURED\000"
 1923      5041434B 
 1923      45545F43 
 1923      4F4E5441 
 1923      494E4552 
 1924              	.LASF53:
 1925 00c9 646D635F 		.ascii	"dmc_packet_type\000"
 1925      7061636B 
 1925      65745F74 
 1925      79706500 
 1926              	.LASF22:
 1927 00d9 75696E74 		.ascii	"uint8_t\000"
 1927      385F7400 
 1928              	.LASF32:
 1929 00e1 696E6974 		.ascii	"init_uart_rpi\000"
 1929      5F756172 
 1929      745F7270 
 1929      6900
 1930              	.LASF28:
ARM GAS  C:\Users\Runeg\AppData\Local\Temp\ccfHeXfw.s 			page 40


 1931 00ef 7061636B 		.ascii	"packet\000"
 1931      657400
 1932              	.LASF34:
 1933 00f6 62797465 		.ascii	"byteReceived\000"
 1933      52656365 
 1933      69766564 
 1933      00
 1934              	.LASF24:
 1935 0103 666C6F61 		.ascii	"float\000"
 1935      7400
 1936              	.LASF54:
 1937 0109 646D635F 		.ascii	"dmc_packet\000"
 1937      7061636B 
 1937      657400
 1938              	.LASF1:
 1939 0114 6C6F6E67 		.ascii	"long long int\000"
 1939      206C6F6E 
 1939      6720696E 
 1939      7400
 1940              	.LASF10:
 1941 0122 6C6F6E67 		.ascii	"long int\000"
 1941      20696E74 
 1941      00
 1942              	.LASF40:
 1943 012b 72616973 		.ascii	"raise_flag_handler\000"
 1943      655F666C 
 1943      61675F68 
 1943      616E646C 
 1943      657200
 1944              	.LASF35:
 1945 013e 4953525F 		.ascii	"ISR_uart_rpi_rx_handler\000"
 1945      75617274 
 1945      5F727069 
 1945      5F72785F 
 1945      68616E64 
 1946              	.LASF5:
 1947 0156 5F5F7569 		.ascii	"__uint8_t\000"
 1947      6E74385F 
 1947      7400
 1948              	.LASF21:
 1949 0160 64617461 		.ascii	"data_len\000"
 1949      5F6C656E 
 1949      00
 1950              	.LASF44:
 1951 0169 736E7072 		.ascii	"snprintf\000"
 1951      696E7466 
 1951      00
 1952              	.LASF15:
 1953 0172 444D435F 		.ascii	"DMC_PACKET_OUT_OF_ORDER\000"
 1953      5041434B 
 1953      45545F4F 
 1953      55545F4F 
 1953      465F4F52 
 1954              	.LASF2:
 1955 018a 6C6F6E67 		.ascii	"long double\000"
 1955      20646F75 
 1955      626C6500 
ARM GAS  C:\Users\Runeg\AppData\Local\Temp\ccfHeXfw.s 			page 41


 1956              	.LASF6:
 1957 0196 756E7369 		.ascii	"unsigned char\000"
 1957      676E6564 
 1957      20636861 
 1957      7200
 1958              	.LASF48:
 1959 01a4 75617274 		.ascii	"uart_pc_WriteTxData\000"
 1959      5F70635F 
 1959      57726974 
 1959      65547844 
 1959      61746100 
 1960              	.LASF58:
 1961 01b8 5F5F6275 		.ascii	"__builtin_strlen\000"
 1961      696C7469 
 1961      6E5F7374 
 1961      726C656E 
 1961      00
 1962              	.LASF3:
 1963 01c9 7369676E 		.ascii	"signed char\000"
 1963      65642063 
 1963      68617200 
 1964              	.LASF12:
 1965 01d5 6C6F6E67 		.ascii	"long long unsigned int\000"
 1965      206C6F6E 
 1965      6720756E 
 1965      7369676E 
 1965      65642069 
 1966              	.LASF19:
 1967 01ec 74797065 		.ascii	"type\000"
 1967      00
 1968              	.LASF43:
 1969 01f1 75617274 		.ascii	"uart_rpi_Start\000"
 1969      5F727069 
 1969      5F537461 
 1969      727400
 1970              	.LASF0:
 1971 0200 756E7369 		.ascii	"unsigned int\000"
 1971      676E6564 
 1971      20696E74 
 1971      00
 1972              	.LASF52:
 1973 020d 433A5C6B 		.ascii	"C:\\kode til PRJ3\\semesterproject3\\source\\psoc\\"
 1973      6F646520 
 1973      74696C20 
 1973      50524A33 
 1973      5C73656D 
 1974 023b 646D632D 		.ascii	"dmc-psoc\\dmc-psoc.cydsn\000"
 1974      70736F63 
 1974      5C646D63 
 1974      2D70736F 
 1974      632E6379 
 1975              	.LASF8:
 1976 0253 73686F72 		.ascii	"short unsigned int\000"
 1976      7420756E 
 1976      7369676E 
 1976      65642069 
 1976      6E7400
ARM GAS  C:\Users\Runeg\AppData\Local\Temp\ccfHeXfw.s 			page 42


 1977              	.LASF49:
 1978 0266 75617274 		.ascii	"uart_rpi_GetRxBufferSize\000"
 1978      5F727069 
 1978      5F476574 
 1978      52784275 
 1978      66666572 
 1979              	.LASF39:
 1980 027f 64697363 		.ascii	"discard_packet\000"
 1980      6172645F 
 1980      7061636B 
 1980      657400
 1981              	.LASF14:
 1982 028e 63686172 		.ascii	"char\000"
 1982      00
 1983              	.LASF18:
 1984 0293 444D435F 		.ascii	"DMC_PACKET_FLUID_POUR_REQUESTED\000"
 1984      5041434B 
 1984      45545F46 
 1984      4C554944 
 1984      5F504F55 
 1985              	.LASF57:
 1986 02b3 7374726C 		.ascii	"strlen\000"
 1986      656E00
 1987              	.LASF23:
 1988 02ba 696E7433 		.ascii	"int32_t\000"
 1988      325F7400 
 1989              	.LASF20:
 1990 02c2 64617461 		.ascii	"data\000"
 1990      00
 1991              	.LASF11:
 1992 02c7 6C6F6E67 		.ascii	"long unsigned int\000"
 1992      20756E73 
 1992      69676E65 
 1992      6420696E 
 1992      7400
 1993              	.LASF36:
 1994 02d9 62797465 		.ascii	"bytesToRead\000"
 1994      73546F52 
 1994      65616400 
 1995              	.LASF17:
 1996 02e5 444D435F 		.ascii	"DMC_PACKET_USER_CONFIRM\000"
 1996      5041434B 
 1996      45545F55 
 1996      5345525F 
 1996      434F4E46 
 1997              	.LASF25:
 1998 02fd 646F7562 		.ascii	"double\000"
 1998      6C6500
 1999              	.LASF51:
 2000 0304 62726F2E 		.ascii	"bro.c\000"
 2000      6300
 2001              	.LASF9:
 2002 030a 5F5F696E 		.ascii	"__int32_t\000"
 2002      7433325F 
 2002      7400
 2003              	.LASF30:
 2004 0314 646D635F 		.ascii	"dmc_packet_init\000"
ARM GAS  C:\Users\Runeg\AppData\Local\Temp\ccfHeXfw.s 			page 43


 2004      7061636B 
 2004      65745F69 
 2004      6E697400 
 2005              	.LASF31:
 2006 0324 72616973 		.ascii	"raise_flag\000"
 2006      655F666C 
 2006      616700
 2007              	.LASF56:
 2008 032f 696E6974 		.ascii	"init_uart_rpi_simple\000"
 2008      5F756172 
 2008      745F7270 
 2008      695F7369 
 2008      6D706C65 
 2009              	.LASF27:
 2010 0344 646D635F 		.ascii	"dmc_packet_append_byte\000"
 2010      7061636B 
 2010      65745F61 
 2010      7070656E 
 2010      645F6279 
 2011              	.LASF37:
 2012 035b 49544D5F 		.ascii	"ITM_RxBuffer\000"
 2012      52784275 
 2012      66666572 
 2012      00
 2013              	.LASF50:
 2014 0368 474E5520 		.ascii	"GNU C11 5.4.1 20160609 (release) [ARM/embedded-5-br"
 2014      43313120 
 2014      352E342E 
 2014      31203230 
 2014      31363036 
 2015 039b 616E6368 		.ascii	"anch revision 237715] -mcpu=cortex-m3 -mthumb -g -O"
 2015      20726576 
 2015      6973696F 
 2015      6E203233 
 2015      37373135 
 2016 03ce 67202D66 		.ascii	"g -ffunction-sections -ffat-lto-objects\000"
 2016      66756E63 
 2016      74696F6E 
 2016      2D736563 
 2016      74696F6E 
 2017              	.LASF29:
 2018 03f6 64617461 		.ascii	"data_bytes\000"
 2018      5F627974 
 2018      657300
 2019              	.LASF33:
 2020 0401 68616E64 		.ascii	"handleByteReceived\000"
 2020      6C654279 
 2020      74655265 
 2020      63656976 
 2020      656400
 2021              		.ident	"GCC: (GNU Tools for ARM Embedded Processors) 5.4.1 20160609 (release) [ARM/embedded-5-bran
