ARM GAS  C:\Users\Runeg\AppData\Local\Temp\ccsurNJc.s 			page 1


   1              		.syntax unified
   2              		.cpu cortex-m3
   3              		.fpu softvfp
   4              		.eabi_attribute 20, 1
   5              		.eabi_attribute 21, 1
   6              		.eabi_attribute 23, 3
   7              		.eabi_attribute 24, 1
   8              		.eabi_attribute 25, 1
   9              		.eabi_attribute 26, 1
  10              		.eabi_attribute 30, 1
  11              		.eabi_attribute 34, 1
  12              		.eabi_attribute 18, 4
  13              		.thumb
  14              		.syntax unified
  15              		.file	"packet_uart.c"
  16              		.text
  17              	.Ltext0:
  18              		.cfi_sections	.debug_frame
  19              		.section	.text.dmc_packet_complete,"ax",%progbits
  20              		.align	2
  21              		.thumb
  22              		.thumb_func
  23              		.type	dmc_packet_complete, %function
  24              	dmc_packet_complete:
  25              	.LFB65:
  26              		.file 1 "..\\..\\..\\common\\hw\\include\\base_packet.h"
   1:..\..\..\common\hw\include/base_packet.h **** #ifndef DMC_BASE_PACKET_H
   2:..\..\..\common\hw\include/base_packet.h **** #define DMC_BASE_PACKET_H
   3:..\..\..\common\hw\include/base_packet.h **** 
   4:..\..\..\common\hw\include/base_packet.h **** #ifdef MODULE // Include kernel space memory allocation with kmalloc
   5:..\..\..\common\hw\include/base_packet.h **** #include <linux/slab.h>
   6:..\..\..\common\hw\include/base_packet.h **** #else
   7:..\..\..\common\hw\include/base_packet.h **** #include <stdlib.h>
   8:..\..\..\common\hw\include/base_packet.h **** #endif
   9:..\..\..\common\hw\include/base_packet.h **** 
  10:..\..\..\common\hw\include/base_packet.h **** /**
  11:..\..\..\common\hw\include/base_packet.h ****  * @brief Type of packet. (MAYBE: MSB is required to be 1 as this signals a
  12:..\..\..\common\hw\include/base_packet.h ****  * header byte)
  13:..\..\..\common\hw\include/base_packet.h ****  */
  14:..\..\..\common\hw\include/base_packet.h **** enum dmc_packet_type
  15:..\..\..\common\hw\include/base_packet.h **** {
  16:..\..\..\common\hw\include/base_packet.h ****   DMC_PACKET_OUT_OF_ORDER              = 0b10000000,
  17:..\..\..\common\hw\include/base_packet.h ****   DMC_PACKET_CONTAINER_WEIGHT_MEASURED = 0b10010010,
  18:..\..\..\common\hw\include/base_packet.h ****   DMC_PACKET_USER_CONFIRM              = 0b10100000,
  19:..\..\..\common\hw\include/base_packet.h ****   DMC_PACKET_FLUID_POUR_REQUESTED      = 0b10110010,
  20:..\..\..\common\hw\include/base_packet.h **** };
  21:..\..\..\common\hw\include/base_packet.h **** 
  22:..\..\..\common\hw\include/base_packet.h **** struct dmc_packet
  23:..\..\..\common\hw\include/base_packet.h **** {
  24:..\..\..\common\hw\include/base_packet.h ****   /**
  25:..\..\..\common\hw\include/base_packet.h ****    * @brief Type of packet. This is the first byte received.
  26:..\..\..\common\hw\include/base_packet.h ****    */
  27:..\..\..\common\hw\include/base_packet.h ****   enum dmc_packet_type type;
  28:..\..\..\common\hw\include/base_packet.h **** 
  29:..\..\..\common\hw\include/base_packet.h ****   /**
  30:..\..\..\common\hw\include/base_packet.h ****    * @brief Data payload of packet
  31:..\..\..\common\hw\include/base_packet.h ****    */
ARM GAS  C:\Users\Runeg\AppData\Local\Temp\ccsurNJc.s 			page 2


  32:..\..\..\common\hw\include/base_packet.h ****   char *data;
  33:..\..\..\common\hw\include/base_packet.h **** 
  34:..\..\..\common\hw\include/base_packet.h ****   /**
  35:..\..\..\common\hw\include/base_packet.h ****    * @brief Length of payload in bytes.
  36:..\..\..\common\hw\include/base_packet.h ****    */
  37:..\..\..\common\hw\include/base_packet.h ****   size_t data_len;
  38:..\..\..\common\hw\include/base_packet.h **** };
  39:..\..\..\common\hw\include/base_packet.h **** 
  40:..\..\..\common\hw\include/base_packet.h **** /**
  41:..\..\..\common\hw\include/base_packet.h ****  * @brief Allocates and initializes a packet with a type. Primarily
  42:..\..\..\common\hw\include/base_packet.h ****  * used when starting to read data from a given source.
  43:..\..\..\common\hw\include/base_packet.h ****  */
  44:..\..\..\common\hw\include/base_packet.h **** static struct dmc_packet *dmc_packet_init(enum dmc_packet_type type)
  45:..\..\..\common\hw\include/base_packet.h **** {
  46:..\..\..\common\hw\include/base_packet.h ****   unsigned char data_bytes = type & 0b00001111;
  47:..\..\..\common\hw\include/base_packet.h **** 
  48:..\..\..\common\hw\include/base_packet.h ****   // Allocate and initialize packet with default values
  49:..\..\..\common\hw\include/base_packet.h ****   struct dmc_packet *packet;
  50:..\..\..\common\hw\include/base_packet.h **** #ifdef MODULE // Differeniate between kernel and use space allocations
  51:..\..\..\common\hw\include/base_packet.h ****   packet = (struct dmc_packet *)kmalloc(sizeof(struct dmc_packet), GFP_KERNEL);
  52:..\..\..\common\hw\include/base_packet.h **** #else
  53:..\..\..\common\hw\include/base_packet.h ****   packet = (struct dmc_packet *)malloc(sizeof(struct dmc_packet));
  54:..\..\..\common\hw\include/base_packet.h **** #endif
  55:..\..\..\common\hw\include/base_packet.h ****   packet->type     = type;
  56:..\..\..\common\hw\include/base_packet.h ****   packet->data_len = 0;
  57:..\..\..\common\hw\include/base_packet.h ****   packet->data     = NULL;
  58:..\..\..\common\hw\include/base_packet.h **** 
  59:..\..\..\common\hw\include/base_packet.h ****   // Allocate packet data if needed
  60:..\..\..\common\hw\include/base_packet.h ****   if (data_bytes > 0)
  61:..\..\..\common\hw\include/base_packet.h ****   {
  62:..\..\..\common\hw\include/base_packet.h **** #ifdef MODULE // Differeniate between kernel and use space allocations
  63:..\..\..\common\hw\include/base_packet.h ****     packet->data = (char *)kmalloc(sizeof(char) * data_bytes, GFP_KERNEL);
  64:..\..\..\common\hw\include/base_packet.h **** #else
  65:..\..\..\common\hw\include/base_packet.h ****     packet->data = (char *)malloc(sizeof(char) * data_bytes);
  66:..\..\..\common\hw\include/base_packet.h **** #endif
  67:..\..\..\common\hw\include/base_packet.h ****   }
  68:..\..\..\common\hw\include/base_packet.h **** 
  69:..\..\..\common\hw\include/base_packet.h ****   return packet;
  70:..\..\..\common\hw\include/base_packet.h **** }
  71:..\..\..\common\hw\include/base_packet.h **** 
  72:..\..\..\common\hw\include/base_packet.h **** /**
  73:..\..\..\common\hw\include/base_packet.h ****  * @brief De-allocate packet and its data
  74:..\..\..\common\hw\include/base_packet.h ****  */
  75:..\..\..\common\hw\include/base_packet.h **** static void dmc_packet_free(struct dmc_packet *packet)
  76:..\..\..\common\hw\include/base_packet.h **** {
  77:..\..\..\common\hw\include/base_packet.h **** #ifdef MODULE // Differeniate between kernel and use space de-allocations
  78:..\..\..\common\hw\include/base_packet.h ****   kfree((void *)packet->data);
  79:..\..\..\common\hw\include/base_packet.h ****   kfree((void *)packet);
  80:..\..\..\common\hw\include/base_packet.h **** #else
  81:..\..\..\common\hw\include/base_packet.h ****   free((void *)packet->data);
  82:..\..\..\common\hw\include/base_packet.h ****   free((void *)packet);
  83:..\..\..\common\hw\include/base_packet.h **** #endif
  84:..\..\..\common\hw\include/base_packet.h **** }
  85:..\..\..\common\hw\include/base_packet.h **** 
  86:..\..\..\common\hw\include/base_packet.h **** /**
  87:..\..\..\common\hw\include/base_packet.h ****  * @brief Checks if a packet is fully complete, in the sense that all intended
  88:..\..\..\common\hw\include/base_packet.h ****  * data is received
ARM GAS  C:\Users\Runeg\AppData\Local\Temp\ccsurNJc.s 			page 3


  89:..\..\..\common\hw\include/base_packet.h ****  * @returns True, if packet is complete.
  90:..\..\..\common\hw\include/base_packet.h ****  */
  91:..\..\..\common\hw\include/base_packet.h **** static unsigned char dmc_packet_complete(struct dmc_packet *packet)
  92:..\..\..\common\hw\include/base_packet.h **** {
  27              		.loc 1 92 0
  28              		.cfi_startproc
  29              		@ args = 0, pretend = 0, frame = 0
  30              		@ frame_needed = 0, uses_anonymous_args = 0
  31              		@ link register save eliminated.
  32              	.LVL0:
  93:..\..\..\common\hw\include/base_packet.h ****   unsigned char data_bytes = packet->type & 0b00001111;
  33              		.loc 1 93 0
  34 0000 0378     		ldrb	r3, [r0]	@ zero_extendqisi2
  35 0002 03F00F03 		and	r3, r3, #15
  36              	.LVL1:
  94:..\..\..\common\hw\include/base_packet.h ****   return data_bytes == packet->data_len;
  37              		.loc 1 94 0
  38 0006 8068     		ldr	r0, [r0, #8]
  39              	.LVL2:
  95:..\..\..\common\hw\include/base_packet.h **** }
  40              		.loc 1 95 0
  41 0008 8342     		cmp	r3, r0
  42 000a 14BF     		ite	ne
  43 000c 0020     		movne	r0, #0
  44 000e 0120     		moveq	r0, #1
  45 0010 7047     		bx	lr
  46              		.cfi_endproc
  47              	.LFE65:
  48              		.size	dmc_packet_complete, .-dmc_packet_complete
  49 0012 00BF     		.section	.text.dmc_packet_append_byte,"ax",%progbits
  50              		.align	2
  51              		.thumb
  52              		.thumb_func
  53              		.type	dmc_packet_append_byte, %function
  54              	dmc_packet_append_byte:
  55              	.LFB66:
  96:..\..\..\common\hw\include/base_packet.h **** 
  97:..\..\..\common\hw\include/base_packet.h **** /**
  98:..\..\..\common\hw\include/base_packet.h ****  * @brief Appends data byte to packet payload.
  99:..\..\..\common\hw\include/base_packet.h ****  * @returns 0 if successful, 1 if payload is already at capacity.
 100:..\..\..\common\hw\include/base_packet.h ****  */
 101:..\..\..\common\hw\include/base_packet.h **** static unsigned char dmc_packet_append_byte(struct dmc_packet *packet,
 102:..\..\..\common\hw\include/base_packet.h ****                                             unsigned char      data)
 103:..\..\..\common\hw\include/base_packet.h **** {
  56              		.loc 1 103 0
  57              		.cfi_startproc
  58              		@ args = 0, pretend = 0, frame = 0
  59              		@ frame_needed = 0, uses_anonymous_args = 0
  60              		@ link register save eliminated.
  61              	.LVL3:
 104:..\..\..\common\hw\include/base_packet.h ****   unsigned char data_bytes = packet->type & 0b00001111;
  62              		.loc 1 104 0
  63 0000 0378     		ldrb	r3, [r0]	@ zero_extendqisi2
  64 0002 03F00F03 		and	r3, r3, #15
  65              	.LVL4:
 105:..\..\..\common\hw\include/base_packet.h ****   if (data_bytes == packet->data_len)
  66              		.loc 1 105 0
ARM GAS  C:\Users\Runeg\AppData\Local\Temp\ccsurNJc.s 			page 4


  67 0006 8268     		ldr	r2, [r0, #8]
  68 0008 9342     		cmp	r3, r2
  69 000a 06D0     		beq	.L4
 103:..\..\..\common\hw\include/base_packet.h ****   unsigned char data_bytes = packet->type & 0b00001111;
  70              		.loc 1 103 0
  71 000c 10B4     		push	{r4}
  72              		.cfi_def_cfa_offset 4
  73              		.cfi_offset 4, -4
 106:..\..\..\common\hw\include/base_packet.h ****   {
 107:..\..\..\common\hw\include/base_packet.h ****     return 1;
 108:..\..\..\common\hw\include/base_packet.h ****   }
 109:..\..\..\common\hw\include/base_packet.h **** 
 110:..\..\..\common\hw\include/base_packet.h ****   packet->data[packet->data_len++] = data;
  74              		.loc 1 110 0
  75 000e 4368     		ldr	r3, [r0, #4]
  76              	.LVL5:
  77 0010 541C     		adds	r4, r2, #1
  78 0012 8460     		str	r4, [r0, #8]
  79 0014 9954     		strb	r1, [r3, r2]
  80              	.LVL6:
 111:..\..\..\common\hw\include/base_packet.h ****   return 0;
  81              		.loc 1 111 0
  82 0016 0020     		movs	r0, #0
  83              	.LVL7:
  84 0018 01E0     		b	.L3
  85              	.LVL8:
  86              	.L4:
  87              		.cfi_def_cfa_offset 0
  88              		.cfi_restore 4
 107:..\..\..\common\hw\include/base_packet.h ****   }
  89              		.loc 1 107 0
  90 001a 0120     		movs	r0, #1
  91              	.LVL9:
  92 001c 7047     		bx	lr
  93              	.LVL10:
  94              	.L3:
  95              		.cfi_def_cfa_offset 4
  96              		.cfi_offset 4, -4
 112:..\..\..\common\hw\include/base_packet.h **** }
  97              		.loc 1 112 0
  98 001e 10BC     		pop	{r4}
  99              		.cfi_restore 4
 100              		.cfi_def_cfa_offset 0
 101 0020 7047     		bx	lr
 102              		.cfi_endproc
 103              	.LFE66:
 104              		.size	dmc_packet_append_byte, .-dmc_packet_append_byte
 105 0022 00BF     		.section	.text.dmc_packet_init,"ax",%progbits
 106              		.align	2
 107              		.thumb
 108              		.thumb_func
 109              		.type	dmc_packet_init, %function
 110              	dmc_packet_init:
 111              	.LFB63:
  45:..\..\..\common\hw\include/base_packet.h ****   unsigned char data_bytes = type & 0b00001111;
 112              		.loc 1 45 0
 113              		.cfi_startproc
ARM GAS  C:\Users\Runeg\AppData\Local\Temp\ccsurNJc.s 			page 5


 114              		@ args = 0, pretend = 0, frame = 0
 115              		@ frame_needed = 0, uses_anonymous_args = 0
 116              	.LVL11:
 117 0000 70B5     		push	{r4, r5, r6, lr}
 118              		.cfi_def_cfa_offset 16
 119              		.cfi_offset 4, -16
 120              		.cfi_offset 5, -12
 121              		.cfi_offset 6, -8
 122              		.cfi_offset 14, -4
 123 0002 0546     		mov	r5, r0
  46:..\..\..\common\hw\include/base_packet.h **** 
 124              		.loc 1 46 0
 125 0004 00F00F06 		and	r6, r0, #15
 126              	.LVL12:
  53:..\..\..\common\hw\include/base_packet.h **** #endif
 127              		.loc 1 53 0
 128 0008 0C20     		movs	r0, #12
 129              	.LVL13:
 130 000a FFF7FEFF 		bl	malloc
 131              	.LVL14:
 132 000e 0446     		mov	r4, r0
 133              	.LVL15:
  55:..\..\..\common\hw\include/base_packet.h ****   packet->data_len = 0;
 134              		.loc 1 55 0
 135 0010 0570     		strb	r5, [r0]
  56:..\..\..\common\hw\include/base_packet.h ****   packet->data     = NULL;
 136              		.loc 1 56 0
 137 0012 0023     		movs	r3, #0
 138 0014 8360     		str	r3, [r0, #8]
  57:..\..\..\common\hw\include/base_packet.h **** 
 139              		.loc 1 57 0
 140 0016 4360     		str	r3, [r0, #4]
  60:..\..\..\common\hw\include/base_packet.h ****   {
 141              		.loc 1 60 0
 142 0018 1EB1     		cbz	r6, .L8
  65:..\..\..\common\hw\include/base_packet.h **** #endif
 143              		.loc 1 65 0
 144 001a 3046     		mov	r0, r6
 145              	.LVL16:
 146 001c FFF7FEFF 		bl	malloc
 147              	.LVL17:
 148 0020 6060     		str	r0, [r4, #4]
 149              	.L8:
  70:..\..\..\common\hw\include/base_packet.h **** 
 150              		.loc 1 70 0
 151 0022 2046     		mov	r0, r4
 152 0024 70BD     		pop	{r4, r5, r6, pc}
 153              		.cfi_endproc
 154              	.LFE63:
 155              		.size	dmc_packet_init, .-dmc_packet_init
 156 0026 00BF     		.section	.text.init_uart,"ax",%progbits
 157              		.align	2
 158              		.global	init_uart
 159              		.thumb
 160              		.thumb_func
 161              		.type	init_uart, %function
 162              	init_uart:
ARM GAS  C:\Users\Runeg\AppData\Local\Temp\ccsurNJc.s 			page 6


 163              	.LFB75:
 164              		.file 2 "packet_uart.c"
   1:packet_uart.c **** /* ========================================
   2:packet_uart.c ****  *
   3:packet_uart.c ****  * Copyright YOUR COMPANY, THE YEAR
   4:packet_uart.c ****  * All Rights Reserved
   5:packet_uart.c ****  * UNPUBLISHED, LICENSED SOFTWARE.
   6:packet_uart.c ****  *
   7:packet_uart.c ****  * CONFIDENTIAL AND PROPRIETARY INFORMATION
   8:packet_uart.c ****  * WHICH IS THE PROPERTY OF your company.
   9:packet_uart.c ****  *
  10:packet_uart.c ****  * ========================================
  11:packet_uart.c **** */
  12:packet_uart.c **** 
  13:packet_uart.c **** #include "project.h"
  14:packet_uart.c **** #include "packet_uart.h"
  15:packet_uart.c **** 
  16:packet_uart.c **** struct dmc_packet* current_packet;
  17:packet_uart.c **** int discard_packet = 0;
  18:packet_uart.c **** 
  19:packet_uart.c **** 
  20:packet_uart.c **** int (*raise_flag_handler)(struct dmc_packet*);
  21:packet_uart.c **** 
  22:packet_uart.c **** CY_ISR_PROTO(ISR_UART_rx_handler);
  23:packet_uart.c **** 
  24:packet_uart.c **** void init_uart(int (*raise_flag)(struct dmc_packet*) )
  25:packet_uart.c **** {   
 165              		.loc 2 25 0
 166              		.cfi_startproc
 167              		@ args = 0, pretend = 0, frame = 0
 168              		@ frame_needed = 0, uses_anonymous_args = 0
 169              	.LVL18:
 170 0000 08B5     		push	{r3, lr}
 171              		.cfi_def_cfa_offset 8
 172              		.cfi_offset 3, -8
 173              		.cfi_offset 14, -4
  26:packet_uart.c ****     raise_flag_handler = raise_flag;
 174              		.loc 2 26 0
 175 0002 044B     		ldr	r3, .L12
 176 0004 1860     		str	r0, [r3]
  27:packet_uart.c ****     
  28:packet_uart.c ****     isr_uart_rx_StartEx(ISR_UART_rx_handler);
 177              		.loc 2 28 0
 178 0006 0448     		ldr	r0, .L12+4
 179              	.LVL19:
 180 0008 FFF7FEFF 		bl	isr_uart_rx_StartEx
 181              	.LVL20:
  29:packet_uart.c ****     
  30:packet_uart.c ****     UART_1_Start();
 182              		.loc 2 30 0
 183 000c FFF7FEFF 		bl	UART_1_Start
 184              	.LVL21:
 185 0010 08BD     		pop	{r3, pc}
 186              	.L13:
 187 0012 00BF     		.align	2
 188              	.L12:
 189 0014 00000000 		.word	raise_flag_handler
ARM GAS  C:\Users\Runeg\AppData\Local\Temp\ccsurNJc.s 			page 7


 190 0018 00000000 		.word	ISR_UART_rx_handler
 191              		.cfi_endproc
 192              	.LFE75:
 193              		.size	init_uart, .-init_uart
 194              		.section	.text.handleByteReceived,"ax",%progbits
 195              		.align	2
 196              		.global	handleByteReceived
 197              		.thumb
 198              		.thumb_func
 199              		.type	handleByteReceived, %function
 200              	handleByteReceived:
 201              	.LFB76:
  31:packet_uart.c **** }
  32:packet_uart.c **** 
  33:packet_uart.c **** void handleByteReceived(uint8_t byteReceived)
  34:packet_uart.c **** {
 202              		.loc 2 34 0
 203              		.cfi_startproc
 204              		@ args = 0, pretend = 0, frame = 0
 205              		@ frame_needed = 0, uses_anonymous_args = 0
 206              	.LVL22:
 207 0000 10B5     		push	{r4, lr}
 208              		.cfi_def_cfa_offset 8
 209              		.cfi_offset 4, -8
 210              		.cfi_offset 14, -4
  35:packet_uart.c ****     
  36:packet_uart.c ****    //Put first byte through packet init
  37:packet_uart.c ****    if (current_packet == NULL)
 211              		.loc 2 37 0
 212 0002 104B     		ldr	r3, .L19
 213 0004 1B68     		ldr	r3, [r3]
 214 0006 4BB9     		cbnz	r3, .L15
  38:packet_uart.c ****     {
  39:packet_uart.c ****         //TO DO: Validate packet type is valid        
  40:packet_uart.c ****         current_packet = dmc_packet_init((enum dmc_packet_type)byteReceived);
 215              		.loc 2 40 0
 216 0008 FFF7FEFF 		bl	dmc_packet_init
 217              	.LVL23:
 218 000c 0D4B     		ldr	r3, .L19
 219 000e 1860     		str	r0, [r3]
  41:packet_uart.c ****         discard_packet = raise_flag_handler(current_packet);
 220              		.loc 2 41 0
 221 0010 0D4B     		ldr	r3, .L19+4
 222 0012 1B68     		ldr	r3, [r3]
 223 0014 9847     		blx	r3
 224              	.LVL24:
 225 0016 0D4B     		ldr	r3, .L19+8
 226 0018 1860     		str	r0, [r3]
  42:packet_uart.c ****         return;
 227              		.loc 2 42 0
 228 001a 10BD     		pop	{r4, pc}
 229              	.LVL25:
 230              	.L15:
  43:packet_uart.c ****             
  44:packet_uart.c ****             
  45:packet_uart.c ****     }
  46:packet_uart.c ****    
ARM GAS  C:\Users\Runeg\AppData\Local\Temp\ccsurNJc.s 			page 8


  47:packet_uart.c ****     //Append byterecived to current_packet
  48:packet_uart.c ****     dmc_packet_append_byte(current_packet, (unsigned char)byteReceived);
 231              		.loc 2 48 0
 232 001c 0146     		mov	r1, r0
 233 001e 1846     		mov	r0, r3
 234              	.LVL26:
 235 0020 FFF7FEFF 		bl	dmc_packet_append_byte
 236              	.LVL27:
  49:packet_uart.c ****     
  50:packet_uart.c ****     //Push packet to job_queue if payload is complete
  51:packet_uart.c ****     if (dmc_packet_complete(current_packet))
 237              		.loc 2 51 0
 238 0024 074B     		ldr	r3, .L19
 239 0026 1C68     		ldr	r4, [r3]
 240 0028 2046     		mov	r0, r4
 241 002a FFF7FEFF 		bl	dmc_packet_complete
 242              	.LVL28:
 243 002e 40B1     		cbz	r0, .L14
  52:packet_uart.c ****     {
  53:packet_uart.c ****         if (!discard_packet)
 244              		.loc 2 53 0
 245 0030 064B     		ldr	r3, .L19+8
 246 0032 1B68     		ldr	r3, [r3]
 247 0034 13B9     		cbnz	r3, .L17
  54:packet_uart.c ****             job_enqueue_packet(current_packet);
 248              		.loc 2 54 0
 249 0036 2046     		mov	r0, r4
 250 0038 FFF7FEFF 		bl	job_enqueue_packet
 251              	.LVL29:
 252              	.L17:
  55:packet_uart.c ****         current_packet = NULL;
 253              		.loc 2 55 0
 254 003c 0022     		movs	r2, #0
 255 003e 014B     		ldr	r3, .L19
 256 0040 1A60     		str	r2, [r3]
 257              	.L14:
 258 0042 10BD     		pop	{r4, pc}
 259              	.L20:
 260              		.align	2
 261              	.L19:
 262 0044 00000000 		.word	current_packet
 263 0048 00000000 		.word	raise_flag_handler
 264 004c 00000000 		.word	.LANCHOR0
 265              		.cfi_endproc
 266              	.LFE76:
 267              		.size	handleByteReceived, .-handleByteReceived
 268              		.section	.text.ISR_UART_rx_handler,"ax",%progbits
 269              		.align	2
 270              		.global	ISR_UART_rx_handler
 271              		.thumb
 272              		.thumb_func
 273              		.type	ISR_UART_rx_handler, %function
 274              	ISR_UART_rx_handler:
 275              	.LFB77:
  56:packet_uart.c ****     }
  57:packet_uart.c **** }
  58:packet_uart.c **** 
ARM GAS  C:\Users\Runeg\AppData\Local\Temp\ccsurNJc.s 			page 9


  59:packet_uart.c **** 
  60:packet_uart.c **** CY_ISR(ISR_UART_rx_handler)
  61:packet_uart.c **** {
 276              		.loc 2 61 0
 277              		.cfi_startproc
 278              		@ args = 0, pretend = 0, frame = 0
 279              		@ frame_needed = 0, uses_anonymous_args = 0
 280 0000 38B5     		push	{r3, r4, r5, lr}
 281              		.cfi_def_cfa_offset 16
 282              		.cfi_offset 3, -16
 283              		.cfi_offset 4, -12
 284              		.cfi_offset 5, -8
 285              		.cfi_offset 14, -4
  62:packet_uart.c ****     uint8_t bytesToRead = UART_1_GetRxBufferSize();
 286              		.loc 2 62 0
 287 0002 FFF7FEFF 		bl	UART_1_GetRxBufferSize
 288              	.LVL30:
 289 0006 0446     		mov	r4, r0
 290              	.LVL31:
  63:packet_uart.c ****     while (bytesToRead > 0)
 291              		.loc 2 63 0
 292 0008 09E0     		b	.L22
 293              	.L23:
 294              	.LBB2:
  64:packet_uart.c ****     {
  65:packet_uart.c ****         uint8_t byteReceived = UART_1_ReadRxData();
 295              		.loc 2 65 0
 296 000a FFF7FEFF 		bl	UART_1_ReadRxData
 297              	.LVL32:
 298 000e 0546     		mov	r5, r0
 299              	.LVL33:
  66:packet_uart.c ****         UART_1_WriteTxData(byteReceived); // echo back
 300              		.loc 2 66 0
 301 0010 FFF7FEFF 		bl	UART_1_WriteTxData
 302              	.LVL34:
  67:packet_uart.c ****         
  68:packet_uart.c ****         handleByteReceived(byteReceived);
 303              		.loc 2 68 0
 304 0014 2846     		mov	r0, r5
 305 0016 FFF7FEFF 		bl	handleByteReceived
 306              	.LVL35:
  69:packet_uart.c ****         
  70:packet_uart.c ****         bytesToRead--;
 307              		.loc 2 70 0
 308 001a 013C     		subs	r4, r4, #1
 309              	.LVL36:
 310 001c E4B2     		uxtb	r4, r4
 311              	.LVL37:
 312              	.L22:
 313              	.LBE2:
  63:packet_uart.c ****     {
 314              		.loc 2 63 0
 315 001e 002C     		cmp	r4, #0
 316 0020 F3D1     		bne	.L23
  71:packet_uart.c ****     }
  72:packet_uart.c **** }
 317              		.loc 2 72 0
ARM GAS  C:\Users\Runeg\AppData\Local\Temp\ccsurNJc.s 			page 10


 318 0022 38BD     		pop	{r3, r4, r5, pc}
 319              		.cfi_endproc
 320              	.LFE77:
 321              		.size	ISR_UART_rx_handler, .-ISR_UART_rx_handler
 322              		.comm	raise_flag_handler,4,4
 323              		.global	discard_packet
 324              		.comm	current_packet,4,4
 325              		.bss
 326              		.align	2
 327              		.set	.LANCHOR0,. + 0
 328              		.type	discard_packet, %object
 329              		.size	discard_packet, 4
 330              	discard_packet:
 331 0000 00000000 		.space	4
 332              		.text
 333              	.Letext0:
 334              		.file 3 "c:\\program files (x86)\\cypress\\psoc creator\\4.4\\psoc creator\\import\\gnu\\arm\\5.4.
 335              		.file 4 "c:\\program files (x86)\\cypress\\psoc creator\\4.4\\psoc creator\\import\\gnu\\arm\\5.4.
 336              		.file 5 "c:\\program files (x86)\\cypress\\psoc creator\\4.4\\psoc creator\\import\\gnu\\arm\\5.4.
 337              		.file 6 "Generated_Source\\PSoC5/core_cm3.h"
 338              		.file 7 "c:\\program files (x86)\\cypress\\psoc creator\\4.4\\psoc creator\\import\\gnu\\arm\\5.4.
 339              		.file 8 "Generated_Source\\PSoC5/isr_uart_rx.h"
 340              		.file 9 "Generated_Source\\PSoC5/UART_1.h"
 341              		.file 10 "job_queue.h"
 342              		.section	.debug_info,"",%progbits
 343              	.Ldebug_info0:
 344 0000 C9030000 		.4byte	0x3c9
 345 0004 0400     		.2byte	0x4
 346 0006 00000000 		.4byte	.Ldebug_abbrev0
 347 000a 04       		.byte	0x4
 348 000b 01       		.uleb128 0x1
 349 000c E1000000 		.4byte	.LASF48
 350 0010 0C       		.byte	0xc
 351 0011 54030000 		.4byte	.LASF49
 352 0015 4C020000 		.4byte	.LASF50
 353 0019 00000000 		.4byte	.Ldebug_ranges0+0
 354 001d 00000000 		.4byte	0
 355 0021 00000000 		.4byte	.Ldebug_line0
 356 0025 02       		.uleb128 0x2
 357 0026 01       		.byte	0x1
 358 0027 06       		.byte	0x6
 359 0028 82030000 		.4byte	.LASF0
 360 002c 03       		.uleb128 0x3
 361 002d 2F000000 		.4byte	.LASF4
 362 0031 03       		.byte	0x3
 363 0032 1D       		.byte	0x1d
 364 0033 37000000 		.4byte	0x37
 365 0037 02       		.uleb128 0x2
 366 0038 01       		.byte	0x1
 367 0039 08       		.byte	0x8
 368 003a D3000000 		.4byte	.LASF1
 369 003e 02       		.uleb128 0x2
 370 003f 02       		.byte	0x2
 371 0040 05       		.byte	0x5
 372 0041 4A030000 		.4byte	.LASF2
 373 0045 02       		.uleb128 0x2
 374 0046 02       		.byte	0x2
ARM GAS  C:\Users\Runeg\AppData\Local\Temp\ccsurNJc.s 			page 11


 375 0047 07       		.byte	0x7
 376 0048 5D000000 		.4byte	.LASF3
 377 004c 03       		.uleb128 0x3
 378 004d 40000000 		.4byte	.LASF5
 379 0051 03       		.byte	0x3
 380 0052 3F       		.byte	0x3f
 381 0053 57000000 		.4byte	0x57
 382 0057 02       		.uleb128 0x2
 383 0058 04       		.byte	0x4
 384 0059 05       		.byte	0x5
 385 005a 62030000 		.4byte	.LASF6
 386 005e 02       		.uleb128 0x2
 387 005f 04       		.byte	0x4
 388 0060 07       		.byte	0x7
 389 0061 83010000 		.4byte	.LASF7
 390 0065 02       		.uleb128 0x2
 391 0066 08       		.byte	0x8
 392 0067 05       		.byte	0x5
 393 0068 00000000 		.4byte	.LASF8
 394 006c 02       		.uleb128 0x2
 395 006d 08       		.byte	0x8
 396 006e 07       		.byte	0x7
 397 006f A6020000 		.4byte	.LASF9
 398 0073 04       		.uleb128 0x4
 399 0074 04       		.byte	0x4
 400 0075 05       		.byte	0x5
 401 0076 696E7400 		.ascii	"int\000"
 402 007a 02       		.uleb128 0x2
 403 007b 04       		.byte	0x4
 404 007c 07       		.byte	0x7
 405 007d 99020000 		.4byte	.LASF10
 406 0081 03       		.uleb128 0x3
 407 0082 BD020000 		.4byte	.LASF11
 408 0086 04       		.byte	0x4
 409 0087 18       		.byte	0x18
 410 0088 2C000000 		.4byte	0x2c
 411 008c 03       		.uleb128 0x3
 412 008d E7020000 		.4byte	.LASF12
 413 0091 04       		.byte	0x4
 414 0092 2C       		.byte	0x2c
 415 0093 4C000000 		.4byte	0x4c
 416 0097 02       		.uleb128 0x2
 417 0098 04       		.byte	0x4
 418 0099 04       		.byte	0x4
 419 009a B5000000 		.4byte	.LASF13
 420 009e 02       		.uleb128 0x2
 421 009f 08       		.byte	0x8
 422 00a0 04       		.byte	0x4
 423 00a1 8E030000 		.4byte	.LASF14
 424 00a5 02       		.uleb128 0x2
 425 00a6 01       		.byte	0x1
 426 00a7 08       		.byte	0x8
 427 00a8 40030000 		.4byte	.LASF15
 428 00ac 03       		.uleb128 0x3
 429 00ad 39000000 		.4byte	.LASF16
 430 00b1 05       		.byte	0x5
 431 00b2 D8       		.byte	0xd8
ARM GAS  C:\Users\Runeg\AppData\Local\Temp\ccsurNJc.s 			page 12


 432 00b3 7A000000 		.4byte	0x7a
 433 00b7 02       		.uleb128 0x2
 434 00b8 08       		.byte	0x8
 435 00b9 04       		.byte	0x4
 436 00ba 76030000 		.4byte	.LASF17
 437 00be 02       		.uleb128 0x2
 438 00bf 04       		.byte	0x4
 439 00c0 07       		.byte	0x7
 440 00c1 EF020000 		.4byte	.LASF18
 441 00c5 05       		.uleb128 0x5
 442 00c6 04       		.byte	0x4
 443 00c7 A5000000 		.4byte	0xa5
 444 00cb 06       		.uleb128 0x6
 445 00cc 95030000 		.4byte	.LASF51
 446 00d0 01       		.byte	0x1
 447 00d1 37000000 		.4byte	0x37
 448 00d5 01       		.byte	0x1
 449 00d6 0E       		.byte	0xe
 450 00d7 F4000000 		.4byte	0xf4
 451 00db 07       		.uleb128 0x7
 452 00dc BA010000 		.4byte	.LASF19
 453 00e0 80       		.byte	0x80
 454 00e1 07       		.uleb128 0x7
 455 00e2 F8020000 		.4byte	.LASF20
 456 00e6 92       		.byte	0x92
 457 00e7 07       		.uleb128 0x7
 458 00e8 8A000000 		.4byte	.LASF21
 459 00ec A0       		.byte	0xa0
 460 00ed 07       		.uleb128 0x7
 461 00ee 0E020000 		.4byte	.LASF22
 462 00f2 B2       		.byte	0xb2
 463 00f3 00       		.byte	0
 464 00f4 08       		.uleb128 0x8
 465 00f5 6B030000 		.4byte	.LASF52
 466 00f9 0C       		.byte	0xc
 467 00fa 01       		.byte	0x1
 468 00fb 16       		.byte	0x16
 469 00fc 25010000 		.4byte	0x125
 470 0100 09       		.uleb128 0x9
 471 0101 45030000 		.4byte	.LASF23
 472 0105 01       		.byte	0x1
 473 0106 1B       		.byte	0x1b
 474 0107 CB000000 		.4byte	0xcb
 475 010b 00       		.byte	0
 476 010c 09       		.uleb128 0x9
 477 010d BB000000 		.4byte	.LASF24
 478 0111 01       		.byte	0x1
 479 0112 20       		.byte	0x20
 480 0113 C5000000 		.4byte	0xc5
 481 0117 04       		.byte	0x4
 482 0118 09       		.uleb128 0x9
 483 0119 AC000000 		.4byte	.LASF25
 484 011d 01       		.byte	0x1
 485 011e 25       		.byte	0x25
 486 011f AC000000 		.4byte	0xac
 487 0123 08       		.byte	0x8
 488 0124 00       		.byte	0
ARM GAS  C:\Users\Runeg\AppData\Local\Temp\ccsurNJc.s 			page 13


 489 0125 0A       		.uleb128 0xa
 490 0126 1D030000 		.4byte	.LASF26
 491 012a 01       		.byte	0x1
 492 012b 5B       		.byte	0x5b
 493 012c 37000000 		.4byte	0x37
 494 0130 00000000 		.4byte	.LFB65
 495 0134 12000000 		.4byte	.LFE65-.LFB65
 496 0138 01       		.uleb128 0x1
 497 0139 9C       		.byte	0x9c
 498 013a 5B010000 		.4byte	0x15b
 499 013e 0B       		.uleb128 0xb
 500 013f 92020000 		.4byte	.LASF28
 501 0143 01       		.byte	0x1
 502 0144 5B       		.byte	0x5b
 503 0145 5B010000 		.4byte	0x15b
 504 0149 00000000 		.4byte	.LLST0
 505 014d 0C       		.uleb128 0xc
 506 014e 70000000 		.4byte	.LASF29
 507 0152 01       		.byte	0x1
 508 0153 5D       		.byte	0x5d
 509 0154 37000000 		.4byte	0x37
 510 0158 01       		.uleb128 0x1
 511 0159 53       		.byte	0x53
 512 015a 00       		.byte	0
 513 015b 05       		.uleb128 0x5
 514 015c 04       		.byte	0x4
 515 015d F4000000 		.4byte	0xf4
 516 0161 0A       		.uleb128 0xa
 517 0162 2E020000 		.4byte	.LASF27
 518 0166 01       		.byte	0x1
 519 0167 65       		.byte	0x65
 520 0168 37000000 		.4byte	0x37
 521 016c 00000000 		.4byte	.LFB66
 522 0170 22000000 		.4byte	.LFE66-.LFB66
 523 0174 01       		.uleb128 0x1
 524 0175 9C       		.byte	0x9c
 525 0176 A6010000 		.4byte	0x1a6
 526 017a 0B       		.uleb128 0xb
 527 017b 92020000 		.4byte	.LASF28
 528 017f 01       		.byte	0x1
 529 0180 65       		.byte	0x65
 530 0181 5B010000 		.4byte	0x15b
 531 0185 21000000 		.4byte	.LLST1
 532 0189 0D       		.uleb128 0xd
 533 018a BB000000 		.4byte	.LASF24
 534 018e 01       		.byte	0x1
 535 018f 66       		.byte	0x66
 536 0190 37000000 		.4byte	0x37
 537 0194 01       		.uleb128 0x1
 538 0195 51       		.byte	0x51
 539 0196 0E       		.uleb128 0xe
 540 0197 70000000 		.4byte	.LASF29
 541 019b 01       		.byte	0x1
 542 019c 68       		.byte	0x68
 543 019d 37000000 		.4byte	0x37
 544 01a1 5B000000 		.4byte	.LLST2
 545 01a5 00       		.byte	0
ARM GAS  C:\Users\Runeg\AppData\Local\Temp\ccsurNJc.s 			page 14


 546 01a6 0A       		.uleb128 0xa
 547 01a7 D2010000 		.4byte	.LASF30
 548 01ab 01       		.byte	0x1
 549 01ac 2C       		.byte	0x2c
 550 01ad 5B010000 		.4byte	0x15b
 551 01b1 00000000 		.4byte	.LFB63
 552 01b5 26000000 		.4byte	.LFE63-.LFB63
 553 01b9 01       		.uleb128 0x1
 554 01ba 9C       		.byte	0x9c
 555 01bb 0E020000 		.4byte	0x20e
 556 01bf 0B       		.uleb128 0xb
 557 01c0 45030000 		.4byte	.LASF23
 558 01c4 01       		.byte	0x1
 559 01c5 2C       		.byte	0x2c
 560 01c6 CB000000 		.4byte	0xcb
 561 01ca 8A000000 		.4byte	.LLST3
 562 01ce 0C       		.uleb128 0xc
 563 01cf 70000000 		.4byte	.LASF29
 564 01d3 01       		.byte	0x1
 565 01d4 2E       		.byte	0x2e
 566 01d5 37000000 		.4byte	0x37
 567 01d9 01       		.uleb128 0x1
 568 01da 56       		.byte	0x56
 569 01db 0E       		.uleb128 0xe
 570 01dc 92020000 		.4byte	.LASF28
 571 01e0 01       		.byte	0x1
 572 01e1 31       		.byte	0x31
 573 01e2 5B010000 		.4byte	0x15b
 574 01e6 AB000000 		.4byte	.LLST4
 575 01ea 0F       		.uleb128 0xf
 576 01eb 0E000000 		.4byte	.LVL14
 577 01ef 7F030000 		.4byte	0x37f
 578 01f3 FD010000 		.4byte	0x1fd
 579 01f7 10       		.uleb128 0x10
 580 01f8 01       		.uleb128 0x1
 581 01f9 50       		.byte	0x50
 582 01fa 01       		.uleb128 0x1
 583 01fb 3C       		.byte	0x3c
 584 01fc 00       		.byte	0
 585 01fd 11       		.uleb128 0x11
 586 01fe 20000000 		.4byte	.LVL17
 587 0202 7F030000 		.4byte	0x37f
 588 0206 10       		.uleb128 0x10
 589 0207 01       		.uleb128 0x1
 590 0208 50       		.byte	0x50
 591 0209 02       		.uleb128 0x2
 592 020a 76       		.byte	0x76
 593 020b 00       		.sleb128 0
 594 020c 00       		.byte	0
 595 020d 00       		.byte	0
 596 020e 12       		.uleb128 0x12
 597 020f A2000000 		.4byte	.LASF32
 598 0213 02       		.byte	0x2
 599 0214 18       		.byte	0x18
 600 0215 00000000 		.4byte	.LFB75
 601 0219 1C000000 		.4byte	.LFE75-.LFB75
 602 021d 01       		.uleb128 0x1
ARM GAS  C:\Users\Runeg\AppData\Local\Temp\ccsurNJc.s 			page 15


 603 021e 9C       		.byte	0x9c
 604 021f 53020000 		.4byte	0x253
 605 0223 0B       		.uleb128 0xb
 606 0224 DC020000 		.4byte	.LASF31
 607 0228 02       		.byte	0x2
 608 0229 18       		.byte	0x18
 609 022a 62020000 		.4byte	0x262
 610 022e C9000000 		.4byte	.LLST5
 611 0232 0F       		.uleb128 0xf
 612 0233 0C000000 		.4byte	.LVL20
 613 0237 8A030000 		.4byte	0x38a
 614 023b 49020000 		.4byte	0x249
 615 023f 10       		.uleb128 0x10
 616 0240 01       		.uleb128 0x1
 617 0241 50       		.byte	0x50
 618 0242 05       		.uleb128 0x5
 619 0243 03       		.byte	0x3
 620 0244 00000000 		.4byte	ISR_UART_rx_handler
 621 0248 00       		.byte	0
 622 0249 13       		.uleb128 0x13
 623 024a 10000000 		.4byte	.LVL21
 624 024e 95030000 		.4byte	0x395
 625 0252 00       		.byte	0
 626 0253 14       		.uleb128 0x14
 627 0254 73000000 		.4byte	0x73
 628 0258 62020000 		.4byte	0x262
 629 025c 15       		.uleb128 0x15
 630 025d 5B010000 		.4byte	0x15b
 631 0261 00       		.byte	0
 632 0262 05       		.uleb128 0x5
 633 0263 04       		.byte	0x4
 634 0264 53020000 		.4byte	0x253
 635 0268 16       		.uleb128 0x16
 636 0269 A7010000 		.4byte	.LASF33
 637 026d 02       		.byte	0x2
 638 026e 21       		.byte	0x21
 639 026f 00000000 		.4byte	.LFB76
 640 0273 50000000 		.4byte	.LFE76-.LFB76
 641 0277 01       		.uleb128 0x1
 642 0278 9C       		.byte	0x9c
 643 0279 C3020000 		.4byte	0x2c3
 644 027d 0B       		.uleb128 0xb
 645 027e A5030000 		.4byte	.LASF34
 646 0282 02       		.byte	0x2
 647 0283 21       		.byte	0x21
 648 0284 81000000 		.4byte	0x81
 649 0288 F9000000 		.4byte	.LLST6
 650 028c 13       		.uleb128 0x13
 651 028d 0C000000 		.4byte	.LVL23
 652 0291 A6010000 		.4byte	0x1a6
 653 0295 13       		.uleb128 0x13
 654 0296 24000000 		.4byte	.LVL27
 655 029a 61010000 		.4byte	0x161
 656 029e 0F       		.uleb128 0xf
 657 029f 2E000000 		.4byte	.LVL28
 658 02a3 25010000 		.4byte	0x125
 659 02a7 B2020000 		.4byte	0x2b2
ARM GAS  C:\Users\Runeg\AppData\Local\Temp\ccsurNJc.s 			page 16


 660 02ab 10       		.uleb128 0x10
 661 02ac 01       		.uleb128 0x1
 662 02ad 50       		.byte	0x50
 663 02ae 02       		.uleb128 0x2
 664 02af 74       		.byte	0x74
 665 02b0 00       		.sleb128 0
 666 02b1 00       		.byte	0
 667 02b2 11       		.uleb128 0x11
 668 02b3 3C000000 		.4byte	.LVL29
 669 02b7 A0030000 		.4byte	0x3a0
 670 02bb 10       		.uleb128 0x10
 671 02bc 01       		.uleb128 0x1
 672 02bd 50       		.byte	0x50
 673 02be 02       		.uleb128 0x2
 674 02bf 74       		.byte	0x74
 675 02c0 00       		.sleb128 0
 676 02c1 00       		.byte	0
 677 02c2 00       		.byte	0
 678 02c3 12       		.uleb128 0x12
 679 02c4 6F010000 		.4byte	.LASF35
 680 02c8 02       		.byte	0x2
 681 02c9 3C       		.byte	0x3c
 682 02ca 00000000 		.4byte	.LFB77
 683 02ce 24000000 		.4byte	.LFE77-.LFB77
 684 02d2 01       		.uleb128 0x1
 685 02d3 9C       		.byte	0x9c
 686 02d4 3B030000 		.4byte	0x33b
 687 02d8 0E       		.uleb128 0xe
 688 02d9 02020000 		.4byte	.LASF36
 689 02dd 02       		.byte	0x2
 690 02de 3E       		.byte	0x3e
 691 02df 81000000 		.4byte	0x81
 692 02e3 33010000 		.4byte	.LLST7
 693 02e7 17       		.uleb128 0x17
 694 02e8 0A000000 		.4byte	.LBB2
 695 02ec 14000000 		.4byte	.LBE2-.LBB2
 696 02f0 31030000 		.4byte	0x331
 697 02f4 0E       		.uleb128 0xe
 698 02f5 A5030000 		.4byte	.LASF34
 699 02f9 02       		.byte	0x2
 700 02fa 41       		.byte	0x41
 701 02fb 81000000 		.4byte	0x81
 702 02ff 51010000 		.4byte	.LLST8
 703 0303 13       		.uleb128 0x13
 704 0304 0E000000 		.4byte	.LVL32
 705 0308 AB030000 		.4byte	0x3ab
 706 030c 0F       		.uleb128 0xf
 707 030d 14000000 		.4byte	.LVL34
 708 0311 B6030000 		.4byte	0x3b6
 709 0315 20030000 		.4byte	0x320
 710 0319 10       		.uleb128 0x10
 711 031a 01       		.uleb128 0x1
 712 031b 50       		.byte	0x50
 713 031c 02       		.uleb128 0x2
 714 031d 75       		.byte	0x75
 715 031e 00       		.sleb128 0
 716 031f 00       		.byte	0
ARM GAS  C:\Users\Runeg\AppData\Local\Temp\ccsurNJc.s 			page 17


 717 0320 11       		.uleb128 0x11
 718 0321 1A000000 		.4byte	.LVL35
 719 0325 68020000 		.4byte	0x268
 720 0329 10       		.uleb128 0x10
 721 032a 01       		.uleb128 0x1
 722 032b 50       		.byte	0x50
 723 032c 02       		.uleb128 0x2
 724 032d 75       		.byte	0x75
 725 032e 00       		.sleb128 0
 726 032f 00       		.byte	0
 727 0330 00       		.byte	0
 728 0331 13       		.uleb128 0x13
 729 0332 06000000 		.4byte	.LVL30
 730 0336 C1030000 		.4byte	0x3c1
 731 033a 00       		.byte	0
 732 033b 18       		.uleb128 0x18
 733 033c E2010000 		.4byte	.LASF37
 734 0340 06       		.byte	0x6
 735 0341 1207     		.2byte	0x712
 736 0343 47030000 		.4byte	0x347
 737 0347 19       		.uleb128 0x19
 738 0348 8C000000 		.4byte	0x8c
 739 034c 1A       		.uleb128 0x1a
 740 034d 7B000000 		.4byte	.LASF38
 741 0351 02       		.byte	0x2
 742 0352 10       		.byte	0x10
 743 0353 5B010000 		.4byte	0x15b
 744 0357 05       		.uleb128 0x5
 745 0358 03       		.byte	0x3
 746 0359 00000000 		.4byte	current_packet
 747 035d 1A       		.uleb128 0x1a
 748 035e 31030000 		.4byte	.LASF39
 749 0362 02       		.byte	0x2
 750 0363 11       		.byte	0x11
 751 0364 73000000 		.4byte	0x73
 752 0368 05       		.uleb128 0x5
 753 0369 03       		.byte	0x3
 754 036a 00000000 		.4byte	discard_packet
 755 036e 1A       		.uleb128 0x1a
 756 036f 4A000000 		.4byte	.LASF40
 757 0373 02       		.byte	0x2
 758 0374 14       		.byte	0x14
 759 0375 62020000 		.4byte	0x262
 760 0379 05       		.uleb128 0x5
 761 037a 03       		.byte	0x3
 762 037b 00000000 		.4byte	raise_flag_handler
 763 037f 1B       		.uleb128 0x1b
 764 0380 45020000 		.4byte	.LASF41
 765 0384 45020000 		.4byte	.LASF41
 766 0388 07       		.byte	0x7
 767 0389 64       		.byte	0x64
 768 038a 1B       		.uleb128 0x1b
 769 038b 0E000000 		.4byte	.LASF42
 770 038f 0E000000 		.4byte	.LASF42
 771 0393 08       		.byte	0x8
 772 0394 18       		.byte	0x18
 773 0395 1B       		.uleb128 0x1b
ARM GAS  C:\Users\Runeg\AppData\Local\Temp\ccsurNJc.s 			page 18


 774 0396 22000000 		.4byte	.LASF43
 775 039a 22000000 		.4byte	.LASF43
 776 039e 09       		.byte	0x9
 777 039f 54       		.byte	0x54
 778 03a0 1B       		.uleb128 0x1b
 779 03a1 C0000000 		.4byte	.LASF44
 780 03a5 C0000000 		.4byte	.LASF44
 781 03a9 0A       		.byte	0xa
 782 03aa 19       		.byte	0x19
 783 03ab 1B       		.uleb128 0x1b
 784 03ac 95010000 		.4byte	.LASF45
 785 03b0 95010000 		.4byte	.LASF45
 786 03b4 09       		.byte	0x9
 787 03b5 6F       		.byte	0x6f
 788 03b6 1B       		.uleb128 0x1b
 789 03b7 EF010000 		.4byte	.LASF46
 790 03bb EF010000 		.4byte	.LASF46
 791 03bf 09       		.byte	0x9
 792 03c0 88       		.byte	0x88
 793 03c1 1B       		.uleb128 0x1b
 794 03c2 C5020000 		.4byte	.LASF47
 795 03c6 C5020000 		.4byte	.LASF47
 796 03ca 09       		.byte	0x9
 797 03cb 73       		.byte	0x73
 798 03cc 00       		.byte	0
 799              		.section	.debug_abbrev,"",%progbits
 800              	.Ldebug_abbrev0:
 801 0000 01       		.uleb128 0x1
 802 0001 11       		.uleb128 0x11
 803 0002 01       		.byte	0x1
 804 0003 25       		.uleb128 0x25
 805 0004 0E       		.uleb128 0xe
 806 0005 13       		.uleb128 0x13
 807 0006 0B       		.uleb128 0xb
 808 0007 03       		.uleb128 0x3
 809 0008 0E       		.uleb128 0xe
 810 0009 1B       		.uleb128 0x1b
 811 000a 0E       		.uleb128 0xe
 812 000b 55       		.uleb128 0x55
 813 000c 17       		.uleb128 0x17
 814 000d 11       		.uleb128 0x11
 815 000e 01       		.uleb128 0x1
 816 000f 10       		.uleb128 0x10
 817 0010 17       		.uleb128 0x17
 818 0011 00       		.byte	0
 819 0012 00       		.byte	0
 820 0013 02       		.uleb128 0x2
 821 0014 24       		.uleb128 0x24
 822 0015 00       		.byte	0
 823 0016 0B       		.uleb128 0xb
 824 0017 0B       		.uleb128 0xb
 825 0018 3E       		.uleb128 0x3e
 826 0019 0B       		.uleb128 0xb
 827 001a 03       		.uleb128 0x3
 828 001b 0E       		.uleb128 0xe
 829 001c 00       		.byte	0
 830 001d 00       		.byte	0
ARM GAS  C:\Users\Runeg\AppData\Local\Temp\ccsurNJc.s 			page 19


 831 001e 03       		.uleb128 0x3
 832 001f 16       		.uleb128 0x16
 833 0020 00       		.byte	0
 834 0021 03       		.uleb128 0x3
 835 0022 0E       		.uleb128 0xe
 836 0023 3A       		.uleb128 0x3a
 837 0024 0B       		.uleb128 0xb
 838 0025 3B       		.uleb128 0x3b
 839 0026 0B       		.uleb128 0xb
 840 0027 49       		.uleb128 0x49
 841 0028 13       		.uleb128 0x13
 842 0029 00       		.byte	0
 843 002a 00       		.byte	0
 844 002b 04       		.uleb128 0x4
 845 002c 24       		.uleb128 0x24
 846 002d 00       		.byte	0
 847 002e 0B       		.uleb128 0xb
 848 002f 0B       		.uleb128 0xb
 849 0030 3E       		.uleb128 0x3e
 850 0031 0B       		.uleb128 0xb
 851 0032 03       		.uleb128 0x3
 852 0033 08       		.uleb128 0x8
 853 0034 00       		.byte	0
 854 0035 00       		.byte	0
 855 0036 05       		.uleb128 0x5
 856 0037 0F       		.uleb128 0xf
 857 0038 00       		.byte	0
 858 0039 0B       		.uleb128 0xb
 859 003a 0B       		.uleb128 0xb
 860 003b 49       		.uleb128 0x49
 861 003c 13       		.uleb128 0x13
 862 003d 00       		.byte	0
 863 003e 00       		.byte	0
 864 003f 06       		.uleb128 0x6
 865 0040 04       		.uleb128 0x4
 866 0041 01       		.byte	0x1
 867 0042 03       		.uleb128 0x3
 868 0043 0E       		.uleb128 0xe
 869 0044 0B       		.uleb128 0xb
 870 0045 0B       		.uleb128 0xb
 871 0046 49       		.uleb128 0x49
 872 0047 13       		.uleb128 0x13
 873 0048 3A       		.uleb128 0x3a
 874 0049 0B       		.uleb128 0xb
 875 004a 3B       		.uleb128 0x3b
 876 004b 0B       		.uleb128 0xb
 877 004c 01       		.uleb128 0x1
 878 004d 13       		.uleb128 0x13
 879 004e 00       		.byte	0
 880 004f 00       		.byte	0
 881 0050 07       		.uleb128 0x7
 882 0051 28       		.uleb128 0x28
 883 0052 00       		.byte	0
 884 0053 03       		.uleb128 0x3
 885 0054 0E       		.uleb128 0xe
 886 0055 1C       		.uleb128 0x1c
 887 0056 0B       		.uleb128 0xb
ARM GAS  C:\Users\Runeg\AppData\Local\Temp\ccsurNJc.s 			page 20


 888 0057 00       		.byte	0
 889 0058 00       		.byte	0
 890 0059 08       		.uleb128 0x8
 891 005a 13       		.uleb128 0x13
 892 005b 01       		.byte	0x1
 893 005c 03       		.uleb128 0x3
 894 005d 0E       		.uleb128 0xe
 895 005e 0B       		.uleb128 0xb
 896 005f 0B       		.uleb128 0xb
 897 0060 3A       		.uleb128 0x3a
 898 0061 0B       		.uleb128 0xb
 899 0062 3B       		.uleb128 0x3b
 900 0063 0B       		.uleb128 0xb
 901 0064 01       		.uleb128 0x1
 902 0065 13       		.uleb128 0x13
 903 0066 00       		.byte	0
 904 0067 00       		.byte	0
 905 0068 09       		.uleb128 0x9
 906 0069 0D       		.uleb128 0xd
 907 006a 00       		.byte	0
 908 006b 03       		.uleb128 0x3
 909 006c 0E       		.uleb128 0xe
 910 006d 3A       		.uleb128 0x3a
 911 006e 0B       		.uleb128 0xb
 912 006f 3B       		.uleb128 0x3b
 913 0070 0B       		.uleb128 0xb
 914 0071 49       		.uleb128 0x49
 915 0072 13       		.uleb128 0x13
 916 0073 38       		.uleb128 0x38
 917 0074 0B       		.uleb128 0xb
 918 0075 00       		.byte	0
 919 0076 00       		.byte	0
 920 0077 0A       		.uleb128 0xa
 921 0078 2E       		.uleb128 0x2e
 922 0079 01       		.byte	0x1
 923 007a 03       		.uleb128 0x3
 924 007b 0E       		.uleb128 0xe
 925 007c 3A       		.uleb128 0x3a
 926 007d 0B       		.uleb128 0xb
 927 007e 3B       		.uleb128 0x3b
 928 007f 0B       		.uleb128 0xb
 929 0080 27       		.uleb128 0x27
 930 0081 19       		.uleb128 0x19
 931 0082 49       		.uleb128 0x49
 932 0083 13       		.uleb128 0x13
 933 0084 11       		.uleb128 0x11
 934 0085 01       		.uleb128 0x1
 935 0086 12       		.uleb128 0x12
 936 0087 06       		.uleb128 0x6
 937 0088 40       		.uleb128 0x40
 938 0089 18       		.uleb128 0x18
 939 008a 9742     		.uleb128 0x2117
 940 008c 19       		.uleb128 0x19
 941 008d 01       		.uleb128 0x1
 942 008e 13       		.uleb128 0x13
 943 008f 00       		.byte	0
 944 0090 00       		.byte	0
ARM GAS  C:\Users\Runeg\AppData\Local\Temp\ccsurNJc.s 			page 21


 945 0091 0B       		.uleb128 0xb
 946 0092 05       		.uleb128 0x5
 947 0093 00       		.byte	0
 948 0094 03       		.uleb128 0x3
 949 0095 0E       		.uleb128 0xe
 950 0096 3A       		.uleb128 0x3a
 951 0097 0B       		.uleb128 0xb
 952 0098 3B       		.uleb128 0x3b
 953 0099 0B       		.uleb128 0xb
 954 009a 49       		.uleb128 0x49
 955 009b 13       		.uleb128 0x13
 956 009c 02       		.uleb128 0x2
 957 009d 17       		.uleb128 0x17
 958 009e 00       		.byte	0
 959 009f 00       		.byte	0
 960 00a0 0C       		.uleb128 0xc
 961 00a1 34       		.uleb128 0x34
 962 00a2 00       		.byte	0
 963 00a3 03       		.uleb128 0x3
 964 00a4 0E       		.uleb128 0xe
 965 00a5 3A       		.uleb128 0x3a
 966 00a6 0B       		.uleb128 0xb
 967 00a7 3B       		.uleb128 0x3b
 968 00a8 0B       		.uleb128 0xb
 969 00a9 49       		.uleb128 0x49
 970 00aa 13       		.uleb128 0x13
 971 00ab 02       		.uleb128 0x2
 972 00ac 18       		.uleb128 0x18
 973 00ad 00       		.byte	0
 974 00ae 00       		.byte	0
 975 00af 0D       		.uleb128 0xd
 976 00b0 05       		.uleb128 0x5
 977 00b1 00       		.byte	0
 978 00b2 03       		.uleb128 0x3
 979 00b3 0E       		.uleb128 0xe
 980 00b4 3A       		.uleb128 0x3a
 981 00b5 0B       		.uleb128 0xb
 982 00b6 3B       		.uleb128 0x3b
 983 00b7 0B       		.uleb128 0xb
 984 00b8 49       		.uleb128 0x49
 985 00b9 13       		.uleb128 0x13
 986 00ba 02       		.uleb128 0x2
 987 00bb 18       		.uleb128 0x18
 988 00bc 00       		.byte	0
 989 00bd 00       		.byte	0
 990 00be 0E       		.uleb128 0xe
 991 00bf 34       		.uleb128 0x34
 992 00c0 00       		.byte	0
 993 00c1 03       		.uleb128 0x3
 994 00c2 0E       		.uleb128 0xe
 995 00c3 3A       		.uleb128 0x3a
 996 00c4 0B       		.uleb128 0xb
 997 00c5 3B       		.uleb128 0x3b
 998 00c6 0B       		.uleb128 0xb
 999 00c7 49       		.uleb128 0x49
 1000 00c8 13       		.uleb128 0x13
 1001 00c9 02       		.uleb128 0x2
ARM GAS  C:\Users\Runeg\AppData\Local\Temp\ccsurNJc.s 			page 22


 1002 00ca 17       		.uleb128 0x17
 1003 00cb 00       		.byte	0
 1004 00cc 00       		.byte	0
 1005 00cd 0F       		.uleb128 0xf
 1006 00ce 898201   		.uleb128 0x4109
 1007 00d1 01       		.byte	0x1
 1008 00d2 11       		.uleb128 0x11
 1009 00d3 01       		.uleb128 0x1
 1010 00d4 31       		.uleb128 0x31
 1011 00d5 13       		.uleb128 0x13
 1012 00d6 01       		.uleb128 0x1
 1013 00d7 13       		.uleb128 0x13
 1014 00d8 00       		.byte	0
 1015 00d9 00       		.byte	0
 1016 00da 10       		.uleb128 0x10
 1017 00db 8A8201   		.uleb128 0x410a
 1018 00de 00       		.byte	0
 1019 00df 02       		.uleb128 0x2
 1020 00e0 18       		.uleb128 0x18
 1021 00e1 9142     		.uleb128 0x2111
 1022 00e3 18       		.uleb128 0x18
 1023 00e4 00       		.byte	0
 1024 00e5 00       		.byte	0
 1025 00e6 11       		.uleb128 0x11
 1026 00e7 898201   		.uleb128 0x4109
 1027 00ea 01       		.byte	0x1
 1028 00eb 11       		.uleb128 0x11
 1029 00ec 01       		.uleb128 0x1
 1030 00ed 31       		.uleb128 0x31
 1031 00ee 13       		.uleb128 0x13
 1032 00ef 00       		.byte	0
 1033 00f0 00       		.byte	0
 1034 00f1 12       		.uleb128 0x12
 1035 00f2 2E       		.uleb128 0x2e
 1036 00f3 01       		.byte	0x1
 1037 00f4 3F       		.uleb128 0x3f
 1038 00f5 19       		.uleb128 0x19
 1039 00f6 03       		.uleb128 0x3
 1040 00f7 0E       		.uleb128 0xe
 1041 00f8 3A       		.uleb128 0x3a
 1042 00f9 0B       		.uleb128 0xb
 1043 00fa 3B       		.uleb128 0x3b
 1044 00fb 0B       		.uleb128 0xb
 1045 00fc 27       		.uleb128 0x27
 1046 00fd 19       		.uleb128 0x19
 1047 00fe 11       		.uleb128 0x11
 1048 00ff 01       		.uleb128 0x1
 1049 0100 12       		.uleb128 0x12
 1050 0101 06       		.uleb128 0x6
 1051 0102 40       		.uleb128 0x40
 1052 0103 18       		.uleb128 0x18
 1053 0104 9742     		.uleb128 0x2117
 1054 0106 19       		.uleb128 0x19
 1055 0107 01       		.uleb128 0x1
 1056 0108 13       		.uleb128 0x13
 1057 0109 00       		.byte	0
 1058 010a 00       		.byte	0
ARM GAS  C:\Users\Runeg\AppData\Local\Temp\ccsurNJc.s 			page 23


 1059 010b 13       		.uleb128 0x13
 1060 010c 898201   		.uleb128 0x4109
 1061 010f 00       		.byte	0
 1062 0110 11       		.uleb128 0x11
 1063 0111 01       		.uleb128 0x1
 1064 0112 31       		.uleb128 0x31
 1065 0113 13       		.uleb128 0x13
 1066 0114 00       		.byte	0
 1067 0115 00       		.byte	0
 1068 0116 14       		.uleb128 0x14
 1069 0117 15       		.uleb128 0x15
 1070 0118 01       		.byte	0x1
 1071 0119 27       		.uleb128 0x27
 1072 011a 19       		.uleb128 0x19
 1073 011b 49       		.uleb128 0x49
 1074 011c 13       		.uleb128 0x13
 1075 011d 01       		.uleb128 0x1
 1076 011e 13       		.uleb128 0x13
 1077 011f 00       		.byte	0
 1078 0120 00       		.byte	0
 1079 0121 15       		.uleb128 0x15
 1080 0122 05       		.uleb128 0x5
 1081 0123 00       		.byte	0
 1082 0124 49       		.uleb128 0x49
 1083 0125 13       		.uleb128 0x13
 1084 0126 00       		.byte	0
 1085 0127 00       		.byte	0
 1086 0128 16       		.uleb128 0x16
 1087 0129 2E       		.uleb128 0x2e
 1088 012a 01       		.byte	0x1
 1089 012b 3F       		.uleb128 0x3f
 1090 012c 19       		.uleb128 0x19
 1091 012d 03       		.uleb128 0x3
 1092 012e 0E       		.uleb128 0xe
 1093 012f 3A       		.uleb128 0x3a
 1094 0130 0B       		.uleb128 0xb
 1095 0131 3B       		.uleb128 0x3b
 1096 0132 0B       		.uleb128 0xb
 1097 0133 27       		.uleb128 0x27
 1098 0134 19       		.uleb128 0x19
 1099 0135 11       		.uleb128 0x11
 1100 0136 01       		.uleb128 0x1
 1101 0137 12       		.uleb128 0x12
 1102 0138 06       		.uleb128 0x6
 1103 0139 40       		.uleb128 0x40
 1104 013a 18       		.uleb128 0x18
 1105 013b 9642     		.uleb128 0x2116
 1106 013d 19       		.uleb128 0x19
 1107 013e 01       		.uleb128 0x1
 1108 013f 13       		.uleb128 0x13
 1109 0140 00       		.byte	0
 1110 0141 00       		.byte	0
 1111 0142 17       		.uleb128 0x17
 1112 0143 0B       		.uleb128 0xb
 1113 0144 01       		.byte	0x1
 1114 0145 11       		.uleb128 0x11
 1115 0146 01       		.uleb128 0x1
ARM GAS  C:\Users\Runeg\AppData\Local\Temp\ccsurNJc.s 			page 24


 1116 0147 12       		.uleb128 0x12
 1117 0148 06       		.uleb128 0x6
 1118 0149 01       		.uleb128 0x1
 1119 014a 13       		.uleb128 0x13
 1120 014b 00       		.byte	0
 1121 014c 00       		.byte	0
 1122 014d 18       		.uleb128 0x18
 1123 014e 34       		.uleb128 0x34
 1124 014f 00       		.byte	0
 1125 0150 03       		.uleb128 0x3
 1126 0151 0E       		.uleb128 0xe
 1127 0152 3A       		.uleb128 0x3a
 1128 0153 0B       		.uleb128 0xb
 1129 0154 3B       		.uleb128 0x3b
 1130 0155 05       		.uleb128 0x5
 1131 0156 49       		.uleb128 0x49
 1132 0157 13       		.uleb128 0x13
 1133 0158 3F       		.uleb128 0x3f
 1134 0159 19       		.uleb128 0x19
 1135 015a 3C       		.uleb128 0x3c
 1136 015b 19       		.uleb128 0x19
 1137 015c 00       		.byte	0
 1138 015d 00       		.byte	0
 1139 015e 19       		.uleb128 0x19
 1140 015f 35       		.uleb128 0x35
 1141 0160 00       		.byte	0
 1142 0161 49       		.uleb128 0x49
 1143 0162 13       		.uleb128 0x13
 1144 0163 00       		.byte	0
 1145 0164 00       		.byte	0
 1146 0165 1A       		.uleb128 0x1a
 1147 0166 34       		.uleb128 0x34
 1148 0167 00       		.byte	0
 1149 0168 03       		.uleb128 0x3
 1150 0169 0E       		.uleb128 0xe
 1151 016a 3A       		.uleb128 0x3a
 1152 016b 0B       		.uleb128 0xb
 1153 016c 3B       		.uleb128 0x3b
 1154 016d 0B       		.uleb128 0xb
 1155 016e 49       		.uleb128 0x49
 1156 016f 13       		.uleb128 0x13
 1157 0170 3F       		.uleb128 0x3f
 1158 0171 19       		.uleb128 0x19
 1159 0172 02       		.uleb128 0x2
 1160 0173 18       		.uleb128 0x18
 1161 0174 00       		.byte	0
 1162 0175 00       		.byte	0
 1163 0176 1B       		.uleb128 0x1b
 1164 0177 2E       		.uleb128 0x2e
 1165 0178 00       		.byte	0
 1166 0179 3F       		.uleb128 0x3f
 1167 017a 19       		.uleb128 0x19
 1168 017b 3C       		.uleb128 0x3c
 1169 017c 19       		.uleb128 0x19
 1170 017d 6E       		.uleb128 0x6e
 1171 017e 0E       		.uleb128 0xe
 1172 017f 03       		.uleb128 0x3
ARM GAS  C:\Users\Runeg\AppData\Local\Temp\ccsurNJc.s 			page 25


 1173 0180 0E       		.uleb128 0xe
 1174 0181 3A       		.uleb128 0x3a
 1175 0182 0B       		.uleb128 0xb
 1176 0183 3B       		.uleb128 0x3b
 1177 0184 0B       		.uleb128 0xb
 1178 0185 00       		.byte	0
 1179 0186 00       		.byte	0
 1180 0187 00       		.byte	0
 1181              		.section	.debug_loc,"",%progbits
 1182              	.Ldebug_loc0:
 1183              	.LLST0:
 1184 0000 00000000 		.4byte	.LVL0
 1185 0004 08000000 		.4byte	.LVL2
 1186 0008 0100     		.2byte	0x1
 1187 000a 50       		.byte	0x50
 1188 000b 08000000 		.4byte	.LVL2
 1189 000f 12000000 		.4byte	.LFE65
 1190 0013 0400     		.2byte	0x4
 1191 0015 F3       		.byte	0xf3
 1192 0016 01       		.uleb128 0x1
 1193 0017 50       		.byte	0x50
 1194 0018 9F       		.byte	0x9f
 1195 0019 00000000 		.4byte	0
 1196 001d 00000000 		.4byte	0
 1197              	.LLST1:
 1198 0021 00000000 		.4byte	.LVL3
 1199 0025 18000000 		.4byte	.LVL7
 1200 0029 0100     		.2byte	0x1
 1201 002b 50       		.byte	0x50
 1202 002c 18000000 		.4byte	.LVL7
 1203 0030 1A000000 		.4byte	.LVL8
 1204 0034 0400     		.2byte	0x4
 1205 0036 F3       		.byte	0xf3
 1206 0037 01       		.uleb128 0x1
 1207 0038 50       		.byte	0x50
 1208 0039 9F       		.byte	0x9f
 1209 003a 1A000000 		.4byte	.LVL8
 1210 003e 1C000000 		.4byte	.LVL9
 1211 0042 0100     		.2byte	0x1
 1212 0044 50       		.byte	0x50
 1213 0045 1C000000 		.4byte	.LVL9
 1214 0049 22000000 		.4byte	.LFE66
 1215 004d 0400     		.2byte	0x4
 1216 004f F3       		.byte	0xf3
 1217 0050 01       		.uleb128 0x1
 1218 0051 50       		.byte	0x50
 1219 0052 9F       		.byte	0x9f
 1220 0053 00000000 		.4byte	0
 1221 0057 00000000 		.4byte	0
 1222              	.LLST2:
 1223 005b 06000000 		.4byte	.LVL4
 1224 005f 10000000 		.4byte	.LVL5
 1225 0063 0100     		.2byte	0x1
 1226 0065 53       		.byte	0x53
 1227 0066 10000000 		.4byte	.LVL5
 1228 006a 16000000 		.4byte	.LVL6
 1229 006e 0700     		.2byte	0x7
ARM GAS  C:\Users\Runeg\AppData\Local\Temp\ccsurNJc.s 			page 26


 1230 0070 70       		.byte	0x70
 1231 0071 00       		.sleb128 0
 1232 0072 94       		.byte	0x94
 1233 0073 01       		.byte	0x1
 1234 0074 3F       		.byte	0x3f
 1235 0075 1A       		.byte	0x1a
 1236 0076 9F       		.byte	0x9f
 1237 0077 1A000000 		.4byte	.LVL8
 1238 007b 1E000000 		.4byte	.LVL10
 1239 007f 0100     		.2byte	0x1
 1240 0081 53       		.byte	0x53
 1241 0082 00000000 		.4byte	0
 1242 0086 00000000 		.4byte	0
 1243              	.LLST3:
 1244 008a 00000000 		.4byte	.LVL11
 1245 008e 0A000000 		.4byte	.LVL13
 1246 0092 0100     		.2byte	0x1
 1247 0094 50       		.byte	0x50
 1248 0095 0A000000 		.4byte	.LVL13
 1249 0099 26000000 		.4byte	.LFE63
 1250 009d 0400     		.2byte	0x4
 1251 009f F3       		.byte	0xf3
 1252 00a0 01       		.uleb128 0x1
 1253 00a1 50       		.byte	0x50
 1254 00a2 9F       		.byte	0x9f
 1255 00a3 00000000 		.4byte	0
 1256 00a7 00000000 		.4byte	0
 1257              	.LLST4:
 1258 00ab 10000000 		.4byte	.LVL15
 1259 00af 1C000000 		.4byte	.LVL16
 1260 00b3 0100     		.2byte	0x1
 1261 00b5 50       		.byte	0x50
 1262 00b6 1C000000 		.4byte	.LVL16
 1263 00ba 26000000 		.4byte	.LFE63
 1264 00be 0100     		.2byte	0x1
 1265 00c0 54       		.byte	0x54
 1266 00c1 00000000 		.4byte	0
 1267 00c5 00000000 		.4byte	0
 1268              	.LLST5:
 1269 00c9 00000000 		.4byte	.LVL18
 1270 00cd 08000000 		.4byte	.LVL19
 1271 00d1 0100     		.2byte	0x1
 1272 00d3 50       		.byte	0x50
 1273 00d4 08000000 		.4byte	.LVL19
 1274 00d8 0B000000 		.4byte	.LVL20-1
 1275 00dc 0500     		.2byte	0x5
 1276 00de 03       		.byte	0x3
 1277 00df 00000000 		.4byte	raise_flag_handler
 1278 00e3 0B000000 		.4byte	.LVL20-1
 1279 00e7 1C000000 		.4byte	.LFE75
 1280 00eb 0400     		.2byte	0x4
 1281 00ed F3       		.byte	0xf3
 1282 00ee 01       		.uleb128 0x1
 1283 00ef 50       		.byte	0x50
 1284 00f0 9F       		.byte	0x9f
 1285 00f1 00000000 		.4byte	0
 1286 00f5 00000000 		.4byte	0
ARM GAS  C:\Users\Runeg\AppData\Local\Temp\ccsurNJc.s 			page 27


 1287              	.LLST6:
 1288 00f9 00000000 		.4byte	.LVL22
 1289 00fd 0B000000 		.4byte	.LVL23-1
 1290 0101 0100     		.2byte	0x1
 1291 0103 50       		.byte	0x50
 1292 0104 0B000000 		.4byte	.LVL23-1
 1293 0108 1C000000 		.4byte	.LVL25
 1294 010c 0400     		.2byte	0x4
 1295 010e F3       		.byte	0xf3
 1296 010f 01       		.uleb128 0x1
 1297 0110 50       		.byte	0x50
 1298 0111 9F       		.byte	0x9f
 1299 0112 1C000000 		.4byte	.LVL25
 1300 0116 20000000 		.4byte	.LVL26
 1301 011a 0100     		.2byte	0x1
 1302 011c 50       		.byte	0x50
 1303 011d 20000000 		.4byte	.LVL26
 1304 0121 50000000 		.4byte	.LFE76
 1305 0125 0400     		.2byte	0x4
 1306 0127 F3       		.byte	0xf3
 1307 0128 01       		.uleb128 0x1
 1308 0129 50       		.byte	0x50
 1309 012a 9F       		.byte	0x9f
 1310 012b 00000000 		.4byte	0
 1311 012f 00000000 		.4byte	0
 1312              	.LLST7:
 1313 0133 08000000 		.4byte	.LVL31
 1314 0137 1C000000 		.4byte	.LVL36
 1315 013b 0100     		.2byte	0x1
 1316 013d 54       		.byte	0x54
 1317 013e 1E000000 		.4byte	.LVL37
 1318 0142 24000000 		.4byte	.LFE77
 1319 0146 0100     		.2byte	0x1
 1320 0148 54       		.byte	0x54
 1321 0149 00000000 		.4byte	0
 1322 014d 00000000 		.4byte	0
 1323              	.LLST8:
 1324 0151 10000000 		.4byte	.LVL33
 1325 0155 1E000000 		.4byte	.LVL37
 1326 0159 0100     		.2byte	0x1
 1327 015b 55       		.byte	0x55
 1328 015c 00000000 		.4byte	0
 1329 0160 00000000 		.4byte	0
 1330              		.section	.debug_aranges,"",%progbits
 1331 0000 44000000 		.4byte	0x44
 1332 0004 0200     		.2byte	0x2
 1333 0006 00000000 		.4byte	.Ldebug_info0
 1334 000a 04       		.byte	0x4
 1335 000b 00       		.byte	0
 1336 000c 0000     		.2byte	0
 1337 000e 0000     		.2byte	0
 1338 0010 00000000 		.4byte	.LFB65
 1339 0014 12000000 		.4byte	.LFE65-.LFB65
 1340 0018 00000000 		.4byte	.LFB66
 1341 001c 22000000 		.4byte	.LFE66-.LFB66
 1342 0020 00000000 		.4byte	.LFB63
 1343 0024 26000000 		.4byte	.LFE63-.LFB63
ARM GAS  C:\Users\Runeg\AppData\Local\Temp\ccsurNJc.s 			page 28


 1344 0028 00000000 		.4byte	.LFB75
 1345 002c 1C000000 		.4byte	.LFE75-.LFB75
 1346 0030 00000000 		.4byte	.LFB76
 1347 0034 50000000 		.4byte	.LFE76-.LFB76
 1348 0038 00000000 		.4byte	.LFB77
 1349 003c 24000000 		.4byte	.LFE77-.LFB77
 1350 0040 00000000 		.4byte	0
 1351 0044 00000000 		.4byte	0
 1352              		.section	.debug_ranges,"",%progbits
 1353              	.Ldebug_ranges0:
 1354 0000 00000000 		.4byte	.LFB65
 1355 0004 12000000 		.4byte	.LFE65
 1356 0008 00000000 		.4byte	.LFB66
 1357 000c 22000000 		.4byte	.LFE66
 1358 0010 00000000 		.4byte	.LFB63
 1359 0014 26000000 		.4byte	.LFE63
 1360 0018 00000000 		.4byte	.LFB75
 1361 001c 1C000000 		.4byte	.LFE75
 1362 0020 00000000 		.4byte	.LFB76
 1363 0024 50000000 		.4byte	.LFE76
 1364 0028 00000000 		.4byte	.LFB77
 1365 002c 24000000 		.4byte	.LFE77
 1366 0030 00000000 		.4byte	0
 1367 0034 00000000 		.4byte	0
 1368              		.section	.debug_line,"",%progbits
 1369              	.Ldebug_line0:
 1370 0000 26030000 		.section	.debug_str,"MS",%progbits,1
 1370      02009402 
 1370      00000201 
 1370      FB0E0D00 
 1370      01010101 
 1371              	.LASF8:
 1372 0000 6C6F6E67 		.ascii	"long long int\000"
 1372      206C6F6E 
 1372      6720696E 
 1372      7400
 1373              	.LASF42:
 1374 000e 6973725F 		.ascii	"isr_uart_rx_StartEx\000"
 1374      75617274 
 1374      5F72785F 
 1374      53746172 
 1374      74457800 
 1375              	.LASF43:
 1376 0022 55415254 		.ascii	"UART_1_Start\000"
 1376      5F315F53 
 1376      74617274 
 1376      00
 1377              	.LASF4:
 1378 002f 5F5F7569 		.ascii	"__uint8_t\000"
 1378      6E74385F 
 1378      7400
 1379              	.LASF16:
 1380 0039 73697A65 		.ascii	"size_t\000"
 1380      5F7400
 1381              	.LASF5:
 1382 0040 5F5F696E 		.ascii	"__int32_t\000"
 1382      7433325F 
ARM GAS  C:\Users\Runeg\AppData\Local\Temp\ccsurNJc.s 			page 29


 1382      7400
 1383              	.LASF40:
 1384 004a 72616973 		.ascii	"raise_flag_handler\000"
 1384      655F666C 
 1384      61675F68 
 1384      616E646C 
 1384      657200
 1385              	.LASF3:
 1386 005d 73686F72 		.ascii	"short unsigned int\000"
 1386      7420756E 
 1386      7369676E 
 1386      65642069 
 1386      6E7400
 1387              	.LASF29:
 1388 0070 64617461 		.ascii	"data_bytes\000"
 1388      5F627974 
 1388      657300
 1389              	.LASF38:
 1390 007b 63757272 		.ascii	"current_packet\000"
 1390      656E745F 
 1390      7061636B 
 1390      657400
 1391              	.LASF21:
 1392 008a 444D435F 		.ascii	"DMC_PACKET_USER_CONFIRM\000"
 1392      5041434B 
 1392      45545F55 
 1392      5345525F 
 1392      434F4E46 
 1393              	.LASF32:
 1394 00a2 696E6974 		.ascii	"init_uart\000"
 1394      5F756172 
 1394      7400
 1395              	.LASF25:
 1396 00ac 64617461 		.ascii	"data_len\000"
 1396      5F6C656E 
 1396      00
 1397              	.LASF13:
 1398 00b5 666C6F61 		.ascii	"float\000"
 1398      7400
 1399              	.LASF24:
 1400 00bb 64617461 		.ascii	"data\000"
 1400      00
 1401              	.LASF44:
 1402 00c0 6A6F625F 		.ascii	"job_enqueue_packet\000"
 1402      656E7175 
 1402      6575655F 
 1402      7061636B 
 1402      657400
 1403              	.LASF1:
 1404 00d3 756E7369 		.ascii	"unsigned char\000"
 1404      676E6564 
 1404      20636861 
 1404      7200
 1405              	.LASF48:
 1406 00e1 474E5520 		.ascii	"GNU C11 5.4.1 20160609 (release) [ARM/embedded-5-br"
 1406      43313120 
 1406      352E342E 
ARM GAS  C:\Users\Runeg\AppData\Local\Temp\ccsurNJc.s 			page 30


 1406      31203230 
 1406      31363036 
 1407 0114 616E6368 		.ascii	"anch revision 237715] -mcpu=cortex-m3 -mthumb -g -O"
 1407      20726576 
 1407      6973696F 
 1407      6E203233 
 1407      37373135 
 1408 0147 67202D66 		.ascii	"g -ffunction-sections -ffat-lto-objects\000"
 1408      66756E63 
 1408      74696F6E 
 1408      2D736563 
 1408      74696F6E 
 1409              	.LASF35:
 1410 016f 4953525F 		.ascii	"ISR_UART_rx_handler\000"
 1410      55415254 
 1410      5F72785F 
 1410      68616E64 
 1410      6C657200 
 1411              	.LASF7:
 1412 0183 6C6F6E67 		.ascii	"long unsigned int\000"
 1412      20756E73 
 1412      69676E65 
 1412      6420696E 
 1412      7400
 1413              	.LASF45:
 1414 0195 55415254 		.ascii	"UART_1_ReadRxData\000"
 1414      5F315F52 
 1414      65616452 
 1414      78446174 
 1414      6100
 1415              	.LASF33:
 1416 01a7 68616E64 		.ascii	"handleByteReceived\000"
 1416      6C654279 
 1416      74655265 
 1416      63656976 
 1416      656400
 1417              	.LASF19:
 1418 01ba 444D435F 		.ascii	"DMC_PACKET_OUT_OF_ORDER\000"
 1418      5041434B 
 1418      45545F4F 
 1418      55545F4F 
 1418      465F4F52 
 1419              	.LASF30:
 1420 01d2 646D635F 		.ascii	"dmc_packet_init\000"
 1420      7061636B 
 1420      65745F69 
 1420      6E697400 
 1421              	.LASF37:
 1422 01e2 49544D5F 		.ascii	"ITM_RxBuffer\000"
 1422      52784275 
 1422      66666572 
 1422      00
 1423              	.LASF46:
 1424 01ef 55415254 		.ascii	"UART_1_WriteTxData\000"
 1424      5F315F57 
 1424      72697465 
 1424      54784461 
ARM GAS  C:\Users\Runeg\AppData\Local\Temp\ccsurNJc.s 			page 31


 1424      746100
 1425              	.LASF36:
 1426 0202 62797465 		.ascii	"bytesToRead\000"
 1426      73546F52 
 1426      65616400 
 1427              	.LASF22:
 1428 020e 444D435F 		.ascii	"DMC_PACKET_FLUID_POUR_REQUESTED\000"
 1428      5041434B 
 1428      45545F46 
 1428      4C554944 
 1428      5F504F55 
 1429              	.LASF27:
 1430 022e 646D635F 		.ascii	"dmc_packet_append_byte\000"
 1430      7061636B 
 1430      65745F61 
 1430      7070656E 
 1430      645F6279 
 1431              	.LASF41:
 1432 0245 6D616C6C 		.ascii	"malloc\000"
 1432      6F6300
 1433              	.LASF50:
 1434 024c 433A5C6B 		.ascii	"C:\\kode til PRJ3\\semesterproject3\\source\\psoc\\"
 1434      6F646520 
 1434      74696C20 
 1434      50524A33 
 1434      5C73656D 
 1435 027a 646D632D 		.ascii	"dmc-psoc\\dmc-psoc.cydsn\000"
 1435      70736F63 
 1435      5C646D63 
 1435      2D70736F 
 1435      632E6379 
 1436              	.LASF28:
 1437 0292 7061636B 		.ascii	"packet\000"
 1437      657400
 1438              	.LASF10:
 1439 0299 756E7369 		.ascii	"unsigned int\000"
 1439      676E6564 
 1439      20696E74 
 1439      00
 1440              	.LASF9:
 1441 02a6 6C6F6E67 		.ascii	"long long unsigned int\000"
 1441      206C6F6E 
 1441      6720756E 
 1441      7369676E 
 1441      65642069 
 1442              	.LASF11:
 1443 02bd 75696E74 		.ascii	"uint8_t\000"
 1443      385F7400 
 1444              	.LASF47:
 1445 02c5 55415254 		.ascii	"UART_1_GetRxBufferSize\000"
 1445      5F315F47 
 1445      65745278 
 1445      42756666 
 1445      65725369 
 1446              	.LASF31:
 1447 02dc 72616973 		.ascii	"raise_flag\000"
 1447      655F666C 
ARM GAS  C:\Users\Runeg\AppData\Local\Temp\ccsurNJc.s 			page 32


 1447      616700
 1448              	.LASF12:
 1449 02e7 696E7433 		.ascii	"int32_t\000"
 1449      325F7400 
 1450              	.LASF18:
 1451 02ef 73697A65 		.ascii	"sizetype\000"
 1451      74797065 
 1451      00
 1452              	.LASF20:
 1453 02f8 444D435F 		.ascii	"DMC_PACKET_CONTAINER_WEIGHT_MEASURED\000"
 1453      5041434B 
 1453      45545F43 
 1453      4F4E5441 
 1453      494E4552 
 1454              	.LASF26:
 1455 031d 646D635F 		.ascii	"dmc_packet_complete\000"
 1455      7061636B 
 1455      65745F63 
 1455      6F6D706C 
 1455      65746500 
 1456              	.LASF39:
 1457 0331 64697363 		.ascii	"discard_packet\000"
 1457      6172645F 
 1457      7061636B 
 1457      657400
 1458              	.LASF15:
 1459 0340 63686172 		.ascii	"char\000"
 1459      00
 1460              	.LASF23:
 1461 0345 74797065 		.ascii	"type\000"
 1461      00
 1462              	.LASF2:
 1463 034a 73686F72 		.ascii	"short int\000"
 1463      7420696E 
 1463      7400
 1464              	.LASF49:
 1465 0354 7061636B 		.ascii	"packet_uart.c\000"
 1465      65745F75 
 1465      6172742E 
 1465      6300
 1466              	.LASF6:
 1467 0362 6C6F6E67 		.ascii	"long int\000"
 1467      20696E74 
 1467      00
 1468              	.LASF52:
 1469 036b 646D635F 		.ascii	"dmc_packet\000"
 1469      7061636B 
 1469      657400
 1470              	.LASF17:
 1471 0376 6C6F6E67 		.ascii	"long double\000"
 1471      20646F75 
 1471      626C6500 
 1472              	.LASF0:
 1473 0382 7369676E 		.ascii	"signed char\000"
 1473      65642063 
 1473      68617200 
 1474              	.LASF14:
ARM GAS  C:\Users\Runeg\AppData\Local\Temp\ccsurNJc.s 			page 33


 1475 038e 646F7562 		.ascii	"double\000"
 1475      6C6500
 1476              	.LASF51:
 1477 0395 646D635F 		.ascii	"dmc_packet_type\000"
 1477      7061636B 
 1477      65745F74 
 1477      79706500 
 1478              	.LASF34:
 1479 03a5 62797465 		.ascii	"byteReceived\000"
 1479      52656365 
 1479      69766564 
 1479      00
 1480              		.ident	"GCC: (GNU Tools for ARM Embedded Processors) 5.4.1 20160609 (release) [ARM/embedded-5-bran
