ARM GAS  C:\Users\Runeg\AppData\Local\Temp\ccYkZ2lw.s 			page 1


   1              		.syntax unified
   2              		.cpu cortex-m3
   3              		.fpu softvfp
   4              		.eabi_attribute 20, 1
   5              		.eabi_attribute 21, 1
   6              		.eabi_attribute 23, 3
   7              		.eabi_attribute 24, 1
   8              		.eabi_attribute 25, 1
   9              		.eabi_attribute 26, 1
  10              		.eabi_attribute 30, 1
  11              		.eabi_attribute 34, 1
  12              		.eabi_attribute 18, 4
  13              		.thumb
  14              		.syntax unified
  15              		.file	"pc_uart.c"
  16              		.text
  17              	.Ltext0:
  18              		.cfi_sections	.debug_frame
  19              		.section	.text.echo_uart,"ax",%progbits
  20              		.align	2
  21              		.global	echo_uart
  22              		.thumb
  23              		.thumb_func
  24              		.type	echo_uart, %function
  25              	echo_uart:
  26              	.LFB75:
  27              		.file 1 "pc_uart.c"
   1:pc_uart.c     **** /* ========================================
   2:pc_uart.c     ****  *
   3:pc_uart.c     ****  * Copyright YOUR COMPANY, THE YEAR
   4:pc_uart.c     ****  * All Rights Reserved
   5:pc_uart.c     ****  * UNPUBLISHED, LICENSED SOFTWARE.
   6:pc_uart.c     ****  *
   7:pc_uart.c     ****  * CONFIDENTIAL AND PROPRIETARY INFORMATION
   8:pc_uart.c     ****  * WHICH IS THE PROPERTY OF your company.
   9:pc_uart.c     ****  *
  10:pc_uart.c     ****  * ========================================
  11:pc_uart.c     **** */
  12:pc_uart.c     **** #include "pc_uart.h"
  13:pc_uart.c     **** 
  14:pc_uart.c     **** 
  15:pc_uart.c     **** void echo_uart(const char* string)
  16:pc_uart.c     **** {
  28              		.loc 1 16 0
  29              		.cfi_startproc
  30              		@ args = 0, pretend = 0, frame = 0
  31              		@ frame_needed = 0, uses_anonymous_args = 0
  32              	.LVL0:
  33 0000 08B5     		push	{r3, lr}
  34              		.cfi_def_cfa_offset 8
  35              		.cfi_offset 3, -8
  36              		.cfi_offset 14, -4
  17:pc_uart.c     ****     UART_1_PutStringConst(string);
  37              		.loc 1 17 0
  38 0002 FFF7FEFF 		bl	UART_1_PutString
  39              	.LVL1:
  40 0006 08BD     		pop	{r3, pc}
ARM GAS  C:\Users\Runeg\AppData\Local\Temp\ccYkZ2lw.s 			page 2


  41              		.cfi_endproc
  42              	.LFE75:
  43              		.size	echo_uart, .-echo_uart
  44              		.text
  45              	.Letext0:
  46              		.file 2 "c:\\program files (x86)\\cypress\\psoc creator\\4.4\\psoc creator\\import\\gnu\\arm\\5.4.
  47              		.file 3 "c:\\program files (x86)\\cypress\\psoc creator\\4.4\\psoc creator\\import\\gnu\\arm\\5.4.
  48              		.file 4 "Generated_Source\\PSoC5/core_cm3.h"
  49              		.file 5 "Generated_Source\\PSoC5/UART_1.h"
  50              		.section	.debug_info,"",%progbits
  51              	.Ldebug_info0:
  52 0000 FE000000 		.4byte	0xfe
  53 0004 0400     		.2byte	0x4
  54 0006 00000000 		.4byte	.Ldebug_abbrev0
  55 000a 04       		.byte	0x4
  56 000b 01       		.uleb128 0x1
  57 000c 2E000000 		.4byte	.LASF16
  58 0010 0C       		.byte	0xc
  59 0011 AE010000 		.4byte	.LASF17
  60 0015 4E010000 		.4byte	.LASF18
  61 0019 00000000 		.4byte	.Ldebug_ranges0+0
  62 001d 00000000 		.4byte	0
  63 0021 00000000 		.4byte	.Ldebug_line0
  64 0025 02       		.uleb128 0x2
  65 0026 01       		.byte	0x1
  66 0027 06       		.byte	0x6
  67 0028 36010000 		.4byte	.LASF0
  68 002c 02       		.uleb128 0x2
  69 002d 01       		.byte	0x1
  70 002e 08       		.byte	0x8
  71 002f F6000000 		.4byte	.LASF1
  72 0033 02       		.uleb128 0x2
  73 0034 02       		.byte	0x2
  74 0035 05       		.byte	0x5
  75 0036 A4010000 		.4byte	.LASF2
  76 003a 02       		.uleb128 0x2
  77 003b 02       		.byte	0x2
  78 003c 07       		.byte	0x7
  79 003d 0E000000 		.4byte	.LASF3
  80 0041 03       		.uleb128 0x3
  81 0042 94010000 		.4byte	.LASF9
  82 0046 02       		.byte	0x2
  83 0047 3F       		.byte	0x3f
  84 0048 4C000000 		.4byte	0x4c
  85 004c 02       		.uleb128 0x2
  86 004d 04       		.byte	0x4
  87 004e 05       		.byte	0x5
  88 004f 10010000 		.4byte	.LASF4
  89 0053 02       		.uleb128 0x2
  90 0054 04       		.byte	0x4
  91 0055 07       		.byte	0x7
  92 0056 BC000000 		.4byte	.LASF5
  93 005a 02       		.uleb128 0x2
  94 005b 08       		.byte	0x8
  95 005c 05       		.byte	0x5
  96 005d 00000000 		.4byte	.LASF6
  97 0061 02       		.uleb128 0x2
ARM GAS  C:\Users\Runeg\AppData\Local\Temp\ccYkZ2lw.s 			page 3


  98 0062 08       		.byte	0x8
  99 0063 07       		.byte	0x7
 100 0064 CE000000 		.4byte	.LASF7
 101 0068 04       		.uleb128 0x4
 102 0069 04       		.byte	0x4
 103 006a 05       		.byte	0x5
 104 006b 696E7400 		.ascii	"int\000"
 105 006f 02       		.uleb128 0x2
 106 0070 04       		.byte	0x4
 107 0071 07       		.byte	0x7
 108 0072 21000000 		.4byte	.LASF8
 109 0076 03       		.uleb128 0x3
 110 0077 B8010000 		.4byte	.LASF10
 111 007b 03       		.byte	0x3
 112 007c 2C       		.byte	0x2c
 113 007d 41000000 		.4byte	0x41
 114 0081 02       		.uleb128 0x2
 115 0082 04       		.byte	0x4
 116 0083 04       		.byte	0x4
 117 0084 9E010000 		.4byte	.LASF11
 118 0088 02       		.uleb128 0x2
 119 0089 08       		.byte	0x8
 120 008a 04       		.byte	0x4
 121 008b 19010000 		.4byte	.LASF12
 122 008f 02       		.uleb128 0x2
 123 0090 01       		.byte	0x1
 124 0091 08       		.byte	0x8
 125 0092 04010000 		.4byte	.LASF13
 126 0096 02       		.uleb128 0x2
 127 0097 08       		.byte	0x8
 128 0098 04       		.byte	0x4
 129 0099 42010000 		.4byte	.LASF14
 130 009d 02       		.uleb128 0x2
 131 009e 04       		.byte	0x4
 132 009f 07       		.byte	0x7
 133 00a0 20010000 		.4byte	.LASF15
 134 00a4 05       		.uleb128 0x5
 135 00a5 04       		.byte	0x4
 136 00a6 AA000000 		.4byte	0xaa
 137 00aa 06       		.uleb128 0x6
 138 00ab 8F000000 		.4byte	0x8f
 139 00af 07       		.uleb128 0x7
 140 00b0 C0010000 		.4byte	.LASF19
 141 00b4 01       		.byte	0x1
 142 00b5 0F       		.byte	0xf
 143 00b6 00000000 		.4byte	.LFB75
 144 00ba 08000000 		.4byte	.LFE75-.LFB75
 145 00be 01       		.uleb128 0x1
 146 00bf 9C       		.byte	0x9c
 147 00c0 E5000000 		.4byte	0xe5
 148 00c4 08       		.uleb128 0x8
 149 00c5 09010000 		.4byte	.LASF20
 150 00c9 01       		.byte	0x1
 151 00ca 0F       		.byte	0xf
 152 00cb A4000000 		.4byte	0xa4
 153 00cf 00000000 		.4byte	.LLST0
 154 00d3 09       		.uleb128 0x9
ARM GAS  C:\Users\Runeg\AppData\Local\Temp\ccYkZ2lw.s 			page 4


 155 00d4 06000000 		.4byte	.LVL1
 156 00d8 F6000000 		.4byte	0xf6
 157 00dc 0A       		.uleb128 0xa
 158 00dd 01       		.uleb128 0x1
 159 00de 50       		.byte	0x50
 160 00df 03       		.uleb128 0x3
 161 00e0 F3       		.byte	0xf3
 162 00e1 01       		.uleb128 0x1
 163 00e2 50       		.byte	0x50
 164 00e3 00       		.byte	0
 165 00e4 00       		.byte	0
 166 00e5 0B       		.uleb128 0xb
 167 00e6 29010000 		.4byte	.LASF21
 168 00ea 04       		.byte	0x4
 169 00eb 1207     		.2byte	0x712
 170 00ed F1000000 		.4byte	0xf1
 171 00f1 0C       		.uleb128 0xc
 172 00f2 76000000 		.4byte	0x76
 173 00f6 0D       		.uleb128 0xd
 174 00f7 E5000000 		.4byte	.LASF22
 175 00fb E5000000 		.4byte	.LASF22
 176 00ff 05       		.byte	0x5
 177 0100 8B       		.byte	0x8b
 178 0101 00       		.byte	0
 179              		.section	.debug_abbrev,"",%progbits
 180              	.Ldebug_abbrev0:
 181 0000 01       		.uleb128 0x1
 182 0001 11       		.uleb128 0x11
 183 0002 01       		.byte	0x1
 184 0003 25       		.uleb128 0x25
 185 0004 0E       		.uleb128 0xe
 186 0005 13       		.uleb128 0x13
 187 0006 0B       		.uleb128 0xb
 188 0007 03       		.uleb128 0x3
 189 0008 0E       		.uleb128 0xe
 190 0009 1B       		.uleb128 0x1b
 191 000a 0E       		.uleb128 0xe
 192 000b 55       		.uleb128 0x55
 193 000c 17       		.uleb128 0x17
 194 000d 11       		.uleb128 0x11
 195 000e 01       		.uleb128 0x1
 196 000f 10       		.uleb128 0x10
 197 0010 17       		.uleb128 0x17
 198 0011 00       		.byte	0
 199 0012 00       		.byte	0
 200 0013 02       		.uleb128 0x2
 201 0014 24       		.uleb128 0x24
 202 0015 00       		.byte	0
 203 0016 0B       		.uleb128 0xb
 204 0017 0B       		.uleb128 0xb
 205 0018 3E       		.uleb128 0x3e
 206 0019 0B       		.uleb128 0xb
 207 001a 03       		.uleb128 0x3
 208 001b 0E       		.uleb128 0xe
 209 001c 00       		.byte	0
 210 001d 00       		.byte	0
 211 001e 03       		.uleb128 0x3
ARM GAS  C:\Users\Runeg\AppData\Local\Temp\ccYkZ2lw.s 			page 5


 212 001f 16       		.uleb128 0x16
 213 0020 00       		.byte	0
 214 0021 03       		.uleb128 0x3
 215 0022 0E       		.uleb128 0xe
 216 0023 3A       		.uleb128 0x3a
 217 0024 0B       		.uleb128 0xb
 218 0025 3B       		.uleb128 0x3b
 219 0026 0B       		.uleb128 0xb
 220 0027 49       		.uleb128 0x49
 221 0028 13       		.uleb128 0x13
 222 0029 00       		.byte	0
 223 002a 00       		.byte	0
 224 002b 04       		.uleb128 0x4
 225 002c 24       		.uleb128 0x24
 226 002d 00       		.byte	0
 227 002e 0B       		.uleb128 0xb
 228 002f 0B       		.uleb128 0xb
 229 0030 3E       		.uleb128 0x3e
 230 0031 0B       		.uleb128 0xb
 231 0032 03       		.uleb128 0x3
 232 0033 08       		.uleb128 0x8
 233 0034 00       		.byte	0
 234 0035 00       		.byte	0
 235 0036 05       		.uleb128 0x5
 236 0037 0F       		.uleb128 0xf
 237 0038 00       		.byte	0
 238 0039 0B       		.uleb128 0xb
 239 003a 0B       		.uleb128 0xb
 240 003b 49       		.uleb128 0x49
 241 003c 13       		.uleb128 0x13
 242 003d 00       		.byte	0
 243 003e 00       		.byte	0
 244 003f 06       		.uleb128 0x6
 245 0040 26       		.uleb128 0x26
 246 0041 00       		.byte	0
 247 0042 49       		.uleb128 0x49
 248 0043 13       		.uleb128 0x13
 249 0044 00       		.byte	0
 250 0045 00       		.byte	0
 251 0046 07       		.uleb128 0x7
 252 0047 2E       		.uleb128 0x2e
 253 0048 01       		.byte	0x1
 254 0049 3F       		.uleb128 0x3f
 255 004a 19       		.uleb128 0x19
 256 004b 03       		.uleb128 0x3
 257 004c 0E       		.uleb128 0xe
 258 004d 3A       		.uleb128 0x3a
 259 004e 0B       		.uleb128 0xb
 260 004f 3B       		.uleb128 0x3b
 261 0050 0B       		.uleb128 0xb
 262 0051 27       		.uleb128 0x27
 263 0052 19       		.uleb128 0x19
 264 0053 11       		.uleb128 0x11
 265 0054 01       		.uleb128 0x1
 266 0055 12       		.uleb128 0x12
 267 0056 06       		.uleb128 0x6
 268 0057 40       		.uleb128 0x40
ARM GAS  C:\Users\Runeg\AppData\Local\Temp\ccYkZ2lw.s 			page 6


 269 0058 18       		.uleb128 0x18
 270 0059 9742     		.uleb128 0x2117
 271 005b 19       		.uleb128 0x19
 272 005c 01       		.uleb128 0x1
 273 005d 13       		.uleb128 0x13
 274 005e 00       		.byte	0
 275 005f 00       		.byte	0
 276 0060 08       		.uleb128 0x8
 277 0061 05       		.uleb128 0x5
 278 0062 00       		.byte	0
 279 0063 03       		.uleb128 0x3
 280 0064 0E       		.uleb128 0xe
 281 0065 3A       		.uleb128 0x3a
 282 0066 0B       		.uleb128 0xb
 283 0067 3B       		.uleb128 0x3b
 284 0068 0B       		.uleb128 0xb
 285 0069 49       		.uleb128 0x49
 286 006a 13       		.uleb128 0x13
 287 006b 02       		.uleb128 0x2
 288 006c 17       		.uleb128 0x17
 289 006d 00       		.byte	0
 290 006e 00       		.byte	0
 291 006f 09       		.uleb128 0x9
 292 0070 898201   		.uleb128 0x4109
 293 0073 01       		.byte	0x1
 294 0074 11       		.uleb128 0x11
 295 0075 01       		.uleb128 0x1
 296 0076 31       		.uleb128 0x31
 297 0077 13       		.uleb128 0x13
 298 0078 00       		.byte	0
 299 0079 00       		.byte	0
 300 007a 0A       		.uleb128 0xa
 301 007b 8A8201   		.uleb128 0x410a
 302 007e 00       		.byte	0
 303 007f 02       		.uleb128 0x2
 304 0080 18       		.uleb128 0x18
 305 0081 9142     		.uleb128 0x2111
 306 0083 18       		.uleb128 0x18
 307 0084 00       		.byte	0
 308 0085 00       		.byte	0
 309 0086 0B       		.uleb128 0xb
 310 0087 34       		.uleb128 0x34
 311 0088 00       		.byte	0
 312 0089 03       		.uleb128 0x3
 313 008a 0E       		.uleb128 0xe
 314 008b 3A       		.uleb128 0x3a
 315 008c 0B       		.uleb128 0xb
 316 008d 3B       		.uleb128 0x3b
 317 008e 05       		.uleb128 0x5
 318 008f 49       		.uleb128 0x49
 319 0090 13       		.uleb128 0x13
 320 0091 3F       		.uleb128 0x3f
 321 0092 19       		.uleb128 0x19
 322 0093 3C       		.uleb128 0x3c
 323 0094 19       		.uleb128 0x19
 324 0095 00       		.byte	0
 325 0096 00       		.byte	0
ARM GAS  C:\Users\Runeg\AppData\Local\Temp\ccYkZ2lw.s 			page 7


 326 0097 0C       		.uleb128 0xc
 327 0098 35       		.uleb128 0x35
 328 0099 00       		.byte	0
 329 009a 49       		.uleb128 0x49
 330 009b 13       		.uleb128 0x13
 331 009c 00       		.byte	0
 332 009d 00       		.byte	0
 333 009e 0D       		.uleb128 0xd
 334 009f 2E       		.uleb128 0x2e
 335 00a0 00       		.byte	0
 336 00a1 3F       		.uleb128 0x3f
 337 00a2 19       		.uleb128 0x19
 338 00a3 3C       		.uleb128 0x3c
 339 00a4 19       		.uleb128 0x19
 340 00a5 6E       		.uleb128 0x6e
 341 00a6 0E       		.uleb128 0xe
 342 00a7 03       		.uleb128 0x3
 343 00a8 0E       		.uleb128 0xe
 344 00a9 3A       		.uleb128 0x3a
 345 00aa 0B       		.uleb128 0xb
 346 00ab 3B       		.uleb128 0x3b
 347 00ac 0B       		.uleb128 0xb
 348 00ad 00       		.byte	0
 349 00ae 00       		.byte	0
 350 00af 00       		.byte	0
 351              		.section	.debug_loc,"",%progbits
 352              	.Ldebug_loc0:
 353              	.LLST0:
 354 0000 00000000 		.4byte	.LVL0
 355 0004 05000000 		.4byte	.LVL1-1
 356 0008 0100     		.2byte	0x1
 357 000a 50       		.byte	0x50
 358 000b 05000000 		.4byte	.LVL1-1
 359 000f 08000000 		.4byte	.LFE75
 360 0013 0400     		.2byte	0x4
 361 0015 F3       		.byte	0xf3
 362 0016 01       		.uleb128 0x1
 363 0017 50       		.byte	0x50
 364 0018 9F       		.byte	0x9f
 365 0019 00000000 		.4byte	0
 366 001d 00000000 		.4byte	0
 367              		.section	.debug_aranges,"",%progbits
 368 0000 1C000000 		.4byte	0x1c
 369 0004 0200     		.2byte	0x2
 370 0006 00000000 		.4byte	.Ldebug_info0
 371 000a 04       		.byte	0x4
 372 000b 00       		.byte	0
 373 000c 0000     		.2byte	0
 374 000e 0000     		.2byte	0
 375 0010 00000000 		.4byte	.LFB75
 376 0014 08000000 		.4byte	.LFE75-.LFB75
 377 0018 00000000 		.4byte	0
 378 001c 00000000 		.4byte	0
 379              		.section	.debug_ranges,"",%progbits
 380              	.Ldebug_ranges0:
 381 0000 00000000 		.4byte	.LFB75
 382 0004 08000000 		.4byte	.LFE75
ARM GAS  C:\Users\Runeg\AppData\Local\Temp\ccYkZ2lw.s 			page 8


 383 0008 00000000 		.4byte	0
 384 000c 00000000 		.4byte	0
 385              		.section	.debug_line,"",%progbits
 386              	.Ldebug_line0:
 387 0000 64010000 		.section	.debug_str,"MS",%progbits,1
 387      02004E01 
 387      00000201 
 387      FB0E0D00 
 387      01010101 
 388              	.LASF6:
 389 0000 6C6F6E67 		.ascii	"long long int\000"
 389      206C6F6E 
 389      6720696E 
 389      7400
 390              	.LASF3:
 391 000e 73686F72 		.ascii	"short unsigned int\000"
 391      7420756E 
 391      7369676E 
 391      65642069 
 391      6E7400
 392              	.LASF8:
 393 0021 756E7369 		.ascii	"unsigned int\000"
 393      676E6564 
 393      20696E74 
 393      00
 394              	.LASF16:
 395 002e 474E5520 		.ascii	"GNU C11 5.4.1 20160609 (release) [ARM/embedded-5-br"
 395      43313120 
 395      352E342E 
 395      31203230 
 395      31363036 
 396 0061 616E6368 		.ascii	"anch revision 237715] -mcpu=cortex-m3 -mthumb -g -O"
 396      20726576 
 396      6973696F 
 396      6E203233 
 396      37373135 
 397 0094 67202D66 		.ascii	"g -ffunction-sections -ffat-lto-objects\000"
 397      66756E63 
 397      74696F6E 
 397      2D736563 
 397      74696F6E 
 398              	.LASF5:
 399 00bc 6C6F6E67 		.ascii	"long unsigned int\000"
 399      20756E73 
 399      69676E65 
 399      6420696E 
 399      7400
 400              	.LASF7:
 401 00ce 6C6F6E67 		.ascii	"long long unsigned int\000"
 401      206C6F6E 
 401      6720756E 
 401      7369676E 
 401      65642069 
 402              	.LASF22:
 403 00e5 55415254 		.ascii	"UART_1_PutString\000"
 403      5F315F50 
 403      75745374 
ARM GAS  C:\Users\Runeg\AppData\Local\Temp\ccYkZ2lw.s 			page 9


 403      72696E67 
 403      00
 404              	.LASF1:
 405 00f6 756E7369 		.ascii	"unsigned char\000"
 405      676E6564 
 405      20636861 
 405      7200
 406              	.LASF13:
 407 0104 63686172 		.ascii	"char\000"
 407      00
 408              	.LASF20:
 409 0109 73747269 		.ascii	"string\000"
 409      6E6700
 410              	.LASF4:
 411 0110 6C6F6E67 		.ascii	"long int\000"
 411      20696E74 
 411      00
 412              	.LASF12:
 413 0119 646F7562 		.ascii	"double\000"
 413      6C6500
 414              	.LASF15:
 415 0120 73697A65 		.ascii	"sizetype\000"
 415      74797065 
 415      00
 416              	.LASF21:
 417 0129 49544D5F 		.ascii	"ITM_RxBuffer\000"
 417      52784275 
 417      66666572 
 417      00
 418              	.LASF0:
 419 0136 7369676E 		.ascii	"signed char\000"
 419      65642063 
 419      68617200 
 420              	.LASF14:
 421 0142 6C6F6E67 		.ascii	"long double\000"
 421      20646F75 
 421      626C6500 
 422              	.LASF18:
 423 014e 433A5C6B 		.ascii	"C:\\kode til PRJ3\\semesterproject3\\source\\psoc\\"
 423      6F646520 
 423      74696C20 
 423      50524A33 
 423      5C73656D 
 424 017c 646D632D 		.ascii	"dmc-psoc\\dmc-psoc.cydsn\000"
 424      70736F63 
 424      5C646D63 
 424      2D70736F 
 424      632E6379 
 425              	.LASF9:
 426 0194 5F5F696E 		.ascii	"__int32_t\000"
 426      7433325F 
 426      7400
 427              	.LASF11:
 428 019e 666C6F61 		.ascii	"float\000"
 428      7400
 429              	.LASF2:
 430 01a4 73686F72 		.ascii	"short int\000"
ARM GAS  C:\Users\Runeg\AppData\Local\Temp\ccYkZ2lw.s 			page 10


 430      7420696E 
 430      7400
 431              	.LASF17:
 432 01ae 70635F75 		.ascii	"pc_uart.c\000"
 432      6172742E 
 432      6300
 433              	.LASF10:
 434 01b8 696E7433 		.ascii	"int32_t\000"
 434      325F7400 
 435              	.LASF19:
 436 01c0 6563686F 		.ascii	"echo_uart\000"
 436      5F756172 
 436      7400
 437              		.ident	"GCC: (GNU Tools for ARM Embedded Processors) 5.4.1 20160609 (release) [ARM/embedded-5-bran
