--------------- Clean Started: 11/15/2023 14:54:49 Project: dmc-psoc, Configuration: ARM GCC 5.4-2016-q2-update Debug ---------------
Deleting file ".\CortexM3\ARM_GCC_541\Debug\main.o"
Deleting file ".\CortexM3\ARM_GCC_541\Debug\timers.o"
Deleting file ".\CortexM3\ARM_GCC_541\Debug\job_queue.o"
Deleting file ".\CortexM3\ARM_GCC_541\Debug\pump.o"
Deleting file ".\CortexM3\ARM_GCC_541\Debug\cyfitter_cfg.o"
Deleting file ".\CortexM3\ARM_GCC_541\Debug\cymetadata.o"
Deleting file ".\CortexM3\ARM_GCC_541\Debug\UART_1.o"
Deleting file ".\CortexM3\ARM_GCC_541\Debug\UART_1_PM.o"
Deleting file ".\CortexM3\ARM_GCC_541\Debug\UART_1_INT.o"
Deleting file ".\CortexM3\ARM_GCC_541\Debug\UART_1_BOOT.o"
Deleting file ".\CortexM3\ARM_GCC_541\Debug\isr_uart_rx.o"
Deleting file ".\CortexM3\ARM_GCC_541\Debug\UART_1_IntClock.o"
Deleting file ".\CortexM3\ARM_GCC_541\Debug\Cm3Start.o"
Deleting file ".\CortexM3\ARM_GCC_541\Debug\CyBootAsmGnu.o"
Deleting file ".\CortexM3\ARM_GCC_541\Debug\CyDmac.o"
Deleting file ".\CortexM3\ARM_GCC_541\Debug\CyFlash.o"
Deleting file ".\CortexM3\ARM_GCC_541\Debug\CyLib.o"
Deleting file ".\CortexM3\ARM_GCC_541\Debug\cyPm.o"
Deleting file ".\CortexM3\ARM_GCC_541\Debug\CySpc.o"
Deleting file ".\CortexM3\ARM_GCC_541\Debug\cyutils.o"
Deleting file ".\CortexM3\ARM_GCC_541\Debug\cy_em_eeprom.o"
Deleting file ".\CortexM3\ARM_GCC_541\Debug\check_weight_timer.o"
Deleting file ".\CortexM3\ARM_GCC_541\Debug\check_weight_timer_PM.o"
Deleting file ".\CortexM3\ARM_GCC_541\Debug\pump_timer_clock_1.o"
Deleting file ".\CortexM3\ARM_GCC_541\Debug\pump_timer_1.o"
Deleting file ".\CortexM3\ARM_GCC_541\Debug\pump_timer_1_PM.o"
Deleting file ".\CortexM3\ARM_GCC_541\Debug\pump_timer_clock_3.o"
Deleting file ".\CortexM3\ARM_GCC_541\Debug\isr_pump_timer_2.o"
Deleting file ".\CortexM3\ARM_GCC_541\Debug\pump_timer_clock_2.o"
Deleting file ".\CortexM3\ARM_GCC_541\Debug\pump_timer_2.o"
Deleting file ".\CortexM3\ARM_GCC_541\Debug\pump_timer_2_PM.o"
Deleting file ".\CortexM3\ARM_GCC_541\Debug\isr_pump_timer_1.o"
Deleting file ".\CortexM3\ARM_GCC_541\Debug\pump_timer_3.o"
Deleting file ".\CortexM3\ARM_GCC_541\Debug\pump_timer_3_PM.o"
Deleting file ".\CortexM3\ARM_GCC_541\Debug\isr_pump_timer_3.o"
Deleting file ".\CortexM3\ARM_GCC_541\Debug\check_weight_timer_clock.o"
Deleting file ".\CortexM3\ARM_GCC_541\Debug\isr_check_weight_timer.o"
Deleting file ".\CortexM3\ARM_GCC_541\Debug\dmc-psoc.hex"
Deleting file ".\CortexM3\ARM_GCC_541\Debug\dmc-psoc.map"
Deleting file ".\dmc-psoc.cycdx"
Deleting file ".\dmc-psoc.svd"
Deleting file ".\dmc-psoc.rpt"
Deleting file ".\dmc-psoc_timing.html"
Deleting file ".\CortexM3\ARM_GCC_541\Debug\.deps\SOURCE_C__ARM_GCC_GENERIC.P"
Deleting file ".\CortexM3\ARM_GCC_541\Debug\.deps\SOURCE_ASM__ARM_GCC_GENERIC.P"
--------------- Clean Succeeded: 11/15/2023 14:54:49 ---------------
